[11:15:20] [Controller][INFO] -> LOG SEVERYTY: HIGH

[11:15:20] [Controller][INFO] -> CONTROLLER LAUNCHED

[11:15:20] [Controller][INFO] ->  >>>>>> NEW ALGORITHM CYCLE <<<<<< 
[11:15:20] [Controller][INFO] -> --MODE: Mode.EXPLORING
[11:15:20] [Controller][INFO] -> --ACTIONS: [<Command.START: -1>]
[11:15:20] [Controller][INFO] -> --CURRENT NODE: [ Name: root, Type: Type.OBSERVED, Action: None, Parent: None, Left: None, Mid: None, Right: None ]
[11:15:20] [Controller][DEBUG] -> --CURRENT TREE:
[11:15:20][NOHEADER] -> {'root': {}}

[11:15:20] [Controller][DEBUG] -> --CURRENT NODE: [ Name: root, Type: Type.OBSERVED, Action: None, Parent: None, Left: None, Mid: None, Right: None ]
[11:15:20] [Controller][INFO] -> --Available actions: [<Command.START: -1>]
[11:15:20] [Controller][DEBUG] -> --(STATE, POSITION): (State.STARTING, Position.CORRIDOR)
[11:15:20] [Controller][DEBUG] -> --Performing action: Command.START

[11:15:20] [Controller][DEBUG] ->  ~~~ [ACTION TIME] ~~~ 
[11:15:20] [Controller][DEBUG] ->  ** COMMAND START ** 
[11:15:20] [Controller][DEBUG] -> --(STATE, POSITION): (State.STARTING, Position.CORRIDOR)

[11:15:21] [Controller][INFO] ->  >>>>>> NEW ALGORITHM CYCLE <<<<<< 
[11:15:21] [Controller][DEBUG] -> Control policy EXPLORING
[11:15:21] [Controller][INFO] -> --MODE: Mode.EXPLORING
[11:15:21] [Controller][INFO] -> --ACTIONS: [<Compass.NORD: 90.0>]
[11:15:21] [Controller][INFO] -> --CURRENT NODE: [ Name: root, Type: Type.OBSERVED, Action: None, Parent: None, Left: None, Mid: None, Right: None ]

[11:15:21] [Controller][DEBUG] -> *** 1) UPDATING TREE (MODE EXPLORING) ***
[11:15:21] [Controller][INFO] -> ADDED MID

[11:15:21] [Controller][DEBUG] -> *** 2) UPDATING TREE (MODE EXPLORING) ***
[11:15:21] [Controller][DEBUG] -> --CURRENT TREE:
[11:15:21][NOHEADER] -> {'root': {'M_n1': ' (M , N , O )'}, 'M_n1': {}}

[11:15:21] [Controller][DEBUG] -> --CURRENT NODE: [ Name: M_n1, Type: Type.OBSERVED, Action: 90.0, Parent: root, Left: None, Mid: None, Right: None ]
[11:15:21] [Controller][INFO] -> --Available actions: [<Compass.NORD: 90.0>]
[11:15:21] [Controller][DEBUG] -> --(STATE, POSITION): (State.SENSING, Position.CORRIDOR)
[11:15:21] [Controller][DEBUG] -> --Performing action: 90.0

[11:15:21] [Controller][DEBUG] ->  ~~~ [ACTION TIME] ~~~ 
[11:15:21] [Controller][DEBUG] ->  ** COMMAND RUN ** 
[11:15:21] [Controller][DEBUG] -> --(STATE, POSITION): (State.RUNNING, Position.CORRIDOR)

[11:15:21] [Controller][INFO] ->  >>>>>> NEW ALGORITHM CYCLE <<<<<< 
[11:15:21] [Controller][INFO] -> --MODE: Mode.EXPLORING
[11:15:21] [Controller][INFO] -> --ACTIONS: [<Command.RUN: 1>]
[11:15:21] [Controller][INFO] -> --CURRENT NODE: [ Name: M_n1, Type: Type.OBSERVED, Action: 90.0, Parent: root, Left: None, Mid: None, Right: None ]
[11:15:21] [Controller][DEBUG] -> --CURRENT TREE:
[11:15:21][NOHEADER] -> {'root': {'M_n1': ' (M , N , O )'}, 'M_n1': {}}

[11:15:21] [Controller][DEBUG] -> --CURRENT NODE: [ Name: M_n1, Type: Type.OBSERVED, Action: 90.0, Parent: root, Left: None, Mid: None, Right: None ]
[11:15:21] [Controller][INFO] -> --Available actions: [<Command.RUN: 1>]
[11:15:21] [Controller][DEBUG] -> --(STATE, POSITION): (State.RUNNING, Position.CORRIDOR)
[11:15:21] [Controller][DEBUG] -> --Performing action: Command.RUN

[11:15:21] [Controller][DEBUG] ->  ~~~ [ACTION TIME] ~~~ 
[11:15:21] [Controller][DEBUG] ->  ** COMMAND RUN ** 
[11:15:21] [Controller][DEBUG] -> --(STATE, POSITION): (State.RUNNING, Position.CORRIDOR)

[11:15:21] [Controller][INFO] ->  >>>>>> NEW ALGORITHM CYCLE <<<<<< 
[11:15:21] [Controller][INFO] -> --MODE: Mode.EXPLORING
[11:15:21] [Controller][INFO] -> --ACTIONS: [<Command.RUN: 1>]
[11:15:21] [Controller][INFO] -> --CURRENT NODE: [ Name: M_n1, Type: Type.OBSERVED, Action: 90.0, Parent: root, Left: None, Mid: None, Right: None ]
[11:15:21] [Controller][DEBUG] -> --CURRENT TREE:
[11:15:21][NOHEADER] -> {'root': {'M_n1': ' (M , N , O )'}, 'M_n1': {}}

[11:15:21] [Controller][DEBUG] -> --CURRENT NODE: [ Name: M_n1, Type: Type.OBSERVED, Action: 90.0, Parent: root, Left: None, Mid: None, Right: None ]
[11:15:21] [Controller][INFO] -> --Available actions: [<Command.RUN: 1>]
[11:15:21] [Controller][DEBUG] -> --(STATE, POSITION): (State.RUNNING, Position.CORRIDOR)
[11:15:21] [Controller][DEBUG] -> --Performing action: Command.RUN

[11:15:21] [Controller][DEBUG] ->  ~~~ [ACTION TIME] ~~~ 
[11:15:21] [Controller][DEBUG] ->  ** COMMAND RUN ** 
[11:15:21] [Controller][DEBUG] -> --(STATE, POSITION): (State.RUNNING, Position.CORRIDOR)

[11:15:21] [Controller][INFO] ->  >>>>>> NEW ALGORITHM CYCLE <<<<<< 
[11:15:21] [Controller][INFO] -> --MODE: Mode.EXPLORING
[11:15:21] [Controller][INFO] -> --ACTIONS: [<Command.RUN: 1>]
[11:15:21] [Controller][INFO] -> --CURRENT NODE: [ Name: M_n1, Type: Type.OBSERVED, Action: 90.0, Parent: root, Left: None, Mid: None, Right: None ]
[11:15:21] [Controller][DEBUG] -> --CURRENT TREE:
[11:15:21][NOHEADER] -> {'root': {'M_n1': ' (M , N , O )'}, 'M_n1': {}}

[11:15:21] [Controller][DEBUG] -> --CURRENT NODE: [ Name: M_n1, Type: Type.OBSERVED, Action: 90.0, Parent: root, Left: None, Mid: None, Right: None ]
[11:15:21] [Controller][INFO] -> --Available actions: [<Command.RUN: 1>]
[11:15:21] [Controller][DEBUG] -> --(STATE, POSITION): (State.RUNNING, Position.CORRIDOR)
[11:15:21] [Controller][DEBUG] -> --Performing action: Command.RUN

[11:15:21] [Controller][DEBUG] ->  ~~~ [ACTION TIME] ~~~ 
[11:15:21] [Controller][DEBUG] ->  ** COMMAND RUN ** 
[11:15:21] [Controller][DEBUG] -> --(STATE, POSITION): (State.RUNNING, Position.CORRIDOR)

[11:15:21] [Controller][INFO] ->  >>>>>> NEW ALGORITHM CYCLE <<<<<< 
[11:15:21] [Controller][INFO] -> --MODE: Mode.EXPLORING
[11:15:21] [Controller][INFO] -> --ACTIONS: [<Command.RUN: 1>]
[11:15:21] [Controller][INFO] -> --CURRENT NODE: [ Name: M_n1, Type: Type.OBSERVED, Action: 90.0, Parent: root, Left: None, Mid: None, Right: None ]
[11:15:21] [Controller][DEBUG] -> --CURRENT TREE:
[11:15:21][NOHEADER] -> {'root': {'M_n1': ' (M , N , O )'}, 'M_n1': {}}

[11:15:21] [Controller][DEBUG] -> --CURRENT NODE: [ Name: M_n1, Type: Type.OBSERVED, Action: 90.0, Parent: root, Left: None, Mid: None, Right: None ]
[11:15:21] [Controller][INFO] -> --Available actions: [<Command.RUN: 1>]
[11:15:21] [Controller][DEBUG] -> --(STATE, POSITION): (State.RUNNING, Position.CORRIDOR)
[11:15:21] [Controller][DEBUG] -> --Performing action: Command.RUN

[11:15:21] [Controller][DEBUG] ->  ~~~ [ACTION TIME] ~~~ 
[11:15:21] [Controller][DEBUG] ->  ** COMMAND RUN ** 
[11:15:21] [Controller][DEBUG] -> --(STATE, POSITION): (State.RUNNING, Position.CORRIDOR)

[11:15:21] [Controller][INFO] ->  >>>>>> NEW ALGORITHM CYCLE <<<<<< 
[11:15:21] [Controller][INFO] -> --MODE: Mode.EXPLORING
[11:15:21] [Controller][INFO] -> --ACTIONS: [<Command.RUN: 1>]
[11:15:21] [Controller][INFO] -> --CURRENT NODE: [ Name: M_n1, Type: Type.OBSERVED, Action: 90.0, Parent: root, Left: None, Mid: None, Right: None ]
[11:15:21] [Controller][DEBUG] -> --CURRENT TREE:
[11:15:21][NOHEADER] -> {'root': {'M_n1': ' (M , N , O )'}, 'M_n1': {}}

[11:15:21] [Controller][DEBUG] -> --CURRENT NODE: [ Name: M_n1, Type: Type.OBSERVED, Action: 90.0, Parent: root, Left: None, Mid: None, Right: None ]
[11:15:21] [Controller][INFO] -> --Available actions: [<Command.RUN: 1>]
[11:15:21] [Controller][DEBUG] -> --(STATE, POSITION): (State.RUNNING, Position.CORRIDOR)
[11:15:21] [Controller][DEBUG] -> --Performing action: Command.RUN

[11:15:21] [Controller][DEBUG] ->  ~~~ [ACTION TIME] ~~~ 
[11:15:21] [Controller][DEBUG] ->  ** COMMAND RUN ** 
[11:15:21] [Controller][DEBUG] -> --(STATE, POSITION): (State.RUNNING, Position.CORRIDOR)

[11:15:21] [Controller][INFO] ->  >>>>>> NEW ALGORITHM CYCLE <<<<<< 
[11:15:21] [Controller][INFO] -> --MODE: Mode.EXPLORING
[11:15:21] [Controller][INFO] -> --ACTIONS: [<Command.RUN: 1>]
[11:15:21] [Controller][INFO] -> --CURRENT NODE: [ Name: M_n1, Type: Type.OBSERVED, Action: 90.0, Parent: root, Left: None, Mid: None, Right: None ]
[11:15:21] [Controller][DEBUG] -> --CURRENT TREE:
[11:15:21][NOHEADER] -> {'root': {'M_n1': ' (M , N , O )'}, 'M_n1': {}}

[11:15:21] [Controller][DEBUG] -> --CURRENT NODE: [ Name: M_n1, Type: Type.OBSERVED, Action: 90.0, Parent: root, Left: None, Mid: None, Right: None ]
[11:15:21] [Controller][INFO] -> --Available actions: [<Command.RUN: 1>]
[11:15:21] [Controller][DEBUG] -> --(STATE, POSITION): (State.RUNNING, Position.CORRIDOR)
[11:15:21] [Controller][DEBUG] -> --Performing action: Command.RUN

[11:15:21] [Controller][DEBUG] ->  ~~~ [ACTION TIME] ~~~ 
[11:15:21] [Controller][DEBUG] ->  ** COMMAND RUN ** 
[11:15:21] [Controller][DEBUG] -> --(STATE, POSITION): (State.RUNNING, Position.CORRIDOR)

[11:15:22] [Controller][INFO] ->  >>>>>> NEW ALGORITHM CYCLE <<<<<< 
[11:15:22] [Controller][INFO] -> --MODE: Mode.EXPLORING
[11:15:22] [Controller][INFO] -> --ACTIONS: [<Command.RUN: 1>]
[11:15:22] [Controller][INFO] -> --CURRENT NODE: [ Name: M_n1, Type: Type.OBSERVED, Action: 90.0, Parent: root, Left: None, Mid: None, Right: None ]
[11:15:22] [Controller][DEBUG] -> --CURRENT TREE:
[11:15:22][NOHEADER] -> {'root': {'M_n1': ' (M , N , O )'}, 'M_n1': {}}

[11:15:22] [Controller][DEBUG] -> --CURRENT NODE: [ Name: M_n1, Type: Type.OBSERVED, Action: 90.0, Parent: root, Left: None, Mid: None, Right: None ]
[11:15:22] [Controller][INFO] -> --Available actions: [<Command.RUN: 1>]
[11:15:22] [Controller][DEBUG] -> --(STATE, POSITION): (State.RUNNING, Position.CORRIDOR)
[11:15:22] [Controller][DEBUG] -> --Performing action: Command.RUN

[11:15:22] [Controller][DEBUG] ->  ~~~ [ACTION TIME] ~~~ 
[11:15:22] [Controller][DEBUG] ->  ** COMMAND RUN ** 
[11:15:22] [Controller][DEBUG] -> --(STATE, POSITION): (State.RUNNING, Position.CORRIDOR)

[11:15:22] [Controller][INFO] ->  >>>>>> NEW ALGORITHM CYCLE <<<<<< 
[11:15:22] [Controller][INFO] -> --MODE: Mode.EXPLORING
[11:15:22] [Controller][INFO] -> --ACTIONS: [<Command.GO_TO_JUNCTION: 3>]
[11:15:22] [Controller][INFO] -> --CURRENT NODE: [ Name: M_n1, Type: Type.OBSERVED, Action: 90.0, Parent: root, Left: None, Mid: None, Right: None ]
[11:15:22] [Controller][DEBUG] -> --CURRENT TREE:
[11:15:22][NOHEADER] -> {'root': {'M_n1': ' (M , N , O )'}, 'M_n1': {}}

[11:15:22] [Controller][DEBUG] -> --CURRENT NODE: [ Name: M_n1, Type: Type.OBSERVED, Action: 90.0, Parent: root, Left: None, Mid: None, Right: None ]
[11:15:22] [Controller][INFO] -> --Available actions: [<Command.GO_TO_JUNCTION: 3>]
[11:15:22] [Controller][DEBUG] -> --(STATE, POSITION): (State.RUNNING, Position.CORRIDOR)
[11:15:22] [Controller][DEBUG] -> --Performing action: Command.GO_TO_JUNCTION

[11:15:22] [Controller][DEBUG] ->  ~~~ [ACTION TIME] ~~~ 
[11:15:22] [Controller][DEBUG] ->  ** JOINING THE JUNCTION ** 
[11:15:22] [Controller][DEBUG] ->  ** STATE SENSING ARISE ** 
[11:15:22] [Controller][DEBUG] -> --(STATE, POSITION): (State.SENSING, Position.JUNCTION)

[11:15:22] [Controller][INFO] ->  >>>>>> NEW ALGORITHM CYCLE <<<<<< 
[11:15:22] [Controller][DEBUG] -> Control policy EXPLORING
[11:15:22] [Controller][INFO] -> --MODE: Mode.EXPLORING
[11:15:22] [Controller][INFO] -> --ACTIONS: [<Compass.OVEST: 180.0>]
[11:15:22] [Controller][INFO] -> --CURRENT NODE: [ Name: M_n1, Type: Type.OBSERVED, Action: 90.0, Parent: root, Left: None, Mid: None, Right: None ]

[11:15:22] [Controller][DEBUG] -> *** 1) UPDATING TREE (MODE EXPLORING) ***
[11:15:22] [Controller][INFO] -> ADDED LEFT

[11:15:22] [Controller][DEBUG] -> *** 2) UPDATING TREE (MODE EXPLORING) ***
[11:15:22] [Controller][DEBUG] -> --CURRENT TREE:
[11:15:22][NOHEADER] -> {'root': {'M_n1': ' (M , N , E )'}, 'M_n1': {'L_n2': ' (L , O , O)'}, 'L_n2': {}}

[11:15:22] [Controller][DEBUG] -> --CURRENT NODE: [ Name: L_n2, Type: Type.OBSERVED, Action: 180.0, Parent: M_n1, Left: None, Mid: None, Right: None ]
[11:15:22] [Controller][INFO] -> --Available actions: [<Compass.OVEST: 180.0>]
[11:15:22] [Controller][DEBUG] -> --(STATE, POSITION): (State.SENSING, Position.JUNCTION)
[11:15:22] [Controller][DEBUG] -> --Performing action: 180.0

[11:15:22] [Controller][DEBUG] ->  ~~~ [ACTION TIME] ~~~ 
[11:15:22] [Controller][DEBUG] ->  ** COMMAND ROTATE ** 

[11:15:22] [Controller][DEBUG] ->  ** BEST ANGLE COMPUTATION ** 
[11:15:22] [Controller][DEBUG] ->  >> Rotate anti-clockwise (LEFT) of 89.8318°

[11:15:26] [Controller][DEBUG] ->  ** ORIENTATION CHECKING ** 
[11:15:26] [Controller][INFO] ->  ~~ perfect ~~ 
[11:15:26] [Controller][DEBUG] ->  >> curr state of the sensors: [-178, 178], curr_g: -178.2775
[11:15:26] [Controller][DEBUG] -> --(STATE, POSITION): (State.ROTATING, Position.JUNCTION)

[11:15:26] [Controller][INFO] ->  >>>>>> NEW ALGORITHM CYCLE <<<<<< 
[11:15:26] [Controller][INFO] -> --MODE: Mode.EXPLORING
[11:15:26] [Controller][INFO] -> --ACTIONS: [<Compass.OVEST: 180.0>]
[11:15:26] [Controller][INFO] -> --CURRENT NODE: [ Name: L_n2, Type: Type.OBSERVED, Action: 180.0, Parent: M_n1, Left: None, Mid: None, Right: None ]
[11:15:26] [Controller][DEBUG] -> --CURRENT TREE:
[11:15:26][NOHEADER] -> {'root': {'M_n1': ' (M , N , E )'}, 'M_n1': {'L_n2': ' (L , O , O)'}, 'L_n2': {}}

[11:15:26] [Controller][DEBUG] -> --CURRENT NODE: [ Name: L_n2, Type: Type.OBSERVED, Action: 180.0, Parent: M_n1, Left: None, Mid: None, Right: None ]
[11:15:26] [Controller][INFO] -> --Available actions: [<Compass.OVEST: 180.0>]
[11:15:26] [Controller][DEBUG] -> --(STATE, POSITION): (State.ROTATING, Position.JUNCTION)
[11:15:26] [Controller][DEBUG] -> --Performing action: 180.0

[11:15:26] [Controller][DEBUG] ->  ~~~ [ACTION TIME] ~~~ 
[11:15:26] [Controller][DEBUG] ->  ** COMMAND RUN ** 
[11:15:26] [Controller][DEBUG] -> --(STATE, POSITION): (State.RUNNING, Position.JUNCTION)

[11:15:26] [Controller][INFO] ->  >>>>>> NEW ALGORITHM CYCLE <<<<<< 
[11:15:26] [Controller][INFO] -> --MODE: Mode.EXPLORING
[11:15:26] [Controller][INFO] -> --ACTIONS: [<Command.RUN: 1>]
[11:15:26] [Controller][INFO] -> --CURRENT NODE: [ Name: L_n2, Type: Type.OBSERVED, Action: 180.0, Parent: M_n1, Left: None, Mid: None, Right: None ]
[11:15:26] [Controller][DEBUG] -> --CURRENT TREE:
[11:15:26][NOHEADER] -> {'root': {'M_n1': ' (M , N , E )'}, 'M_n1': {'L_n2': ' (L , O , O)'}, 'L_n2': {}}

[11:15:26] [Controller][DEBUG] -> --CURRENT NODE: [ Name: L_n2, Type: Type.OBSERVED, Action: 180.0, Parent: M_n1, Left: None, Mid: None, Right: None ]
[11:15:26] [Controller][INFO] -> --Available actions: [<Command.RUN: 1>]
[11:15:26] [Controller][DEBUG] -> --(STATE, POSITION): (State.RUNNING, Position.JUNCTION)
[11:15:26] [Controller][DEBUG] -> --Performing action: Command.RUN

[11:15:26] [Controller][DEBUG] ->  ~~~ [ACTION TIME] ~~~ 
[11:15:26] [Controller][DEBUG] ->  ** COMMAND RUN ** 
[11:15:26] [Controller][DEBUG] -> --(STATE, POSITION): (State.RUNNING, Position.JUNCTION)

[11:15:26] [Controller][INFO] ->  >>>>>> NEW ALGORITHM CYCLE <<<<<< 
[11:15:26] [Controller][INFO] -> --MODE: Mode.EXPLORING
[11:15:26] [Controller][INFO] -> --ACTIONS: [<Command.RUN: 1>]
[11:15:26] [Controller][INFO] -> --CURRENT NODE: [ Name: L_n2, Type: Type.OBSERVED, Action: 180.0, Parent: M_n1, Left: None, Mid: None, Right: None ]
[11:15:26] [Controller][DEBUG] -> --CURRENT TREE:
[11:15:26][NOHEADER] -> {'root': {'M_n1': ' (M , N , E )'}, 'M_n1': {'L_n2': ' (L , O , O)'}, 'L_n2': {}}

[11:15:26] [Controller][DEBUG] -> --CURRENT NODE: [ Name: L_n2, Type: Type.OBSERVED, Action: 180.0, Parent: M_n1, Left: None, Mid: None, Right: None ]
[11:15:26] [Controller][INFO] -> --Available actions: [<Command.RUN: 1>]
[11:15:26] [Controller][DEBUG] -> --(STATE, POSITION): (State.RUNNING, Position.JUNCTION)
[11:15:26] [Controller][DEBUG] -> --Performing action: Command.RUN

[11:15:26] [Controller][DEBUG] ->  ~~~ [ACTION TIME] ~~~ 
[11:15:26] [Controller][DEBUG] ->  ** COMMAND RUN ** 
[11:15:26] [Controller][DEBUG] -> --(STATE, POSITION): (State.RUNNING, Position.JUNCTION)

[11:15:26] [Controller][INFO] ->  >>>>>> NEW ALGORITHM CYCLE <<<<<< 
[11:15:26] [Controller][INFO] -> --MODE: Mode.EXPLORING
[11:15:26] [Controller][INFO] -> --ACTIONS: [<Command.RUN: 1>]
[11:15:26] [Controller][INFO] -> --CURRENT NODE: [ Name: L_n2, Type: Type.OBSERVED, Action: 180.0, Parent: M_n1, Left: None, Mid: None, Right: None ]
[11:15:26] [Controller][DEBUG] -> --CURRENT TREE:
[11:15:26][NOHEADER] -> {'root': {'M_n1': ' (M , N , E )'}, 'M_n1': {'L_n2': ' (L , O , O)'}, 'L_n2': {}}

[11:15:26] [Controller][DEBUG] -> --CURRENT NODE: [ Name: L_n2, Type: Type.OBSERVED, Action: 180.0, Parent: M_n1, Left: None, Mid: None, Right: None ]
[11:15:26] [Controller][INFO] -> --Available actions: [<Command.RUN: 1>]
[11:15:26] [Controller][DEBUG] -> --(STATE, POSITION): (State.RUNNING, Position.JUNCTION)
[11:15:26] [Controller][DEBUG] -> --Performing action: Command.RUN

[11:15:26] [Controller][DEBUG] ->  ~~~ [ACTION TIME] ~~~ 
[11:15:26] [Controller][DEBUG] ->  ** COMMAND RUN ** 
[11:15:26] [Controller][DEBUG] -> --(STATE, POSITION): (State.RUNNING, Position.JUNCTION)

[11:15:26] [Controller][INFO] ->  >>>>>> NEW ALGORITHM CYCLE <<<<<< 
[11:15:26] [Controller][INFO] -> --MODE: Mode.EXPLORING
[11:15:26] [Controller][INFO] -> --ACTIONS: [<Command.RUN: 1>]
[11:15:26] [Controller][INFO] -> --CURRENT NODE: [ Name: L_n2, Type: Type.OBSERVED, Action: 180.0, Parent: M_n1, Left: None, Mid: None, Right: None ]
[11:15:26] [Controller][DEBUG] -> --CURRENT TREE:
[11:15:26][NOHEADER] -> {'root': {'M_n1': ' (M , N , E )'}, 'M_n1': {'L_n2': ' (L , O , O)'}, 'L_n2': {}}

[11:15:26] [Controller][DEBUG] -> --CURRENT NODE: [ Name: L_n2, Type: Type.OBSERVED, Action: 180.0, Parent: M_n1, Left: None, Mid: None, Right: None ]
[11:15:26] [Controller][INFO] -> --Available actions: [<Command.RUN: 1>]
[11:15:26] [Controller][DEBUG] -> --(STATE, POSITION): (State.RUNNING, Position.JUNCTION)
[11:15:26] [Controller][DEBUG] -> --Performing action: Command.RUN

[11:15:26] [Controller][DEBUG] ->  ~~~ [ACTION TIME] ~~~ 
[11:15:26] [Controller][DEBUG] ->  ** COMMAND RUN ** 
[11:15:26] [Controller][DEBUG] -> --(STATE, POSITION): (State.RUNNING, Position.JUNCTION)

[11:15:27] [Controller][INFO] ->  >>>>>> NEW ALGORITHM CYCLE <<<<<< 
[11:15:27] [Controller][INFO] -> --MODE: Mode.EXPLORING
[11:15:27] [Controller][INFO] -> --ACTIONS: [<Command.RUN: 1>]
[11:15:27] [Controller][INFO] -> --CURRENT NODE: [ Name: L_n2, Type: Type.OBSERVED, Action: 180.0, Parent: M_n1, Left: None, Mid: None, Right: None ]
[11:15:27] [Controller][DEBUG] -> --CURRENT TREE:
[11:15:27][NOHEADER] -> {'root': {'M_n1': ' (M , N , E )'}, 'M_n1': {'L_n2': ' (L , O , O)'}, 'L_n2': {}}

[11:15:27] [Controller][DEBUG] -> --CURRENT NODE: [ Name: L_n2, Type: Type.OBSERVED, Action: 180.0, Parent: M_n1, Left: None, Mid: None, Right: None ]
[11:15:27] [Controller][INFO] -> --Available actions: [<Command.RUN: 1>]
[11:15:27] [Controller][DEBUG] -> --(STATE, POSITION): (State.RUNNING, Position.JUNCTION)
[11:15:27] [Controller][DEBUG] -> --Performing action: Command.RUN

[11:15:27] [Controller][DEBUG] ->  ~~~ [ACTION TIME] ~~~ 
[11:15:27] [Controller][DEBUG] ->  ** COMMAND RUN ** 
[11:15:27] [Controller][DEBUG] -> --(STATE, POSITION): (State.RUNNING, Position.JUNCTION)

[11:15:27] [Controller][INFO] ->  >>>>>> NEW ALGORITHM CYCLE <<<<<< 
[11:15:27] [Controller][INFO] -> --MODE: Mode.EXPLORING
[11:15:27] [Controller][INFO] -> --ACTIONS: [<Command.RUN: 1>]
[11:15:27] [Controller][INFO] -> --CURRENT NODE: [ Name: L_n2, Type: Type.OBSERVED, Action: 180.0, Parent: M_n1, Left: None, Mid: None, Right: None ]
[11:15:27] [Controller][DEBUG] -> --CURRENT TREE:
[11:15:27][NOHEADER] -> {'root': {'M_n1': ' (M , N , E )'}, 'M_n1': {'L_n2': ' (L , O , O)'}, 'L_n2': {}}

[11:15:27] [Controller][DEBUG] -> --CURRENT NODE: [ Name: L_n2, Type: Type.OBSERVED, Action: 180.0, Parent: M_n1, Left: None, Mid: None, Right: None ]
[11:15:27] [Controller][INFO] -> --Available actions: [<Command.RUN: 1>]
[11:15:27] [Controller][DEBUG] -> --(STATE, POSITION): (State.RUNNING, Position.JUNCTION)
[11:15:27] [Controller][DEBUG] -> --Performing action: Command.RUN

[11:15:27] [Controller][DEBUG] ->  ~~~ [ACTION TIME] ~~~ 
[11:15:27] [Controller][DEBUG] ->  ** COMMAND RUN ** 
[11:15:27] [Controller][DEBUG] -> --(STATE, POSITION): (State.RUNNING, Position.JUNCTION)

[11:15:27] [Controller][INFO] ->  >>>>>> NEW ALGORITHM CYCLE <<<<<< 
[11:15:27] [Controller][INFO] -> --MODE: Mode.EXPLORING
[11:15:27] [Controller][INFO] -> --ACTIONS: [<Command.RUN: 1>]
[11:15:27] [Controller][INFO] -> --CURRENT NODE: [ Name: L_n2, Type: Type.OBSERVED, Action: 180.0, Parent: M_n1, Left: None, Mid: None, Right: None ]
[11:15:27] [Controller][DEBUG] -> --CURRENT TREE:
[11:15:27][NOHEADER] -> {'root': {'M_n1': ' (M , N , E )'}, 'M_n1': {'L_n2': ' (L , O , O)'}, 'L_n2': {}}

[11:15:27] [Controller][DEBUG] -> --CURRENT NODE: [ Name: L_n2, Type: Type.OBSERVED, Action: 180.0, Parent: M_n1, Left: None, Mid: None, Right: None ]
[11:15:27] [Controller][INFO] -> --Available actions: [<Command.RUN: 1>]
[11:15:27] [Controller][DEBUG] -> --(STATE, POSITION): (State.RUNNING, Position.JUNCTION)
[11:15:27] [Controller][DEBUG] -> --Performing action: Command.RUN

[11:15:27] [Controller][DEBUG] ->  ~~~ [ACTION TIME] ~~~ 
[11:15:27] [Controller][DEBUG] ->  ** COMMAND RUN ** 
[11:15:27] [Controller][DEBUG] -> --(STATE, POSITION): (State.RUNNING, Position.JUNCTION)

[11:15:27] [Controller][INFO] ->  >>>>>> NEW ALGORITHM CYCLE <<<<<< 
[11:15:27] [Controller][INFO] -> --MODE: Mode.EXPLORING
[11:15:27] [Controller][INFO] -> --ACTIONS: [<Command.RUN: 1>]
[11:15:27] [Controller][INFO] -> --CURRENT NODE: [ Name: L_n2, Type: Type.OBSERVED, Action: 180.0, Parent: M_n1, Left: None, Mid: None, Right: None ]
[11:15:27] [Controller][DEBUG] -> --CURRENT TREE:
[11:15:27][NOHEADER] -> {'root': {'M_n1': ' (M , N , E )'}, 'M_n1': {'L_n2': ' (L , O , O)'}, 'L_n2': {}}

[11:15:27] [Controller][DEBUG] -> --CURRENT NODE: [ Name: L_n2, Type: Type.OBSERVED, Action: 180.0, Parent: M_n1, Left: None, Mid: None, Right: None ]
[11:15:27] [Controller][INFO] -> --Available actions: [<Command.RUN: 1>]
[11:15:27] [Controller][DEBUG] -> --(STATE, POSITION): (State.RUNNING, Position.JUNCTION)
[11:15:27] [Controller][DEBUG] -> --Performing action: Command.RUN

[11:15:27] [Controller][DEBUG] ->  ~~~ [ACTION TIME] ~~~ 
[11:15:27] [Controller][DEBUG] ->  ** COMMAND RUN ** 
[11:15:27] [Controller][DEBUG] -> --(STATE, POSITION): (State.RUNNING, Position.JUNCTION)

[11:15:27] [Controller][INFO] ->  >>>>>> NEW ALGORITHM CYCLE <<<<<< 
[11:15:27] [Controller][INFO] -> --MODE: Mode.EXPLORING
[11:15:27] [Controller][INFO] -> --ACTIONS: [<Command.RUN: 1>]
[11:15:27] [Controller][INFO] -> --CURRENT NODE: [ Name: L_n2, Type: Type.OBSERVED, Action: 180.0, Parent: M_n1, Left: None, Mid: None, Right: None ]
[11:15:27] [Controller][DEBUG] -> --CURRENT TREE:
[11:15:27][NOHEADER] -> {'root': {'M_n1': ' (M , N , E )'}, 'M_n1': {'L_n2': ' (L , O , O)'}, 'L_n2': {}}

[11:15:27] [Controller][DEBUG] -> --CURRENT NODE: [ Name: L_n2, Type: Type.OBSERVED, Action: 180.0, Parent: M_n1, Left: None, Mid: None, Right: None ]
[11:15:27] [Controller][INFO] -> --Available actions: [<Command.RUN: 1>]
[11:15:27] [Controller][DEBUG] -> --(STATE, POSITION): (State.RUNNING, Position.CORRIDOR)
[11:15:27] [Controller][DEBUG] -> --Performing action: Command.RUN

[11:15:27] [Controller][DEBUG] ->  ~~~ [ACTION TIME] ~~~ 
[11:15:27] [Controller][DEBUG] ->  ** COMMAND RUN ** 
[11:15:27] [Controller][DEBUG] -> --(STATE, POSITION): (State.RUNNING, Position.CORRIDOR)

[11:15:27] [Controller][INFO] ->  >>>>>> NEW ALGORITHM CYCLE <<<<<< 
[11:15:27] [Controller][INFO] -> --MODE: Mode.EXPLORING
[11:15:27] [Controller][INFO] -> --ACTIONS: [<Command.RUN: 1>]
[11:15:27] [Controller][INFO] -> --CURRENT NODE: [ Name: L_n2, Type: Type.OBSERVED, Action: 180.0, Parent: M_n1, Left: None, Mid: None, Right: None ]
[11:15:27] [Controller][DEBUG] -> --CURRENT TREE:
[11:15:27][NOHEADER] -> {'root': {'M_n1': ' (M , N , E )'}, 'M_n1': {'L_n2': ' (L , O , O)'}, 'L_n2': {}}

[11:15:27] [Controller][DEBUG] -> --CURRENT NODE: [ Name: L_n2, Type: Type.OBSERVED, Action: 180.0, Parent: M_n1, Left: None, Mid: None, Right: None ]
[11:15:27] [Controller][INFO] -> --Available actions: [<Command.RUN: 1>]
[11:15:27] [Controller][DEBUG] -> --(STATE, POSITION): (State.RUNNING, Position.CORRIDOR)
[11:15:27] [Controller][DEBUG] -> --Performing action: Command.RUN

[11:15:27] [Controller][DEBUG] ->  ~~~ [ACTION TIME] ~~~ 
[11:15:27] [Controller][DEBUG] ->  ** COMMAND RUN ** 
[11:15:27] [Controller][DEBUG] -> --(STATE, POSITION): (State.RUNNING, Position.CORRIDOR)

[11:15:28] [Controller][INFO] ->  >>>>>> NEW ALGORITHM CYCLE <<<<<< 
[11:15:28] [Controller][INFO] -> --MODE: Mode.EXPLORING
[11:15:28] [Controller][INFO] -> --ACTIONS: [<Command.RUN: 1>]
[11:15:28] [Controller][INFO] -> --CURRENT NODE: [ Name: L_n2, Type: Type.OBSERVED, Action: 180.0, Parent: M_n1, Left: None, Mid: None, Right: None ]
[11:15:28] [Controller][DEBUG] -> --CURRENT TREE:
[11:15:28][NOHEADER] -> {'root': {'M_n1': ' (M , N , E )'}, 'M_n1': {'L_n2': ' (L , O , O)'}, 'L_n2': {}}

[11:15:28] [Controller][DEBUG] -> --CURRENT NODE: [ Name: L_n2, Type: Type.OBSERVED, Action: 180.0, Parent: M_n1, Left: None, Mid: None, Right: None ]
[11:15:28] [Controller][INFO] -> --Available actions: [<Command.RUN: 1>]
[11:15:28] [Controller][DEBUG] -> --(STATE, POSITION): (State.RUNNING, Position.CORRIDOR)
[11:15:28] [Controller][DEBUG] -> --Performing action: Command.RUN

[11:15:28] [Controller][DEBUG] ->  ~~~ [ACTION TIME] ~~~ 
[11:15:28] [Controller][DEBUG] ->  ** COMMAND RUN ** 
[11:15:28] [Controller][DEBUG] -> --(STATE, POSITION): (State.RUNNING, Position.CORRIDOR)

[11:15:28] [Controller][INFO] ->  >>>>>> NEW ALGORITHM CYCLE <<<<<< 
[11:15:28] [Controller][INFO] -> --MODE: Mode.EXPLORING
[11:15:28] [Controller][INFO] -> --ACTIONS: [<Command.GO_TO_JUNCTION: 3>]
[11:15:28] [Controller][INFO] -> --CURRENT NODE: [ Name: L_n2, Type: Type.OBSERVED, Action: 180.0, Parent: M_n1, Left: None, Mid: None, Right: None ]
[11:15:28] [Controller][DEBUG] -> --CURRENT TREE:
[11:15:28][NOHEADER] -> {'root': {'M_n1': ' (M , N , E )'}, 'M_n1': {'L_n2': ' (L , O , O)'}, 'L_n2': {}}

[11:15:28] [Controller][DEBUG] -> --CURRENT NODE: [ Name: L_n2, Type: Type.OBSERVED, Action: 180.0, Parent: M_n1, Left: None, Mid: None, Right: None ]
[11:15:28] [Controller][INFO] -> --Available actions: [<Command.GO_TO_JUNCTION: 3>]
[11:15:28] [Controller][DEBUG] -> --(STATE, POSITION): (State.RUNNING, Position.CORRIDOR)
[11:15:28] [Controller][DEBUG] -> --Performing action: Command.GO_TO_JUNCTION

[11:15:28] [Controller][DEBUG] ->  ~~~ [ACTION TIME] ~~~ 
[11:15:28] [Controller][DEBUG] ->  ** JOINING THE JUNCTION ** 
[11:15:28] [Controller][DEBUG] ->  ** STATE SENSING ARISE ** 
[11:15:28] [Controller][DEBUG] -> --(STATE, POSITION): (State.SENSING, Position.JUNCTION)

[11:15:28] [Controller][INFO] ->  >>>>>> NEW ALGORITHM CYCLE <<<<<< 
[11:15:28] [Controller][DEBUG] -> Control policy EXPLORING
[11:15:28] [Controller][INFO] -> --MODE: Mode.EXPLORING
[11:15:28] [Controller][INFO] -> --ACTIONS: [<Compass.SUD: -90.0>]
[11:15:28] [Controller][INFO] -> --CURRENT NODE: [ Name: L_n2, Type: Type.OBSERVED, Action: 180.0, Parent: M_n1, Left: None, Mid: None, Right: None ]

[11:15:28] [Controller][DEBUG] -> *** 1) UPDATING TREE (MODE EXPLORING) ***
[11:15:28] [Controller][INFO] -> ADDED LEFT

[11:15:28] [Controller][DEBUG] -> *** 2) UPDATING TREE (MODE EXPLORING) ***
[11:15:28] [Controller][DEBUG] -> --CURRENT TREE:
[11:15:28][NOHEADER] -> {'root': {'M_n1': ' (M , N , E )'}, 'M_n1': {'L_n2': ' (L , O , E)'}, 'L_n2': {'L_n3': ' (L , S , O)'}, 'L_n3': {}}

[11:15:28] [Controller][DEBUG] -> --CURRENT NODE: [ Name: L_n3, Type: Type.OBSERVED, Action: -90.0, Parent: L_n2, Left: None, Mid: None, Right: None ]
[11:15:28] [Controller][INFO] -> --Available actions: [<Compass.SUD: -90.0>]
[11:15:28] [Controller][DEBUG] -> --(STATE, POSITION): (State.SENSING, Position.JUNCTION)
[11:15:28] [Controller][DEBUG] -> --Performing action: -90.0

[11:15:28] [Controller][DEBUG] ->  ~~~ [ACTION TIME] ~~~ 
[11:15:28] [Controller][DEBUG] ->  ** COMMAND ROTATE ** 

[11:15:28] [Controller][DEBUG] ->  ** BEST ANGLE COMPUTATION ** 
[11:15:28] [Controller][DEBUG] ->  >> Rotate anti-clockwise (LEFT) of 76.4889°

[11:15:31] [Controller][DEBUG] ->  ** ORIENTATION CHECKING ** 
[11:15:31] [Controller][ERROR] ->  !! bad orientation !! 
[11:15:31] [Controller][DEBUG] ->  >> curr state of the sensors: [-88.0, -92.0], curr_g: -82.7511

[11:15:31] [Controller][DEBUG] ->  ** ADJUSTING ORIENTATION ** 

[11:15:31] [Controller][DEBUG] ->  ** BEST ANGLE COMPUTATION ** 
[11:15:31] [Controller][DEBUG] ->  >> Rotate clockwise (RIGHT) of 7.2489°
[11:15:31] [Controller][DEBUG] ->  --ATTEMPT: 1 / 20
[11:15:31] [Controller][DEBUG] -> [Degrees_to_do, curr_g, final_g] = [-7.2489, -82.7511, -90.0]
[11:15:32] [Controller][INFO] -> CONTROLLER STOPPED
