[18:9:56] [Controller][INFO] -> LOG SEVERYTY: LOW

[18:9:56] [Controller][INFO] -> CONTROLLER LAUNCHED

[18:9:57] [Controller][INFO] ->  >>>>>> NEW ALGORITHM CYCLE <<<<<< 
[18:9:57] [Controller][INFO] -> --MODE: Mode.EXPLORING
[18:9:57] [Controller][INFO] -> --ACTIONS: [<Command.START: -1>]
[18:9:57] [Controller][INFO] -> --CURRENT NODE: [ Name: root, Type: Type.OBSERVED, Action: None, Parent: None, Left: None, Mid: None, Right: None ]
[18:9:57] [Controller][DEBUG] -> --CURRENT TREE:
[18:9:57][NOHEADER] -> {'root': {}}

[18:9:57] [Controller][DEBUG] -> --CURRENT NODE: [ Name: root, Type: Type.OBSERVED, Action: None, Parent: None, Left: None, Mid: None, Right: None ]
[18:9:57] [Controller][INFO] -> --Available actions: [<Command.START: -1>]

[18:9:57] [Controller][INFO] ->  >>>>>> NEW ALGORITHM CYCLE <<<<<< 
[18:9:58] [Controller][INFO] -> --MODE: Mode.EXPLORING
[18:9:58] [Controller][INFO] -> --ACTIONS: [<Compass.NORD: 90.0>]
[18:9:58] [Controller][INFO] -> --CURRENT NODE: [ Name: root, Type: Type.OBSERVED, Action: None, Parent: None, Left: None, Mid: None, Right: None ]
[18:9:58] [Controller][DEBUG] -> --CURRENT TREE:
[18:9:58][NOHEADER] -> {'root': {'M_n1': ' (M , N , O )'}, 'M_n1': {}}

[18:9:58] [Controller][DEBUG] -> --CURRENT NODE: [ Name: M_n1, Type: Type.OBSERVED, Action: 90.0, Parent: root, Left: None, Mid: None, Right: None ]
[18:9:58] [Controller][INFO] -> --Available actions: [<Compass.NORD: 90.0>]

[18:9:58] [Controller][INFO] ->  >>>>>> NEW ALGORITHM CYCLE <<<<<< 
[18:9:58] [Controller][INFO] -> --MODE: Mode.EXPLORING
[18:9:58] [Controller][INFO] -> --ACTIONS: [<Command.RUN: 1>]
[18:9:58] [Controller][INFO] -> --CURRENT NODE: [ Name: M_n1, Type: Type.OBSERVED, Action: 90.0, Parent: root, Left: None, Mid: None, Right: None ]
[18:9:58] [Controller][DEBUG] -> --CURRENT TREE:
[18:9:58][NOHEADER] -> {'root': {'M_n1': ' (M , N , O )'}, 'M_n1': {}}

[18:9:58] [Controller][DEBUG] -> --CURRENT NODE: [ Name: M_n1, Type: Type.OBSERVED, Action: 90.0, Parent: root, Left: None, Mid: None, Right: None ]
[18:9:58] [Controller][INFO] -> --Available actions: [<Command.RUN: 1>]

[18:9:58] [Controller][INFO] ->  >>>>>> NEW ALGORITHM CYCLE <<<<<< 
[18:9:58] [Controller][INFO] -> --MODE: Mode.EXPLORING
[18:9:58] [Controller][INFO] -> --ACTIONS: [<Command.RUN: 1>]
[18:9:58] [Controller][INFO] -> --CURRENT NODE: [ Name: M_n1, Type: Type.OBSERVED, Action: 90.0, Parent: root, Left: None, Mid: None, Right: None ]
[18:9:58] [Controller][DEBUG] -> --CURRENT TREE:
[18:9:58][NOHEADER] -> {'root': {'M_n1': ' (M , N , O )'}, 'M_n1': {}}

[18:9:58] [Controller][DEBUG] -> --CURRENT NODE: [ Name: M_n1, Type: Type.OBSERVED, Action: 90.0, Parent: root, Left: None, Mid: None, Right: None ]
[18:9:58] [Controller][INFO] -> --Available actions: [<Command.RUN: 1>]

[18:9:58] [Controller][INFO] ->  >>>>>> NEW ALGORITHM CYCLE <<<<<< 
[18:9:58] [Controller][INFO] -> --MODE: Mode.EXPLORING
[18:9:58] [Controller][INFO] -> --ACTIONS: [<Command.RUN: 1>]
[18:9:58] [Controller][INFO] -> --CURRENT NODE: [ Name: M_n1, Type: Type.OBSERVED, Action: 90.0, Parent: root, Left: None, Mid: None, Right: None ]
[18:9:58] [Controller][DEBUG] -> --CURRENT TREE:
[18:9:58][NOHEADER] -> {'root': {'M_n1': ' (M , N , O )'}, 'M_n1': {}}

[18:9:58] [Controller][DEBUG] -> --CURRENT NODE: [ Name: M_n1, Type: Type.OBSERVED, Action: 90.0, Parent: root, Left: None, Mid: None, Right: None ]
[18:9:58] [Controller][INFO] -> --Available actions: [<Command.RUN: 1>]

[18:9:58] [Controller][INFO] ->  >>>>>> NEW ALGORITHM CYCLE <<<<<< 
[18:9:59] [Controller][INFO] -> --MODE: Mode.EXPLORING
[18:9:59] [Controller][INFO] -> --ACTIONS: [<Command.RUN: 1>]
[18:9:59] [Controller][INFO] -> --CURRENT NODE: [ Name: M_n1, Type: Type.OBSERVED, Action: 90.0, Parent: root, Left: None, Mid: None, Right: None ]
[18:9:59] [Controller][DEBUG] -> --CURRENT TREE:
[18:9:59][NOHEADER] -> {'root': {'M_n1': ' (M , N , O )'}, 'M_n1': {}}

[18:9:59] [Controller][DEBUG] -> --CURRENT NODE: [ Name: M_n1, Type: Type.OBSERVED, Action: 90.0, Parent: root, Left: None, Mid: None, Right: None ]
[18:9:59] [Controller][INFO] -> --Available actions: [<Command.RUN: 1>]

[18:9:59] [Controller][INFO] ->  >>>>>> NEW ALGORITHM CYCLE <<<<<< 
[18:9:59] [Controller][INFO] -> --MODE: Mode.EXPLORING
[18:9:59] [Controller][INFO] -> --ACTIONS: [<Command.GO_TO_JUNCTION: 3>]
[18:9:59] [Controller][INFO] -> --CURRENT NODE: [ Name: M_n1, Type: Type.OBSERVED, Action: 90.0, Parent: root, Left: None, Mid: None, Right: None ]
[18:9:59] [Controller][DEBUG] -> --CURRENT TREE:
[18:9:59][NOHEADER] -> {'root': {'M_n1': ' (M , N , O )'}, 'M_n1': {}}

[18:9:59] [Controller][DEBUG] -> --CURRENT NODE: [ Name: M_n1, Type: Type.OBSERVED, Action: 90.0, Parent: root, Left: None, Mid: None, Right: None ]
[18:9:59] [Controller][INFO] -> --Available actions: [<Command.GO_TO_JUNCTION: 3>]

[18:10:0] [Controller][INFO] ->  >>>>>> NEW ALGORITHM CYCLE <<<<<< 
[18:10:0] [Controller][INFO] -> --MODE: Mode.EXPLORING
[18:10:0] [Controller][INFO] -> --ACTIONS: [<Compass.OVEST: 180.0>]
[18:10:0] [Controller][INFO] -> --CURRENT NODE: [ Name: M_n1, Type: Type.OBSERVED, Action: 90.0, Parent: root, Left: None, Mid: None, Right: None ]
[18:10:0] [Controller][DEBUG] -> --CURRENT TREE:
[18:10:0][NOHEADER] -> {'root': {'M_n1': ' (M , N , E )'}, 'M_n1': {'L_n2': ' (L , O , O)'}, 'L_n2': {}}

[18:10:0] [Controller][DEBUG] -> --CURRENT NODE: [ Name: L_n2, Type: Type.OBSERVED, Action: 180.0, Parent: M_n1, Left: None, Mid: None, Right: None ]
[18:10:0] [Controller][INFO] -> --Available actions: [<Compass.OVEST: 180.0>]

[18:10:2] [Controller][INFO] ->  >>>>>> NEW ALGORITHM CYCLE <<<<<< 
[18:10:2] [Controller][INFO] -> --MODE: Mode.EXPLORING
[18:10:2] [Controller][INFO] -> --ACTIONS: [<Compass.OVEST: 180.0>]
[18:10:2] [Controller][INFO] -> --CURRENT NODE: [ Name: L_n2, Type: Type.OBSERVED, Action: 180.0, Parent: M_n1, Left: None, Mid: None, Right: None ]
[18:10:2] [Controller][DEBUG] -> --CURRENT TREE:
[18:10:2][NOHEADER] -> {'root': {'M_n1': ' (M , N , E )'}, 'M_n1': {'L_n2': ' (L , O , O)'}, 'L_n2': {}}

[18:10:2] [Controller][DEBUG] -> --CURRENT NODE: [ Name: L_n2, Type: Type.OBSERVED, Action: 180.0, Parent: M_n1, Left: None, Mid: None, Right: None ]
[18:10:2] [Controller][INFO] -> --Available actions: [<Compass.OVEST: 180.0>]

[18:10:2] [Controller][INFO] ->  >>>>>> NEW ALGORITHM CYCLE <<<<<< 
[18:10:2] [Controller][INFO] -> --MODE: Mode.EXPLORING
[18:10:2] [Controller][INFO] -> --ACTIONS: [<Command.RUN: 1>]
[18:10:2] [Controller][INFO] -> --CURRENT NODE: [ Name: L_n2, Type: Type.OBSERVED, Action: 180.0, Parent: M_n1, Left: None, Mid: None, Right: None ]
[18:10:2] [Controller][DEBUG] -> --CURRENT TREE:
[18:10:2][NOHEADER] -> {'root': {'M_n1': ' (M , N , E )'}, 'M_n1': {'L_n2': ' (L , O , O)'}, 'L_n2': {}}

[18:10:2] [Controller][DEBUG] -> --CURRENT NODE: [ Name: L_n2, Type: Type.OBSERVED, Action: 180.0, Parent: M_n1, Left: None, Mid: None, Right: None ]
[18:10:2] [Controller][INFO] -> --Available actions: [<Command.RUN: 1>]

[18:10:2] [Controller][INFO] ->  >>>>>> NEW ALGORITHM CYCLE <<<<<< 
[18:10:2] [Controller][INFO] -> --MODE: Mode.EXPLORING
[18:10:2] [Controller][INFO] -> --ACTIONS: [<Command.RUN: 1>]
[18:10:2] [Controller][INFO] -> --CURRENT NODE: [ Name: L_n2, Type: Type.OBSERVED, Action: 180.0, Parent: M_n1, Left: None, Mid: None, Right: None ]
[18:10:2] [Controller][DEBUG] -> --CURRENT TREE:
[18:10:2][NOHEADER] -> {'root': {'M_n1': ' (M , N , E )'}, 'M_n1': {'L_n2': ' (L , O , O)'}, 'L_n2': {}}

[18:10:2] [Controller][DEBUG] -> --CURRENT NODE: [ Name: L_n2, Type: Type.OBSERVED, Action: 180.0, Parent: M_n1, Left: None, Mid: None, Right: None ]
[18:10:2] [Controller][INFO] -> --Available actions: [<Command.RUN: 1>]

[18:10:3] [Controller][INFO] ->  >>>>>> NEW ALGORITHM CYCLE <<<<<< 
[18:10:3] [Controller][INFO] -> --MODE: Mode.EXPLORING
[18:10:3] [Controller][INFO] -> --ACTIONS: [<Command.RUN: 1>]
[18:10:3] [Controller][INFO] -> --CURRENT NODE: [ Name: L_n2, Type: Type.OBSERVED, Action: 180.0, Parent: M_n1, Left: None, Mid: None, Right: None ]
[18:10:3] [Controller][DEBUG] -> --CURRENT TREE:
[18:10:3][NOHEADER] -> {'root': {'M_n1': ' (M , N , E )'}, 'M_n1': {'L_n2': ' (L , O , O)'}, 'L_n2': {}}

[18:10:3] [Controller][DEBUG] -> --CURRENT NODE: [ Name: L_n2, Type: Type.OBSERVED, Action: 180.0, Parent: M_n1, Left: None, Mid: None, Right: None ]
[18:10:3] [Controller][INFO] -> --Available actions: [<Command.RUN: 1>]

[18:10:3] [Controller][INFO] ->  >>>>>> NEW ALGORITHM CYCLE <<<<<< 
[18:10:3] [Controller][INFO] -> --MODE: Mode.EXPLORING
[18:10:3] [Controller][INFO] -> --ACTIONS: [<Command.RUN: 1>]
[18:10:3] [Controller][INFO] -> --CURRENT NODE: [ Name: L_n2, Type: Type.OBSERVED, Action: 180.0, Parent: M_n1, Left: None, Mid: None, Right: None ]
[18:10:3] [Controller][DEBUG] -> --CURRENT TREE:
[18:10:3][NOHEADER] -> {'root': {'M_n1': ' (M , N , E )'}, 'M_n1': {'L_n2': ' (L , O , O)'}, 'L_n2': {}}

[18:10:3] [Controller][DEBUG] -> --CURRENT NODE: [ Name: L_n2, Type: Type.OBSERVED, Action: 180.0, Parent: M_n1, Left: None, Mid: None, Right: None ]
[18:10:3] [Controller][INFO] -> --Available actions: [<Command.RUN: 1>]

[18:10:3] [Controller][INFO] ->  >>>>>> NEW ALGORITHM CYCLE <<<<<< 
[18:10:3] [Controller][INFO] -> --MODE: Mode.EXPLORING
[18:10:3] [Controller][INFO] -> --ACTIONS: [<Command.GO_TO_JUNCTION: 3>]
[18:10:3] [Controller][INFO] -> --CURRENT NODE: [ Name: L_n2, Type: Type.OBSERVED, Action: 180.0, Parent: M_n1, Left: None, Mid: None, Right: None ]
[18:10:3] [Controller][DEBUG] -> --CURRENT TREE:
[18:10:3][NOHEADER] -> {'root': {'M_n1': ' (M , N , E )'}, 'M_n1': {'L_n2': ' (L , O , O)'}, 'L_n2': {}}

[18:10:3] [Controller][DEBUG] -> --CURRENT NODE: [ Name: L_n2, Type: Type.OBSERVED, Action: 180.0, Parent: M_n1, Left: None, Mid: None, Right: None ]
[18:10:3] [Controller][INFO] -> --Available actions: [<Command.GO_TO_JUNCTION: 3>]

[18:10:4] [Controller][INFO] ->  >>>>>> NEW ALGORITHM CYCLE <<<<<< 
[18:10:4] [Controller][INFO] -> --MODE: Mode.EXPLORING
[18:10:4] [Controller][INFO] -> --ACTIONS: [<Compass.SUD: -90.0>, <Compass.OVEST: 180.0>]
[18:10:4] [Controller][INFO] -> --CURRENT NODE: [ Name: L_n2, Type: Type.OBSERVED, Action: 180.0, Parent: M_n1, Left: None, Mid: None, Right: None ]
[18:10:4] [Controller][DEBUG] -> --CURRENT TREE:
[18:10:4][NOHEADER] -> {'root': {'M_n1': ' (M , N , E )'}, 'M_n1': {'L_n2': ' (L , O , E)'}, 'L_n2': {'L_n3': ' (L , S , O)', 'M_n4': ' (M , O , O )'}, 'L_n3': {}, 'M_n4': {}}

[18:10:4] [Controller][DEBUG] -> --CURRENT NODE: [ Name: M_n4, Type: Type.OBSERVED, Action: 180.0, Parent: L_n2, Left: None, Mid: None, Right: None ]
[18:10:4] [Controller][INFO] -> --Available actions: [<Compass.SUD: -90.0>, <Compass.OVEST: 180.0>]

[18:10:5] [Controller][INFO] ->  >>>>>> NEW ALGORITHM CYCLE <<<<<< 
[18:10:5] [Controller][INFO] -> --MODE: Mode.EXPLORING
[18:10:5] [Controller][INFO] -> --ACTIONS: [<Command.RUN: 1>]
[18:10:5] [Controller][INFO] -> --CURRENT NODE: [ Name: M_n4, Type: Type.OBSERVED, Action: 180.0, Parent: L_n2, Left: None, Mid: None, Right: None ]
[18:10:5] [Controller][DEBUG] -> --CURRENT TREE:
[18:10:5][NOHEADER] -> {'root': {'M_n1': ' (M , N , E )'}, 'M_n1': {'L_n2': ' (L , O , E)'}, 'L_n2': {'L_n3': ' (L , S , O)', 'M_n4': ' (M , O , O )'}, 'L_n3': {}, 'M_n4': {}}

[18:10:5] [Controller][DEBUG] -> --CURRENT NODE: [ Name: M_n4, Type: Type.OBSERVED, Action: 180.0, Parent: L_n2, Left: None, Mid: None, Right: None ]
[18:10:5] [Controller][INFO] -> --Available actions: [<Command.RUN: 1>]

[18:10:5] [Controller][INFO] ->  >>>>>> NEW ALGORITHM CYCLE <<<<<< 
[18:10:5] [Controller][INFO] -> --MODE: Mode.EXPLORING
[18:10:5] [Controller][INFO] -> --ACTIONS: [<Command.RUN: 1>]
[18:10:5] [Controller][INFO] -> --CURRENT NODE: [ Name: M_n4, Type: Type.OBSERVED, Action: 180.0, Parent: L_n2, Left: None, Mid: None, Right: None ]
[18:10:5] [Controller][DEBUG] -> --CURRENT TREE:
[18:10:5][NOHEADER] -> {'root': {'M_n1': ' (M , N , E )'}, 'M_n1': {'L_n2': ' (L , O , E)'}, 'L_n2': {'L_n3': ' (L , S , O)', 'M_n4': ' (M , O , O )'}, 'L_n3': {}, 'M_n4': {}}

[18:10:5] [Controller][DEBUG] -> --CURRENT NODE: [ Name: M_n4, Type: Type.OBSERVED, Action: 180.0, Parent: L_n2, Left: None, Mid: None, Right: None ]
[18:10:5] [Controller][INFO] -> --Available actions: [<Command.RUN: 1>]

[18:10:5] [Controller][INFO] ->  >>>>>> NEW ALGORITHM CYCLE <<<<<< 
[18:10:5] [Controller][INFO] -> --MODE: Mode.EXPLORING
[18:10:5] [Controller][INFO] -> --ACTIONS: [<Command.GO_TO_JUNCTION: 3>]
[18:10:5] [Controller][INFO] -> --CURRENT NODE: [ Name: M_n4, Type: Type.OBSERVED, Action: 180.0, Parent: L_n2, Left: None, Mid: None, Right: None ]
[18:10:5] [Controller][DEBUG] -> --CURRENT TREE:
[18:10:5][NOHEADER] -> {'root': {'M_n1': ' (M , N , E )'}, 'M_n1': {'L_n2': ' (L , O , E)'}, 'L_n2': {'L_n3': ' (L , S , O)', 'M_n4': ' (M , O , O )'}, 'L_n3': {}, 'M_n4': {}}

[18:10:5] [Controller][DEBUG] -> --CURRENT NODE: [ Name: M_n4, Type: Type.OBSERVED, Action: 180.0, Parent: L_n2, Left: None, Mid: None, Right: None ]
[18:10:5] [Controller][INFO] -> --Available actions: [<Command.GO_TO_JUNCTION: 3>]

[18:10:6] [Controller][INFO] ->  >>>>>> NEW ALGORITHM CYCLE <<<<<< 
[18:10:6] [Controller][INFO] -> --MODE: Mode.EXPLORING
[18:10:6] [Controller][INFO] -> --ACTIONS: [<Compass.NORD: 90.0>, <Compass.OVEST: 180.0>]
[18:10:6] [Controller][INFO] -> --CURRENT NODE: [ Name: M_n4, Type: Type.OBSERVED, Action: 180.0, Parent: L_n2, Left: None, Mid: None, Right: None ]
[18:10:6] [Controller][DEBUG] -> --CURRENT TREE:
[18:10:6][NOHEADER] -> {'root': {'M_n1': ' (M , N , E )'}, 'M_n1': {'L_n2': ' (L , O , E)'}, 'L_n2': {'L_n3': ' (L , S , O)', 'M_n4': ' (M , O , E )'}, 'L_n3': {}, 'M_n4': {'M_n6': ' (M , O , O )', 'R_n5': ' (R , N , O)'}, 'M_n6': {}, 'R_n5': {}}

[18:10:6] [Controller][DEBUG] -> --CURRENT NODE: [ Name: R_n5, Type: Type.OBSERVED, Action: 90.0, Parent: M_n4, Left: None, Mid: None, Right: None ]
[18:10:6] [Controller][INFO] -> --Available actions: [<Compass.NORD: 90.0>, <Compass.OVEST: 180.0>]

[18:10:9] [Controller][INFO] ->  >>>>>> NEW ALGORITHM CYCLE <<<<<< 
[18:10:9] [Controller][INFO] -> --MODE: Mode.EXPLORING
[18:10:9] [Controller][INFO] -> --ACTIONS: [<Compass.NORD: 90.0>]
[18:10:9] [Controller][INFO] -> --CURRENT NODE: [ Name: R_n5, Type: Type.OBSERVED, Action: 90.0, Parent: M_n4, Left: None, Mid: None, Right: None ]
[18:10:9] [Controller][DEBUG] -> --CURRENT TREE:
[18:10:9][NOHEADER] -> {'root': {'M_n1': ' (M , N , E )'}, 'M_n1': {'L_n2': ' (L , O , E)'}, 'L_n2': {'L_n3': ' (L , S , O)', 'M_n4': ' (M , O , E )'}, 'L_n3': {}, 'M_n4': {'M_n6': ' (M , O , O )', 'R_n5': ' (R , N , O)'}, 'M_n6': {}, 'R_n5': {}}

[18:10:9] [Controller][DEBUG] -> --CURRENT NODE: [ Name: R_n5, Type: Type.OBSERVED, Action: 90.0, Parent: M_n4, Left: None, Mid: None, Right: None ]
[18:10:9] [Controller][INFO] -> --Available actions: [<Compass.NORD: 90.0>]

[18:10:9] [Controller][INFO] ->  >>>>>> NEW ALGORITHM CYCLE <<<<<< 
[18:10:9] [Controller][INFO] -> --MODE: Mode.EXPLORING
[18:10:9] [Controller][INFO] -> --ACTIONS: [<Command.RUN: 1>]
[18:10:9] [Controller][INFO] -> --CURRENT NODE: [ Name: R_n5, Type: Type.OBSERVED, Action: 90.0, Parent: M_n4, Left: None, Mid: None, Right: None ]
[18:10:9] [Controller][DEBUG] -> --CURRENT TREE:
[18:10:9][NOHEADER] -> {'root': {'M_n1': ' (M , N , E )'}, 'M_n1': {'L_n2': ' (L , O , E)'}, 'L_n2': {'L_n3': ' (L , S , O)', 'M_n4': ' (M , O , E )'}, 'L_n3': {}, 'M_n4': {'M_n6': ' (M , O , O )', 'R_n5': ' (R , N , O)'}, 'M_n6': {}, 'R_n5': {}}

[18:10:9] [Controller][DEBUG] -> --CURRENT NODE: [ Name: R_n5, Type: Type.OBSERVED, Action: 90.0, Parent: M_n4, Left: None, Mid: None, Right: None ]
[18:10:9] [Controller][INFO] -> --Available actions: [<Command.RUN: 1>]

[18:10:10] [Controller][INFO] ->  >>>>>> NEW ALGORITHM CYCLE <<<<<< 
[18:10:10] [Controller][INFO] -> --MODE: Mode.EXPLORING
[18:10:10] [Controller][INFO] -> --ACTIONS: [<Command.RUN: 1>]
[18:10:10] [Controller][INFO] -> --CURRENT NODE: [ Name: R_n5, Type: Type.OBSERVED, Action: 90.0, Parent: M_n4, Left: None, Mid: None, Right: None ]
[18:10:10] [Controller][DEBUG] -> --CURRENT TREE:
[18:10:10][NOHEADER] -> {'root': {'M_n1': ' (M , N , E )'}, 'M_n1': {'L_n2': ' (L , O , E)'}, 'L_n2': {'L_n3': ' (L , S , O)', 'M_n4': ' (M , O , E )'}, 'L_n3': {}, 'M_n4': {'M_n6': ' (M , O , O )', 'R_n5': ' (R , N , O)'}, 'M_n6': {}, 'R_n5': {}}

[18:10:10] [Controller][DEBUG] -> --CURRENT NODE: [ Name: R_n5, Type: Type.OBSERVED, Action: 90.0, Parent: M_n4, Left: None, Mid: None, Right: None ]
[18:10:10] [Controller][INFO] -> --Available actions: [<Command.RUN: 1>]

[18:10:10] [Controller][INFO] ->  >>>>>> NEW ALGORITHM CYCLE <<<<<< 
[18:10:10] [Controller][INFO] -> --MODE: Mode.EXPLORING
[18:10:10] [Controller][INFO] -> --ACTIONS: [<Command.RUN: 1>]
[18:10:10] [Controller][INFO] -> --CURRENT NODE: [ Name: R_n5, Type: Type.OBSERVED, Action: 90.0, Parent: M_n4, Left: None, Mid: None, Right: None ]
[18:10:10] [Controller][DEBUG] -> --CURRENT TREE:
[18:10:10][NOHEADER] -> {'root': {'M_n1': ' (M , N , E )'}, 'M_n1': {'L_n2': ' (L , O , E)'}, 'L_n2': {'L_n3': ' (L , S , O)', 'M_n4': ' (M , O , E )'}, 'L_n3': {}, 'M_n4': {'M_n6': ' (M , O , O )', 'R_n5': ' (R , N , O)'}, 'M_n6': {}, 'R_n5': {}}

[18:10:10] [Controller][DEBUG] -> --CURRENT NODE: [ Name: R_n5, Type: Type.OBSERVED, Action: 90.0, Parent: M_n4, Left: None, Mid: None, Right: None ]
[18:10:10] [Controller][INFO] -> --Available actions: [<Command.RUN: 1>]

[18:10:10] [Controller][INFO] ->  >>>>>> NEW ALGORITHM CYCLE <<<<<< 
[18:10:10] [Controller][INFO] -> --MODE: Mode.EXPLORING
[18:10:10] [Controller][INFO] -> --ACTIONS: [<Command.RUN: 1>]
[18:10:10] [Controller][INFO] -> --CURRENT NODE: [ Name: R_n5, Type: Type.OBSERVED, Action: 90.0, Parent: M_n4, Left: None, Mid: None, Right: None ]
[18:10:10] [Controller][DEBUG] -> --CURRENT TREE:
[18:10:10][NOHEADER] -> {'root': {'M_n1': ' (M , N , E )'}, 'M_n1': {'L_n2': ' (L , O , E)'}, 'L_n2': {'L_n3': ' (L , S , O)', 'M_n4': ' (M , O , E )'}, 'L_n3': {}, 'M_n4': {'M_n6': ' (M , O , O )', 'R_n5': ' (R , N , O)'}, 'M_n6': {}, 'R_n5': {}}

[18:10:10] [Controller][DEBUG] -> --CURRENT NODE: [ Name: R_n5, Type: Type.OBSERVED, Action: 90.0, Parent: M_n4, Left: None, Mid: None, Right: None ]
[18:10:10] [Controller][INFO] -> --Available actions: [<Command.RUN: 1>]

[18:10:10] [Controller][INFO] ->  >>>>>> NEW ALGORITHM CYCLE <<<<<< 
[18:10:10] [Controller][INFO] -> --MODE: Mode.EXPLORING
[18:10:10] [Controller][INFO] -> --ACTIONS: [<Command.RUN: 1>]
[18:10:10] [Controller][INFO] -> --CURRENT NODE: [ Name: R_n5, Type: Type.OBSERVED, Action: 90.0, Parent: M_n4, Left: None, Mid: None, Right: None ]
[18:10:10] [Controller][DEBUG] -> --CURRENT TREE:
[18:10:10][NOHEADER] -> {'root': {'M_n1': ' (M , N , E )'}, 'M_n1': {'L_n2': ' (L , O , E)'}, 'L_n2': {'L_n3': ' (L , S , O)', 'M_n4': ' (M , O , E )'}, 'L_n3': {}, 'M_n4': {'M_n6': ' (M , O , O )', 'R_n5': ' (R , N , O)'}, 'M_n6': {}, 'R_n5': {}}

[18:10:10] [Controller][DEBUG] -> --CURRENT NODE: [ Name: R_n5, Type: Type.OBSERVED, Action: 90.0, Parent: M_n4, Left: None, Mid: None, Right: None ]
[18:10:10] [Controller][INFO] -> --Available actions: [<Command.RUN: 1>]

[18:10:10] [Controller][INFO] ->  >>>>>> NEW ALGORITHM CYCLE <<<<<< 
[18:10:11] [Controller][INFO] -> --MODE: Mode.EXPLORING
[18:10:11] [Controller][INFO] -> --ACTIONS: [<Command.RUN: 1>]
[18:10:11] [Controller][INFO] -> --CURRENT NODE: [ Name: R_n5, Type: Type.OBSERVED, Action: 90.0, Parent: M_n4, Left: None, Mid: None, Right: None ]
[18:10:11] [Controller][DEBUG] -> --CURRENT TREE:
[18:10:11][NOHEADER] -> {'root': {'M_n1': ' (M , N , E )'}, 'M_n1': {'L_n2': ' (L , O , E)'}, 'L_n2': {'L_n3': ' (L , S , O)', 'M_n4': ' (M , O , E )'}, 'L_n3': {}, 'M_n4': {'M_n6': ' (M , O , O )', 'R_n5': ' (R , N , O)'}, 'M_n6': {}, 'R_n5': {}}

[18:10:11] [Controller][DEBUG] -> --CURRENT NODE: [ Name: R_n5, Type: Type.OBSERVED, Action: 90.0, Parent: M_n4, Left: None, Mid: None, Right: None ]
[18:10:11] [Controller][INFO] -> --Available actions: [<Command.RUN: 1>]

[18:10:11] [Controller][INFO] ->  >>>>>> NEW ALGORITHM CYCLE <<<<<< 
[18:10:11] [Controller][INFO] -> --MODE: Mode.EXPLORING
[18:10:11] [Controller][INFO] -> --ACTIONS: [<Command.RUN: 1>]
[18:10:11] [Controller][INFO] -> --CURRENT NODE: [ Name: R_n5, Type: Type.OBSERVED, Action: 90.0, Parent: M_n4, Left: None, Mid: None, Right: None ]
[18:10:11] [Controller][DEBUG] -> --CURRENT TREE:
[18:10:11][NOHEADER] -> {'root': {'M_n1': ' (M , N , E )'}, 'M_n1': {'L_n2': ' (L , O , E)'}, 'L_n2': {'L_n3': ' (L , S , O)', 'M_n4': ' (M , O , E )'}, 'L_n3': {}, 'M_n4': {'M_n6': ' (M , O , O )', 'R_n5': ' (R , N , O)'}, 'M_n6': {}, 'R_n5': {}}

[18:10:11] [Controller][DEBUG] -> --CURRENT NODE: [ Name: R_n5, Type: Type.OBSERVED, Action: 90.0, Parent: M_n4, Left: None, Mid: None, Right: None ]
[18:10:11] [Controller][INFO] -> --Available actions: [<Command.RUN: 1>]

[18:10:11] [Controller][INFO] ->  >>>>>> NEW ALGORITHM CYCLE <<<<<< 
[18:10:11] [Controller][INFO] -> --MODE: Mode.EXPLORING
[18:10:11] [Controller][INFO] -> --ACTIONS: [<Command.RUN: 1>]
[18:10:11] [Controller][INFO] -> --CURRENT NODE: [ Name: R_n5, Type: Type.OBSERVED, Action: 90.0, Parent: M_n4, Left: None, Mid: None, Right: None ]
[18:10:11] [Controller][DEBUG] -> --CURRENT TREE:
[18:10:11][NOHEADER] -> {'root': {'M_n1': ' (M , N , E )'}, 'M_n1': {'L_n2': ' (L , O , E)'}, 'L_n2': {'L_n3': ' (L , S , O)', 'M_n4': ' (M , O , E )'}, 'L_n3': {}, 'M_n4': {'M_n6': ' (M , O , O )', 'R_n5': ' (R , N , O)'}, 'M_n6': {}, 'R_n5': {}}

[18:10:11] [Controller][DEBUG] -> --CURRENT NODE: [ Name: R_n5, Type: Type.OBSERVED, Action: 90.0, Parent: M_n4, Left: None, Mid: None, Right: None ]
[18:10:11] [Controller][INFO] -> --Available actions: [<Command.RUN: 1>]

[18:10:11] [Controller][INFO] ->  >>>>>> NEW ALGORITHM CYCLE <<<<<< 
[18:10:11] [Controller][INFO] -> --MODE: Mode.EXPLORING
[18:10:11] [Controller][INFO] -> --ACTIONS: [<Command.RUN: 1>]
[18:10:11] [Controller][INFO] -> --CURRENT NODE: [ Name: R_n5, Type: Type.OBSERVED, Action: 90.0, Parent: M_n4, Left: None, Mid: None, Right: None ]
[18:10:11] [Controller][DEBUG] -> --CURRENT TREE:
[18:10:11][NOHEADER] -> {'root': {'M_n1': ' (M , N , E )'}, 'M_n1': {'L_n2': ' (L , O , E)'}, 'L_n2': {'L_n3': ' (L , S , O)', 'M_n4': ' (M , O , E )'}, 'L_n3': {}, 'M_n4': {'M_n6': ' (M , O , O )', 'R_n5': ' (R , N , O)'}, 'M_n6': {}, 'R_n5': {}}

[18:10:11] [Controller][DEBUG] -> --CURRENT NODE: [ Name: R_n5, Type: Type.OBSERVED, Action: 90.0, Parent: M_n4, Left: None, Mid: None, Right: None ]
[18:10:11] [Controller][INFO] -> --Available actions: [<Command.RUN: 1>]

[18:10:11] [Controller][INFO] ->  >>>>>> NEW ALGORITHM CYCLE <<<<<< 
[18:10:12] [Controller][INFO] -> --MODE: Mode.EXPLORING
[18:10:12] [Controller][INFO] -> --ACTIONS: [<Command.RUN: 1>]
[18:10:12] [Controller][INFO] -> --CURRENT NODE: [ Name: R_n5, Type: Type.OBSERVED, Action: 90.0, Parent: M_n4, Left: None, Mid: None, Right: None ]
[18:10:12] [Controller][DEBUG] -> --CURRENT TREE:
[18:10:12][NOHEADER] -> {'root': {'M_n1': ' (M , N , E )'}, 'M_n1': {'L_n2': ' (L , O , E)'}, 'L_n2': {'L_n3': ' (L , S , O)', 'M_n4': ' (M , O , E )'}, 'L_n3': {}, 'M_n4': {'M_n6': ' (M , O , O )', 'R_n5': ' (R , N , O)'}, 'M_n6': {}, 'R_n5': {}}

[18:10:12] [Controller][DEBUG] -> --CURRENT NODE: [ Name: R_n5, Type: Type.OBSERVED, Action: 90.0, Parent: M_n4, Left: None, Mid: None, Right: None ]
[18:10:12] [Controller][INFO] -> --Available actions: [<Command.RUN: 1>]

[18:10:12] [Controller][INFO] ->  >>>>>> NEW ALGORITHM CYCLE <<<<<< 
[18:10:12] [Controller][INFO] -> --MODE: Mode.EXPLORING
[18:10:12] [Controller][INFO] -> --ACTIONS: [<Command.GO_TO_JUNCTION: 3>]
[18:10:12] [Controller][INFO] -> --CURRENT NODE: [ Name: R_n5, Type: Type.OBSERVED, Action: 90.0, Parent: M_n4, Left: None, Mid: None, Right: None ]
[18:10:12] [Controller][DEBUG] -> --CURRENT TREE:
[18:10:12][NOHEADER] -> {'root': {'M_n1': ' (M , N , E )'}, 'M_n1': {'L_n2': ' (L , O , E)'}, 'L_n2': {'L_n3': ' (L , S , O)', 'M_n4': ' (M , O , E )'}, 'L_n3': {}, 'M_n4': {'M_n6': ' (M , O , O )', 'R_n5': ' (R , N , O)'}, 'M_n6': {}, 'R_n5': {}}

[18:10:12] [Controller][DEBUG] -> --CURRENT NODE: [ Name: R_n5, Type: Type.OBSERVED, Action: 90.0, Parent: M_n4, Left: None, Mid: None, Right: None ]
[18:10:12] [Controller][INFO] -> --Available actions: [<Command.GO_TO_JUNCTION: 3>]

[18:10:12] [Controller][INFO] ->  >>>>>> NEW ALGORITHM CYCLE <<<<<< 
[18:10:13] [Controller][INFO] -> --MODE: Mode.EXPLORING
[18:10:13] [Controller][INFO] -> --ACTIONS: [<Compass.OVEST: 180.0>]
[18:10:13] [Controller][INFO] -> --CURRENT NODE: [ Name: R_n5, Type: Type.OBSERVED, Action: 90.0, Parent: M_n4, Left: None, Mid: None, Right: None ]
[18:10:13] [Controller][DEBUG] -> --CURRENT TREE:
[18:10:13][NOHEADER] -> {'root': {'M_n1': ' (M , N , E )'}, 'M_n1': {'L_n2': ' (L , O , E)'}, 'L_n2': {'L_n3': ' (L , S , O)', 'M_n4': ' (M , O , E )'}, 'L_n3': {}, 'M_n4': {'M_n6': ' (M , O , O )', 'R_n5': ' (R , N , E)'}, 'M_n6': {}, 'R_n5': {'L_n7': ' (L , O , O)'}, 'L_n7': {}}

[18:10:13] [Controller][DEBUG] -> --CURRENT NODE: [ Name: L_n7, Type: Type.OBSERVED, Action: 180.0, Parent: R_n5, Left: None, Mid: None, Right: None ]
[18:10:13] [Controller][INFO] -> --Available actions: [<Compass.OVEST: 180.0>]

[18:10:16] [Controller][INFO] ->  >>>>>> NEW ALGORITHM CYCLE <<<<<< 
[18:10:16] [Controller][INFO] -> --MODE: Mode.EXPLORING
[18:10:16] [Controller][INFO] -> --ACTIONS: [<Compass.OVEST: 180.0>]
[18:10:16] [Controller][INFO] -> --CURRENT NODE: [ Name: L_n7, Type: Type.OBSERVED, Action: 180.0, Parent: R_n5, Left: None, Mid: None, Right: None ]
[18:10:16] [Controller][DEBUG] -> --CURRENT TREE:
[18:10:16][NOHEADER] -> {'root': {'M_n1': ' (M , N , E )'}, 'M_n1': {'L_n2': ' (L , O , E)'}, 'L_n2': {'L_n3': ' (L , S , O)', 'M_n4': ' (M , O , E )'}, 'L_n3': {}, 'M_n4': {'M_n6': ' (M , O , O )', 'R_n5': ' (R , N , E)'}, 'M_n6': {}, 'R_n5': {'L_n7': ' (L , O , O)'}, 'L_n7': {}}

[18:10:16] [Controller][DEBUG] -> --CURRENT NODE: [ Name: L_n7, Type: Type.OBSERVED, Action: 180.0, Parent: R_n5, Left: None, Mid: None, Right: None ]
[18:10:16] [Controller][INFO] -> --Available actions: [<Compass.OVEST: 180.0>]

[18:10:16] [Controller][INFO] ->  >>>>>> NEW ALGORITHM CYCLE <<<<<< 
[18:10:16] [Controller][INFO] -> --MODE: Mode.EXPLORING
[18:10:16] [Controller][INFO] -> --ACTIONS: [<Command.RUN: 1>]
[18:10:16] [Controller][INFO] -> --CURRENT NODE: [ Name: L_n7, Type: Type.OBSERVED, Action: 180.0, Parent: R_n5, Left: None, Mid: None, Right: None ]
[18:10:16] [Controller][DEBUG] -> --CURRENT TREE:
[18:10:16][NOHEADER] -> {'root': {'M_n1': ' (M , N , E )'}, 'M_n1': {'L_n2': ' (L , O , E)'}, 'L_n2': {'L_n3': ' (L , S , O)', 'M_n4': ' (M , O , E )'}, 'L_n3': {}, 'M_n4': {'M_n6': ' (M , O , O )', 'R_n5': ' (R , N , E)'}, 'M_n6': {}, 'R_n5': {'L_n7': ' (L , O , O)'}, 'L_n7': {}}

[18:10:16] [Controller][DEBUG] -> --CURRENT NODE: [ Name: L_n7, Type: Type.OBSERVED, Action: 180.0, Parent: R_n5, Left: None, Mid: None, Right: None ]
[18:10:16] [Controller][INFO] -> --Available actions: [<Command.RUN: 1>]

[18:10:16] [Controller][INFO] ->  >>>>>> NEW ALGORITHM CYCLE <<<<<< 
[18:10:16] [Controller][INFO] -> --MODE: Mode.EXPLORING
[18:10:16] [Controller][INFO] -> --ACTIONS: [<Command.RUN: 1>]
[18:10:16] [Controller][INFO] -> --CURRENT NODE: [ Name: L_n7, Type: Type.OBSERVED, Action: 180.0, Parent: R_n5, Left: None, Mid: None, Right: None ]
[18:10:16] [Controller][DEBUG] -> --CURRENT TREE:
[18:10:16][NOHEADER] -> {'root': {'M_n1': ' (M , N , E )'}, 'M_n1': {'L_n2': ' (L , O , E)'}, 'L_n2': {'L_n3': ' (L , S , O)', 'M_n4': ' (M , O , E )'}, 'L_n3': {}, 'M_n4': {'M_n6': ' (M , O , O )', 'R_n5': ' (R , N , E)'}, 'M_n6': {}, 'R_n5': {'L_n7': ' (L , O , O)'}, 'L_n7': {}}

[18:10:16] [Controller][DEBUG] -> --CURRENT NODE: [ Name: L_n7, Type: Type.OBSERVED, Action: 180.0, Parent: R_n5, Left: None, Mid: None, Right: None ]
[18:10:16] [Controller][INFO] -> --Available actions: [<Command.RUN: 1>]

[18:10:16] [Controller][INFO] ->  >>>>>> NEW ALGORITHM CYCLE <<<<<< 
[18:10:17] [Controller][INFO] -> --MODE: Mode.EXPLORING
[18:10:17] [Controller][INFO] -> --ACTIONS: [<Command.RUN: 1>]
[18:10:17] [Controller][INFO] -> --CURRENT NODE: [ Name: L_n7, Type: Type.OBSERVED, Action: 180.0, Parent: R_n5, Left: None, Mid: None, Right: None ]
[18:10:17] [Controller][DEBUG] -> --CURRENT TREE:
[18:10:17][NOHEADER] -> {'root': {'M_n1': ' (M , N , E )'}, 'M_n1': {'L_n2': ' (L , O , E)'}, 'L_n2': {'L_n3': ' (L , S , O)', 'M_n4': ' (M , O , E )'}, 'L_n3': {}, 'M_n4': {'M_n6': ' (M , O , O )', 'R_n5': ' (R , N , E)'}, 'M_n6': {}, 'R_n5': {'L_n7': ' (L , O , O)'}, 'L_n7': {}}

[18:10:17] [Controller][DEBUG] -> --CURRENT NODE: [ Name: L_n7, Type: Type.OBSERVED, Action: 180.0, Parent: R_n5, Left: None, Mid: None, Right: None ]
[18:10:17] [Controller][INFO] -> --Available actions: [<Command.RUN: 1>]

[18:10:17] [Controller][INFO] ->  >>>>>> NEW ALGORITHM CYCLE <<<<<< 
[18:10:17] [Controller][INFO] -> --MODE: Mode.EXPLORING
[18:10:17] [Controller][INFO] -> --ACTIONS: [<Command.RUN: 1>]
[18:10:17] [Controller][INFO] -> --CURRENT NODE: [ Name: L_n7, Type: Type.OBSERVED, Action: 180.0, Parent: R_n5, Left: None, Mid: None, Right: None ]
[18:10:17] [Controller][DEBUG] -> --CURRENT TREE:
[18:10:17][NOHEADER] -> {'root': {'M_n1': ' (M , N , E )'}, 'M_n1': {'L_n2': ' (L , O , E)'}, 'L_n2': {'L_n3': ' (L , S , O)', 'M_n4': ' (M , O , E )'}, 'L_n3': {}, 'M_n4': {'M_n6': ' (M , O , O )', 'R_n5': ' (R , N , E)'}, 'M_n6': {}, 'R_n5': {'L_n7': ' (L , O , O)'}, 'L_n7': {}}

[18:10:17] [Controller][DEBUG] -> --CURRENT NODE: [ Name: L_n7, Type: Type.OBSERVED, Action: 180.0, Parent: R_n5, Left: None, Mid: None, Right: None ]
[18:10:17] [Controller][INFO] -> --Available actions: [<Command.RUN: 1>]

[18:10:17] [Controller][INFO] ->  >>>>>> NEW ALGORITHM CYCLE <<<<<< 
[18:10:17] [Controller][INFO] -> --MODE: Mode.EXPLORING
[18:10:17] [Controller][INFO] -> --ACTIONS: [<Command.RUN: 1>]
[18:10:17] [Controller][INFO] -> --CURRENT NODE: [ Name: L_n7, Type: Type.OBSERVED, Action: 180.0, Parent: R_n5, Left: None, Mid: None, Right: None ]
[18:10:17] [Controller][DEBUG] -> --CURRENT TREE:
[18:10:17][NOHEADER] -> {'root': {'M_n1': ' (M , N , E )'}, 'M_n1': {'L_n2': ' (L , O , E)'}, 'L_n2': {'L_n3': ' (L , S , O)', 'M_n4': ' (M , O , E )'}, 'L_n3': {}, 'M_n4': {'M_n6': ' (M , O , O )', 'R_n5': ' (R , N , E)'}, 'M_n6': {}, 'R_n5': {'L_n7': ' (L , O , O)'}, 'L_n7': {}}

[18:10:17] [Controller][DEBUG] -> --CURRENT NODE: [ Name: L_n7, Type: Type.OBSERVED, Action: 180.0, Parent: R_n5, Left: None, Mid: None, Right: None ]
[18:10:17] [Controller][INFO] -> --Available actions: [<Command.RUN: 1>]

[18:10:17] [Controller][INFO] ->  >>>>>> NEW ALGORITHM CYCLE <<<<<< 
[18:10:17] [Controller][INFO] -> --MODE: Mode.EXPLORING
[18:10:17] [Controller][INFO] -> --ACTIONS: [<Command.RUN: 1>]
[18:10:17] [Controller][INFO] -> --CURRENT NODE: [ Name: L_n7, Type: Type.OBSERVED, Action: 180.0, Parent: R_n5, Left: None, Mid: None, Right: None ]
[18:10:17] [Controller][DEBUG] -> --CURRENT TREE:
[18:10:17][NOHEADER] -> {'root': {'M_n1': ' (M , N , E )'}, 'M_n1': {'L_n2': ' (L , O , E)'}, 'L_n2': {'L_n3': ' (L , S , O)', 'M_n4': ' (M , O , E )'}, 'L_n3': {}, 'M_n4': {'M_n6': ' (M , O , O )', 'R_n5': ' (R , N , E)'}, 'M_n6': {}, 'R_n5': {'L_n7': ' (L , O , O)'}, 'L_n7': {}}

[18:10:17] [Controller][DEBUG] -> --CURRENT NODE: [ Name: L_n7, Type: Type.OBSERVED, Action: 180.0, Parent: R_n5, Left: None, Mid: None, Right: None ]
[18:10:17] [Controller][INFO] -> --Available actions: [<Command.RUN: 1>]

[18:10:17] [Controller][INFO] ->  >>>>>> NEW ALGORITHM CYCLE <<<<<< 
[18:10:18] [Controller][INFO] -> --MODE: Mode.EXPLORING
[18:10:18] [Controller][INFO] -> --ACTIONS: [<Command.RUN: 1>]
[18:10:18] [Controller][INFO] -> --CURRENT NODE: [ Name: L_n7, Type: Type.OBSERVED, Action: 180.0, Parent: R_n5, Left: None, Mid: None, Right: None ]
[18:10:18] [Controller][DEBUG] -> --CURRENT TREE:
[18:10:18][NOHEADER] -> {'root': {'M_n1': ' (M , N , E )'}, 'M_n1': {'L_n2': ' (L , O , E)'}, 'L_n2': {'L_n3': ' (L , S , O)', 'M_n4': ' (M , O , E )'}, 'L_n3': {}, 'M_n4': {'M_n6': ' (M , O , O )', 'R_n5': ' (R , N , E)'}, 'M_n6': {}, 'R_n5': {'L_n7': ' (L , O , O)'}, 'L_n7': {}}

[18:10:18] [Controller][DEBUG] -> --CURRENT NODE: [ Name: L_n7, Type: Type.OBSERVED, Action: 180.0, Parent: R_n5, Left: None, Mid: None, Right: None ]
[18:10:18] [Controller][INFO] -> --Available actions: [<Command.RUN: 1>]

[18:10:18] [Controller][INFO] ->  >>>>>> NEW ALGORITHM CYCLE <<<<<< 
[18:10:18] [Controller][INFO] -> --MODE: Mode.EXPLORING
[18:10:18] [Controller][INFO] -> --ACTIONS: [<Command.GO_TO_JUNCTION: 3>]
[18:10:18] [Controller][INFO] -> --CURRENT NODE: [ Name: L_n7, Type: Type.OBSERVED, Action: 180.0, Parent: R_n5, Left: None, Mid: None, Right: None ]
[18:10:18] [Controller][DEBUG] -> --CURRENT TREE:
[18:10:18][NOHEADER] -> {'root': {'M_n1': ' (M , N , E )'}, 'M_n1': {'L_n2': ' (L , O , E)'}, 'L_n2': {'L_n3': ' (L , S , O)', 'M_n4': ' (M , O , E )'}, 'L_n3': {}, 'M_n4': {'M_n6': ' (M , O , O )', 'R_n5': ' (R , N , E)'}, 'M_n6': {}, 'R_n5': {'L_n7': ' (L , O , O)'}, 'L_n7': {}}

[18:10:18] [Controller][DEBUG] -> --CURRENT NODE: [ Name: L_n7, Type: Type.OBSERVED, Action: 180.0, Parent: R_n5, Left: None, Mid: None, Right: None ]
[18:10:18] [Controller][INFO] -> --Available actions: [<Command.GO_TO_JUNCTION: 3>]

[18:10:19] [Controller][INFO] ->  >>>>>> NEW ALGORITHM CYCLE <<<<<< 
[18:10:19] [Controller][INFO] -> --MODE: Mode.EXPLORING
[18:10:19] [Controller][INFO] -> --ACTIONS: [<Compass.NORD: 90.0>, <Compass.SUD: -90.0>]
[18:10:19] [Controller][INFO] -> --CURRENT NODE: [ Name: L_n7, Type: Type.OBSERVED, Action: 180.0, Parent: R_n5, Left: None, Mid: None, Right: None ]
[18:10:19] [Controller][DEBUG] -> --CURRENT TREE:
[18:10:19][NOHEADER] -> {'root': {'M_n1': ' (M , N , E )'}, 'M_n1': {'L_n2': ' (L , O , E)'}, 'L_n2': {'L_n3': ' (L , S , O)', 'M_n4': ' (M , O , E )'}, 'L_n3': {}, 'M_n4': {'M_n6': ' (M , O , O )', 'R_n5': ' (R , N , E)'}, 'M_n6': {}, 'R_n5': {'L_n7': ' (L , O , E)'}, 'L_n7': {'L_n9': ' (L , S , O)', 'R_n8': ' (R , N , O)'}, 'L_n9': {}, 'R_n8': {}}

[18:10:19] [Controller][DEBUG] -> --CURRENT NODE: [ Name: R_n8, Type: Type.OBSERVED, Action: 90.0, Parent: L_n7, Left: None, Mid: None, Right: None ]
[18:10:19] [Controller][INFO] -> --Available actions: [<Compass.NORD: 90.0>, <Compass.SUD: -90.0>]
[18:10:19] [Controller][INFO] -> CONTROLLER STOPPED
