[18:10:42] [Controller][INFO] -> LOG SEVERYTY: LOW

[18:10:42] [Controller][INFO] -> CONTROLLER LAUNCHED

[18:10:43] [Controller][INFO] ->  >>>>>> NEW ALGORITHM CYCLE <<<<<< 
[18:10:43] [Controller][INFO] -> --MODE: Mode.EXPLORING
[18:10:43] [Controller][INFO] -> --ACTIONS: [<Command.START: -1>]
[18:10:43] [Controller][INFO] -> --CURRENT NODE: [ Name: root, Type: Type.OBSERVED, Action: None, Parent: None, Left: None, Mid: None, Right: None ]
[18:10:43] [Controller][DEBUG] -> --CURRENT TREE:
[18:10:43][NOHEADER] -> {'root': {}}

[18:10:43] [Controller][DEBUG] -> --CURRENT NODE: [ Name: root, Type: Type.OBSERVED, Action: None, Parent: None, Left: None, Mid: None, Right: None ]
[18:10:43] [Controller][INFO] -> --Available actions: [<Command.START: -1>]

[18:10:43] [Controller][INFO] ->  >>>>>> NEW ALGORITHM CYCLE <<<<<< 
[18:10:43] [Controller][INFO] -> --MODE: Mode.EXPLORING
[18:10:43] [Controller][INFO] -> --ACTIONS: [<Compass.NORD: 90.0>]
[18:10:43] [Controller][INFO] -> --CURRENT NODE: [ Name: root, Type: Type.OBSERVED, Action: None, Parent: None, Left: None, Mid: None, Right: None ]
[18:10:43] [Controller][DEBUG] -> --CURRENT TREE:
[18:10:43][NOHEADER] -> {'root': {'M_n1': ' (M , N , O )'}, 'M_n1': {}}

[18:10:43] [Controller][DEBUG] -> --CURRENT NODE: [ Name: M_n1, Type: Type.OBSERVED, Action: 90.0, Parent: root, Left: None, Mid: None, Right: None ]
[18:10:43] [Controller][INFO] -> --Available actions: [<Compass.NORD: 90.0>]

[18:10:43] [Controller][INFO] ->  >>>>>> NEW ALGORITHM CYCLE <<<<<< 
[18:10:43] [Controller][INFO] -> --MODE: Mode.EXPLORING
[18:10:43] [Controller][INFO] -> --ACTIONS: [<Command.RUN: 1>]
[18:10:43] [Controller][INFO] -> --CURRENT NODE: [ Name: M_n1, Type: Type.OBSERVED, Action: 90.0, Parent: root, Left: None, Mid: None, Right: None ]
[18:10:43] [Controller][DEBUG] -> --CURRENT TREE:
[18:10:43][NOHEADER] -> {'root': {'M_n1': ' (M , N , O )'}, 'M_n1': {}}

[18:10:43] [Controller][DEBUG] -> --CURRENT NODE: [ Name: M_n1, Type: Type.OBSERVED, Action: 90.0, Parent: root, Left: None, Mid: None, Right: None ]
[18:10:43] [Controller][INFO] -> --Available actions: [<Command.RUN: 1>]

[18:10:43] [Controller][INFO] ->  >>>>>> NEW ALGORITHM CYCLE <<<<<< 
[18:10:44] [Controller][INFO] -> --MODE: Mode.EXPLORING
[18:10:44] [Controller][INFO] -> --ACTIONS: [<Command.RUN: 1>]
[18:10:44] [Controller][INFO] -> --CURRENT NODE: [ Name: M_n1, Type: Type.OBSERVED, Action: 90.0, Parent: root, Left: None, Mid: None, Right: None ]
[18:10:44] [Controller][DEBUG] -> --CURRENT TREE:
[18:10:44][NOHEADER] -> {'root': {'M_n1': ' (M , N , O )'}, 'M_n1': {}}

[18:10:44] [Controller][DEBUG] -> --CURRENT NODE: [ Name: M_n1, Type: Type.OBSERVED, Action: 90.0, Parent: root, Left: None, Mid: None, Right: None ]
[18:10:44] [Controller][INFO] -> --Available actions: [<Command.RUN: 1>]

[18:10:44] [Controller][INFO] ->  >>>>>> NEW ALGORITHM CYCLE <<<<<< 
[18:10:44] [Controller][INFO] -> --MODE: Mode.EXPLORING
[18:10:44] [Controller][INFO] -> --ACTIONS: [<Command.RUN: 1>]
[18:10:44] [Controller][INFO] -> --CURRENT NODE: [ Name: M_n1, Type: Type.OBSERVED, Action: 90.0, Parent: root, Left: None, Mid: None, Right: None ]
[18:10:44] [Controller][DEBUG] -> --CURRENT TREE:
[18:10:44][NOHEADER] -> {'root': {'M_n1': ' (M , N , O )'}, 'M_n1': {}}

[18:10:44] [Controller][DEBUG] -> --CURRENT NODE: [ Name: M_n1, Type: Type.OBSERVED, Action: 90.0, Parent: root, Left: None, Mid: None, Right: None ]
[18:10:44] [Controller][INFO] -> --Available actions: [<Command.RUN: 1>]

[18:10:44] [Controller][INFO] ->  >>>>>> NEW ALGORITHM CYCLE <<<<<< 
[18:10:44] [Controller][INFO] -> --MODE: Mode.EXPLORING
[18:10:44] [Controller][INFO] -> --ACTIONS: [<Command.RUN: 1>]
[18:10:44] [Controller][INFO] -> --CURRENT NODE: [ Name: M_n1, Type: Type.OBSERVED, Action: 90.0, Parent: root, Left: None, Mid: None, Right: None ]
[18:10:44] [Controller][DEBUG] -> --CURRENT TREE:
[18:10:44][NOHEADER] -> {'root': {'M_n1': ' (M , N , O )'}, 'M_n1': {}}

[18:10:44] [Controller][DEBUG] -> --CURRENT NODE: [ Name: M_n1, Type: Type.OBSERVED, Action: 90.0, Parent: root, Left: None, Mid: None, Right: None ]
[18:10:44] [Controller][INFO] -> --Available actions: [<Command.RUN: 1>]

[18:10:44] [Controller][INFO] ->  >>>>>> NEW ALGORITHM CYCLE <<<<<< 
[18:10:44] [Controller][INFO] -> --MODE: Mode.EXPLORING
[18:10:44] [Controller][INFO] -> --ACTIONS: [<Command.GO_TO_JUNCTION: 3>]
[18:10:44] [Controller][INFO] -> --CURRENT NODE: [ Name: M_n1, Type: Type.OBSERVED, Action: 90.0, Parent: root, Left: None, Mid: None, Right: None ]
[18:10:44] [Controller][DEBUG] -> --CURRENT TREE:
[18:10:44][NOHEADER] -> {'root': {'M_n1': ' (M , N , O )'}, 'M_n1': {}}

[18:10:44] [Controller][DEBUG] -> --CURRENT NODE: [ Name: M_n1, Type: Type.OBSERVED, Action: 90.0, Parent: root, Left: None, Mid: None, Right: None ]
[18:10:44] [Controller][INFO] -> --Available actions: [<Command.GO_TO_JUNCTION: 3>]

[18:10:45] [Controller][INFO] ->  >>>>>> NEW ALGORITHM CYCLE <<<<<< 
[18:10:45] [Controller][INFO] -> --MODE: Mode.EXPLORING
[18:10:45] [Controller][INFO] -> --ACTIONS: [<Compass.OVEST: 180.0>]
[18:10:45] [Controller][INFO] -> --CURRENT NODE: [ Name: M_n1, Type: Type.OBSERVED, Action: 90.0, Parent: root, Left: None, Mid: None, Right: None ]
[18:10:45] [Controller][DEBUG] -> --CURRENT TREE:
[18:10:45][NOHEADER] -> {'root': {'M_n1': ' (M , N , E )'}, 'M_n1': {'L_n2': ' (L , O , O)'}, 'L_n2': {}}

[18:10:45] [Controller][DEBUG] -> --CURRENT NODE: [ Name: L_n2, Type: Type.OBSERVED, Action: 180.0, Parent: M_n1, Left: None, Mid: None, Right: None ]
[18:10:45] [Controller][INFO] -> --Available actions: [<Compass.OVEST: 180.0>]

[18:10:47] [Controller][INFO] ->  >>>>>> NEW ALGORITHM CYCLE <<<<<< 
[18:10:48] [Controller][INFO] -> --MODE: Mode.EXPLORING
[18:10:48] [Controller][INFO] -> --ACTIONS: [<Compass.OVEST: 180.0>]
[18:10:48] [Controller][INFO] -> --CURRENT NODE: [ Name: L_n2, Type: Type.OBSERVED, Action: 180.0, Parent: M_n1, Left: None, Mid: None, Right: None ]
[18:10:48] [Controller][DEBUG] -> --CURRENT TREE:
[18:10:48][NOHEADER] -> {'root': {'M_n1': ' (M , N , E )'}, 'M_n1': {'L_n2': ' (L , O , O)'}, 'L_n2': {}}

[18:10:48] [Controller][DEBUG] -> --CURRENT NODE: [ Name: L_n2, Type: Type.OBSERVED, Action: 180.0, Parent: M_n1, Left: None, Mid: None, Right: None ]
[18:10:48] [Controller][INFO] -> --Available actions: [<Compass.OVEST: 180.0>]

[18:10:48] [Controller][INFO] ->  >>>>>> NEW ALGORITHM CYCLE <<<<<< 
[18:10:48] [Controller][INFO] -> --MODE: Mode.EXPLORING
[18:10:48] [Controller][INFO] -> --ACTIONS: [<Command.RUN: 1>]
[18:10:48] [Controller][INFO] -> --CURRENT NODE: [ Name: L_n2, Type: Type.OBSERVED, Action: 180.0, Parent: M_n1, Left: None, Mid: None, Right: None ]
[18:10:48] [Controller][DEBUG] -> --CURRENT TREE:
[18:10:48][NOHEADER] -> {'root': {'M_n1': ' (M , N , E )'}, 'M_n1': {'L_n2': ' (L , O , O)'}, 'L_n2': {}}

[18:10:48] [Controller][DEBUG] -> --CURRENT NODE: [ Name: L_n2, Type: Type.OBSERVED, Action: 180.0, Parent: M_n1, Left: None, Mid: None, Right: None ]
[18:10:48] [Controller][INFO] -> --Available actions: [<Command.RUN: 1>]

[18:10:48] [Controller][INFO] ->  >>>>>> NEW ALGORITHM CYCLE <<<<<< 
[18:10:48] [Controller][INFO] -> --MODE: Mode.EXPLORING
[18:10:48] [Controller][INFO] -> --ACTIONS: [<Command.RUN: 1>]
[18:10:48] [Controller][INFO] -> --CURRENT NODE: [ Name: L_n2, Type: Type.OBSERVED, Action: 180.0, Parent: M_n1, Left: None, Mid: None, Right: None ]
[18:10:48] [Controller][DEBUG] -> --CURRENT TREE:
[18:10:48][NOHEADER] -> {'root': {'M_n1': ' (M , N , E )'}, 'M_n1': {'L_n2': ' (L , O , O)'}, 'L_n2': {}}

[18:10:48] [Controller][DEBUG] -> --CURRENT NODE: [ Name: L_n2, Type: Type.OBSERVED, Action: 180.0, Parent: M_n1, Left: None, Mid: None, Right: None ]
[18:10:48] [Controller][INFO] -> --Available actions: [<Command.RUN: 1>]

[18:10:48] [Controller][INFO] ->  >>>>>> NEW ALGORITHM CYCLE <<<<<< 
[18:10:48] [Controller][INFO] -> --MODE: Mode.EXPLORING
[18:10:48] [Controller][INFO] -> --ACTIONS: [<Command.RUN: 1>]
[18:10:48] [Controller][INFO] -> --CURRENT NODE: [ Name: L_n2, Type: Type.OBSERVED, Action: 180.0, Parent: M_n1, Left: None, Mid: None, Right: None ]
[18:10:48] [Controller][DEBUG] -> --CURRENT TREE:
[18:10:48][NOHEADER] -> {'root': {'M_n1': ' (M , N , E )'}, 'M_n1': {'L_n2': ' (L , O , O)'}, 'L_n2': {}}

[18:10:48] [Controller][DEBUG] -> --CURRENT NODE: [ Name: L_n2, Type: Type.OBSERVED, Action: 180.0, Parent: M_n1, Left: None, Mid: None, Right: None ]
[18:10:48] [Controller][INFO] -> --Available actions: [<Command.RUN: 1>]

[18:10:48] [Controller][INFO] ->  >>>>>> NEW ALGORITHM CYCLE <<<<<< 
[18:10:49] [Controller][INFO] -> --MODE: Mode.EXPLORING
[18:10:49] [Controller][INFO] -> --ACTIONS: [<Command.RUN: 1>]
[18:10:49] [Controller][INFO] -> --CURRENT NODE: [ Name: L_n2, Type: Type.OBSERVED, Action: 180.0, Parent: M_n1, Left: None, Mid: None, Right: None ]
[18:10:49] [Controller][DEBUG] -> --CURRENT TREE:
[18:10:49][NOHEADER] -> {'root': {'M_n1': ' (M , N , E )'}, 'M_n1': {'L_n2': ' (L , O , O)'}, 'L_n2': {}}

[18:10:49] [Controller][DEBUG] -> --CURRENT NODE: [ Name: L_n2, Type: Type.OBSERVED, Action: 180.0, Parent: M_n1, Left: None, Mid: None, Right: None ]
[18:10:49] [Controller][INFO] -> --Available actions: [<Command.RUN: 1>]

[18:10:49] [Controller][INFO] ->  >>>>>> NEW ALGORITHM CYCLE <<<<<< 
[18:10:49] [Controller][INFO] -> --MODE: Mode.EXPLORING
[18:10:49] [Controller][INFO] -> --ACTIONS: [<Command.GO_TO_JUNCTION: 3>]
[18:10:49] [Controller][INFO] -> --CURRENT NODE: [ Name: L_n2, Type: Type.OBSERVED, Action: 180.0, Parent: M_n1, Left: None, Mid: None, Right: None ]
[18:10:49] [Controller][DEBUG] -> --CURRENT TREE:
[18:10:49][NOHEADER] -> {'root': {'M_n1': ' (M , N , E )'}, 'M_n1': {'L_n2': ' (L , O , O)'}, 'L_n2': {}}

[18:10:49] [Controller][DEBUG] -> --CURRENT NODE: [ Name: L_n2, Type: Type.OBSERVED, Action: 180.0, Parent: M_n1, Left: None, Mid: None, Right: None ]
[18:10:49] [Controller][INFO] -> --Available actions: [<Command.GO_TO_JUNCTION: 3>]

[18:10:50] [Controller][INFO] ->  >>>>>> NEW ALGORITHM CYCLE <<<<<< 
[18:10:50] [Controller][INFO] -> --MODE: Mode.EXPLORING
[18:10:50] [Controller][INFO] -> --ACTIONS: [<Compass.SUD: -90.0>, <Compass.OVEST: 180.0>]
[18:10:50] [Controller][INFO] -> --CURRENT NODE: [ Name: L_n2, Type: Type.OBSERVED, Action: 180.0, Parent: M_n1, Left: None, Mid: None, Right: None ]
[18:10:50] [Controller][DEBUG] -> --CURRENT TREE:
[18:10:50][NOHEADER] -> {'root': {'M_n1': ' (M , N , E )'}, 'M_n1': {'L_n2': ' (L , O , E)'}, 'L_n2': {'L_n3': ' (L , S , O)', 'M_n4': ' (M , O , O )'}, 'L_n3': {}, 'M_n4': {}}

[18:10:50] [Controller][DEBUG] -> --CURRENT NODE: [ Name: M_n4, Type: Type.OBSERVED, Action: 180.0, Parent: L_n2, Left: None, Mid: None, Right: None ]
[18:10:50] [Controller][INFO] -> --Available actions: [<Compass.SUD: -90.0>, <Compass.OVEST: 180.0>]

[18:10:50] [Controller][INFO] ->  >>>>>> NEW ALGORITHM CYCLE <<<<<< 
[18:10:50] [Controller][INFO] -> --MODE: Mode.EXPLORING
[18:10:50] [Controller][INFO] -> --ACTIONS: [<Command.RUN: 1>]
[18:10:50] [Controller][INFO] -> --CURRENT NODE: [ Name: M_n4, Type: Type.OBSERVED, Action: 180.0, Parent: L_n2, Left: None, Mid: None, Right: None ]
[18:10:50] [Controller][DEBUG] -> --CURRENT TREE:
[18:10:50][NOHEADER] -> {'root': {'M_n1': ' (M , N , E )'}, 'M_n1': {'L_n2': ' (L , O , E)'}, 'L_n2': {'L_n3': ' (L , S , O)', 'M_n4': ' (M , O , O )'}, 'L_n3': {}, 'M_n4': {}}

[18:10:50] [Controller][DEBUG] -> --CURRENT NODE: [ Name: M_n4, Type: Type.OBSERVED, Action: 180.0, Parent: L_n2, Left: None, Mid: None, Right: None ]
[18:10:50] [Controller][INFO] -> --Available actions: [<Command.RUN: 1>]

[18:10:50] [Controller][INFO] ->  >>>>>> NEW ALGORITHM CYCLE <<<<<< 
[18:10:50] [Controller][INFO] -> --MODE: Mode.EXPLORING
[18:10:50] [Controller][INFO] -> --ACTIONS: [<Command.RUN: 1>]
[18:10:50] [Controller][INFO] -> --CURRENT NODE: [ Name: M_n4, Type: Type.OBSERVED, Action: 180.0, Parent: L_n2, Left: None, Mid: None, Right: None ]
[18:10:50] [Controller][DEBUG] -> --CURRENT TREE:
[18:10:50][NOHEADER] -> {'root': {'M_n1': ' (M , N , E )'}, 'M_n1': {'L_n2': ' (L , O , E)'}, 'L_n2': {'L_n3': ' (L , S , O)', 'M_n4': ' (M , O , O )'}, 'L_n3': {}, 'M_n4': {}}

[18:10:50] [Controller][DEBUG] -> --CURRENT NODE: [ Name: M_n4, Type: Type.OBSERVED, Action: 180.0, Parent: L_n2, Left: None, Mid: None, Right: None ]
[18:10:50] [Controller][INFO] -> --Available actions: [<Command.RUN: 1>]

[18:10:50] [Controller][INFO] ->  >>>>>> NEW ALGORITHM CYCLE <<<<<< 
[18:10:51] [Controller][INFO] -> --MODE: Mode.EXPLORING
[18:10:51] [Controller][INFO] -> --ACTIONS: [<Command.RUN: 1>]
[18:10:51] [Controller][INFO] -> --CURRENT NODE: [ Name: M_n4, Type: Type.OBSERVED, Action: 180.0, Parent: L_n2, Left: None, Mid: None, Right: None ]
[18:10:51] [Controller][DEBUG] -> --CURRENT TREE:
[18:10:51][NOHEADER] -> {'root': {'M_n1': ' (M , N , E )'}, 'M_n1': {'L_n2': ' (L , O , E)'}, 'L_n2': {'L_n3': ' (L , S , O)', 'M_n4': ' (M , O , O )'}, 'L_n3': {}, 'M_n4': {}}

[18:10:51] [Controller][DEBUG] -> --CURRENT NODE: [ Name: M_n4, Type: Type.OBSERVED, Action: 180.0, Parent: L_n2, Left: None, Mid: None, Right: None ]
[18:10:51] [Controller][INFO] -> --Available actions: [<Command.RUN: 1>]

[18:10:51] [Controller][INFO] ->  >>>>>> NEW ALGORITHM CYCLE <<<<<< 
[18:10:51] [Controller][INFO] -> --MODE: Mode.EXPLORING
[18:10:51] [Controller][INFO] -> --ACTIONS: [<Command.GO_TO_JUNCTION: 3>]
[18:10:51] [Controller][INFO] -> --CURRENT NODE: [ Name: M_n4, Type: Type.OBSERVED, Action: 180.0, Parent: L_n2, Left: None, Mid: None, Right: None ]
[18:10:51] [Controller][DEBUG] -> --CURRENT TREE:
[18:10:51][NOHEADER] -> {'root': {'M_n1': ' (M , N , E )'}, 'M_n1': {'L_n2': ' (L , O , E)'}, 'L_n2': {'L_n3': ' (L , S , O)', 'M_n4': ' (M , O , O )'}, 'L_n3': {}, 'M_n4': {}}

[18:10:51] [Controller][DEBUG] -> --CURRENT NODE: [ Name: M_n4, Type: Type.OBSERVED, Action: 180.0, Parent: L_n2, Left: None, Mid: None, Right: None ]
[18:10:51] [Controller][INFO] -> --Available actions: [<Command.GO_TO_JUNCTION: 3>]
[18:10:52] [Controller][INFO] -> CONTROLLER STOPPED
