[11:11:22] [Controller][INFO] -> LOG SEVERYTY: HIGH

[11:11:22] [Controller][INFO] -> CONTROLLER LAUNCHED

[11:11:22] [Controller][INFO] ->  >>>>>> NEW ALGORITHM CYCLE <<<<<< 
[11:11:22] [Controller][INFO] -> --MODE: Mode.EXPLORING
[11:11:22] [Controller][INFO] -> --ACTIONS: [<Command.START: -1>]
[11:11:22] [Controller][INFO] -> --CURRENT NODE: [ Name: root, Type: Type.OBSERVED, Action: None, Parent: None, Left: None, Mid: None, Right: None ]
[11:11:22] [Controller][DEBUG] -> --CURRENT TREE:
[11:11:22][NOHEADER] -> {'root': {}}

[11:11:22] [Controller][DEBUG] -> --CURRENT NODE: [ Name: root, Type: Type.OBSERVED, Action: None, Parent: None, Left: None, Mid: None, Right: None ]
[11:11:22] [Controller][INFO] -> --Available actions: [<Command.START: -1>]
[11:11:22] [Controller][DEBUG] -> --(STATE, POSITION): (State.STARTING, Position.CORRIDOR)
[11:11:22] [Controller][DEBUG] -> --Performing action: Command.START

[11:11:22] [Controller][DEBUG] ->  ~~~ [ACTION TIME] ~~~ 
[11:11:22] [Controller][DEBUG] ->  ** COMMAND START ** 
[11:11:22] [Controller][DEBUG] -> --(STATE, POSITION): (State.STARTING, Position.CORRIDOR)

[11:11:22] [Controller][INFO] ->  >>>>>> NEW ALGORITHM CYCLE <<<<<< 
[11:11:22] [Controller][DEBUG] -> Control policy EXPLORING
[11:11:22] [Controller][INFO] -> --MODE: Mode.EXPLORING
[11:11:22] [Controller][INFO] -> --ACTIONS: [<Compass.NORD: 90.0>]
[11:11:22] [Controller][INFO] -> --CURRENT NODE: [ Name: root, Type: Type.OBSERVED, Action: None, Parent: None, Left: None, Mid: None, Right: None ]

[11:11:22] [Controller][DEBUG] -> *** 1) UPDATING TREE (MODE EXPLORING) ***
[11:11:22] [Controller][INFO] -> ADDED MID

[11:11:22] [Controller][DEBUG] -> *** 2) UPDATING TREE (MODE EXPLORING) ***
[11:11:22] [Controller][DEBUG] -> --CURRENT TREE:
[11:11:22][NOHEADER] -> {'root': {'M_n1': ' (M , N , O )'}, 'M_n1': {}}

[11:11:22] [Controller][DEBUG] -> --CURRENT NODE: [ Name: M_n1, Type: Type.OBSERVED, Action: 90.0, Parent: root, Left: None, Mid: None, Right: None ]
[11:11:22] [Controller][INFO] -> --Available actions: [<Compass.NORD: 90.0>]
[11:11:22] [Controller][DEBUG] -> --(STATE, POSITION): (State.SENSING, Position.CORRIDOR)
[11:11:22] [Controller][DEBUG] -> --Performing action: 90.0

[11:11:22] [Controller][DEBUG] ->  ~~~ [ACTION TIME] ~~~ 
[11:11:22] [Controller][DEBUG] ->  ** COMMAND RUN ** 
[11:11:22] [Controller][DEBUG] -> --(STATE, POSITION): (State.RUNNING, Position.CORRIDOR)

[11:11:22] [Controller][INFO] ->  >>>>>> NEW ALGORITHM CYCLE <<<<<< 
[11:11:22] [Controller][INFO] -> --MODE: Mode.EXPLORING
[11:11:22] [Controller][INFO] -> --ACTIONS: [<Command.RUN: 1>]
[11:11:22] [Controller][INFO] -> --CURRENT NODE: [ Name: M_n1, Type: Type.OBSERVED, Action: 90.0, Parent: root, Left: None, Mid: None, Right: None ]
[11:11:22] [Controller][DEBUG] -> --CURRENT TREE:
[11:11:22][NOHEADER] -> {'root': {'M_n1': ' (M , N , O )'}, 'M_n1': {}}

[11:11:22] [Controller][DEBUG] -> --CURRENT NODE: [ Name: M_n1, Type: Type.OBSERVED, Action: 90.0, Parent: root, Left: None, Mid: None, Right: None ]
[11:11:22] [Controller][INFO] -> --Available actions: [<Command.RUN: 1>]
[11:11:22] [Controller][DEBUG] -> --(STATE, POSITION): (State.RUNNING, Position.CORRIDOR)
[11:11:22] [Controller][DEBUG] -> --Performing action: Command.RUN

[11:11:22] [Controller][DEBUG] ->  ~~~ [ACTION TIME] ~~~ 
[11:11:22] [Controller][DEBUG] ->  ** COMMAND RUN ** 
[11:11:22] [Controller][DEBUG] -> --(STATE, POSITION): (State.RUNNING, Position.CORRIDOR)

[11:11:22] [Controller][INFO] ->  >>>>>> NEW ALGORITHM CYCLE <<<<<< 
[11:11:22] [Controller][INFO] -> --MODE: Mode.EXPLORING
[11:11:22] [Controller][INFO] -> --ACTIONS: [<Command.RUN: 1>]
[11:11:22] [Controller][INFO] -> --CURRENT NODE: [ Name: M_n1, Type: Type.OBSERVED, Action: 90.0, Parent: root, Left: None, Mid: None, Right: None ]
[11:11:22] [Controller][DEBUG] -> --CURRENT TREE:
[11:11:22][NOHEADER] -> {'root': {'M_n1': ' (M , N , O )'}, 'M_n1': {}}

[11:11:22] [Controller][DEBUG] -> --CURRENT NODE: [ Name: M_n1, Type: Type.OBSERVED, Action: 90.0, Parent: root, Left: None, Mid: None, Right: None ]
[11:11:22] [Controller][INFO] -> --Available actions: [<Command.RUN: 1>]
[11:11:22] [Controller][DEBUG] -> --(STATE, POSITION): (State.RUNNING, Position.CORRIDOR)
[11:11:22] [Controller][DEBUG] -> --Performing action: Command.RUN

[11:11:22] [Controller][DEBUG] ->  ~~~ [ACTION TIME] ~~~ 
[11:11:22] [Controller][DEBUG] ->  ** COMMAND RUN ** 
[11:11:22] [Controller][DEBUG] -> --(STATE, POSITION): (State.RUNNING, Position.CORRIDOR)

[11:11:22] [Controller][INFO] ->  >>>>>> NEW ALGORITHM CYCLE <<<<<< 
[11:11:22] [Controller][INFO] -> --MODE: Mode.EXPLORING
[11:11:22] [Controller][INFO] -> --ACTIONS: [<Command.RUN: 1>]
[11:11:22] [Controller][INFO] -> --CURRENT NODE: [ Name: M_n1, Type: Type.OBSERVED, Action: 90.0, Parent: root, Left: None, Mid: None, Right: None ]
[11:11:22] [Controller][DEBUG] -> --CURRENT TREE:
[11:11:22][NOHEADER] -> {'root': {'M_n1': ' (M , N , O )'}, 'M_n1': {}}

[11:11:22] [Controller][DEBUG] -> --CURRENT NODE: [ Name: M_n1, Type: Type.OBSERVED, Action: 90.0, Parent: root, Left: None, Mid: None, Right: None ]
[11:11:22] [Controller][INFO] -> --Available actions: [<Command.RUN: 1>]
[11:11:22] [Controller][DEBUG] -> --(STATE, POSITION): (State.RUNNING, Position.CORRIDOR)
[11:11:22] [Controller][DEBUG] -> --Performing action: Command.RUN

[11:11:22] [Controller][DEBUG] ->  ~~~ [ACTION TIME] ~~~ 
[11:11:22] [Controller][DEBUG] ->  ** COMMAND RUN ** 
[11:11:22] [Controller][DEBUG] -> --(STATE, POSITION): (State.RUNNING, Position.CORRIDOR)

[11:11:22] [Controller][INFO] ->  >>>>>> NEW ALGORITHM CYCLE <<<<<< 
[11:11:22] [Controller][INFO] -> --MODE: Mode.EXPLORING
[11:11:22] [Controller][INFO] -> --ACTIONS: [<Command.RUN: 1>]
[11:11:22] [Controller][INFO] -> --CURRENT NODE: [ Name: M_n1, Type: Type.OBSERVED, Action: 90.0, Parent: root, Left: None, Mid: None, Right: None ]
[11:11:22] [Controller][DEBUG] -> --CURRENT TREE:
[11:11:22][NOHEADER] -> {'root': {'M_n1': ' (M , N , O )'}, 'M_n1': {}}

[11:11:22] [Controller][DEBUG] -> --CURRENT NODE: [ Name: M_n1, Type: Type.OBSERVED, Action: 90.0, Parent: root, Left: None, Mid: None, Right: None ]
[11:11:22] [Controller][INFO] -> --Available actions: [<Command.RUN: 1>]
[11:11:22] [Controller][DEBUG] -> --(STATE, POSITION): (State.RUNNING, Position.CORRIDOR)
[11:11:22] [Controller][DEBUG] -> --Performing action: Command.RUN

[11:11:22] [Controller][DEBUG] ->  ~~~ [ACTION TIME] ~~~ 
[11:11:22] [Controller][DEBUG] ->  ** COMMAND RUN ** 
[11:11:22] [Controller][DEBUG] -> --(STATE, POSITION): (State.RUNNING, Position.CORRIDOR)

[11:11:23] [Controller][INFO] ->  >>>>>> NEW ALGORITHM CYCLE <<<<<< 
[11:11:23] [Controller][INFO] -> --MODE: Mode.EXPLORING
[11:11:23] [Controller][INFO] -> --ACTIONS: [<Command.RUN: 1>]
[11:11:23] [Controller][INFO] -> --CURRENT NODE: [ Name: M_n1, Type: Type.OBSERVED, Action: 90.0, Parent: root, Left: None, Mid: None, Right: None ]
[11:11:23] [Controller][DEBUG] -> --CURRENT TREE:
[11:11:23][NOHEADER] -> {'root': {'M_n1': ' (M , N , O )'}, 'M_n1': {}}

[11:11:23] [Controller][DEBUG] -> --CURRENT NODE: [ Name: M_n1, Type: Type.OBSERVED, Action: 90.0, Parent: root, Left: None, Mid: None, Right: None ]
[11:11:23] [Controller][INFO] -> --Available actions: [<Command.RUN: 1>]
[11:11:23] [Controller][DEBUG] -> --(STATE, POSITION): (State.RUNNING, Position.CORRIDOR)
[11:11:23] [Controller][DEBUG] -> --Performing action: Command.RUN

[11:11:23] [Controller][DEBUG] ->  ~~~ [ACTION TIME] ~~~ 
[11:11:23] [Controller][DEBUG] ->  ** COMMAND RUN ** 
[11:11:23] [Controller][DEBUG] -> --(STATE, POSITION): (State.RUNNING, Position.CORRIDOR)

[11:11:23] [Controller][INFO] ->  >>>>>> NEW ALGORITHM CYCLE <<<<<< 
[11:11:23] [Controller][INFO] -> --MODE: Mode.EXPLORING
[11:11:23] [Controller][INFO] -> --ACTIONS: [<Command.RUN: 1>]
[11:11:23] [Controller][INFO] -> --CURRENT NODE: [ Name: M_n1, Type: Type.OBSERVED, Action: 90.0, Parent: root, Left: None, Mid: None, Right: None ]
[11:11:23] [Controller][DEBUG] -> --CURRENT TREE:
[11:11:23][NOHEADER] -> {'root': {'M_n1': ' (M , N , O )'}, 'M_n1': {}}

[11:11:23] [Controller][DEBUG] -> --CURRENT NODE: [ Name: M_n1, Type: Type.OBSERVED, Action: 90.0, Parent: root, Left: None, Mid: None, Right: None ]
[11:11:23] [Controller][INFO] -> --Available actions: [<Command.RUN: 1>]
[11:11:23] [Controller][DEBUG] -> --(STATE, POSITION): (State.RUNNING, Position.CORRIDOR)
[11:11:23] [Controller][DEBUG] -> --Performing action: Command.RUN

[11:11:23] [Controller][DEBUG] ->  ~~~ [ACTION TIME] ~~~ 
[11:11:23] [Controller][DEBUG] ->  ** COMMAND RUN ** 
[11:11:23] [Controller][DEBUG] -> --(STATE, POSITION): (State.RUNNING, Position.CORRIDOR)

[11:11:23] [Controller][INFO] ->  >>>>>> NEW ALGORITHM CYCLE <<<<<< 
[11:11:23] [Controller][INFO] -> --MODE: Mode.EXPLORING
[11:11:23] [Controller][INFO] -> --ACTIONS: [<Command.RUN: 1>]
[11:11:23] [Controller][INFO] -> --CURRENT NODE: [ Name: M_n1, Type: Type.OBSERVED, Action: 90.0, Parent: root, Left: None, Mid: None, Right: None ]
[11:11:23] [Controller][DEBUG] -> --CURRENT TREE:
[11:11:23][NOHEADER] -> {'root': {'M_n1': ' (M , N , O )'}, 'M_n1': {}}

[11:11:23] [Controller][DEBUG] -> --CURRENT NODE: [ Name: M_n1, Type: Type.OBSERVED, Action: 90.0, Parent: root, Left: None, Mid: None, Right: None ]
[11:11:23] [Controller][INFO] -> --Available actions: [<Command.RUN: 1>]
[11:11:23] [Controller][DEBUG] -> --(STATE, POSITION): (State.RUNNING, Position.CORRIDOR)
[11:11:23] [Controller][DEBUG] -> --Performing action: Command.RUN

[11:11:23] [Controller][DEBUG] ->  ~~~ [ACTION TIME] ~~~ 
[11:11:23] [Controller][DEBUG] ->  ** COMMAND RUN ** 
[11:11:23] [Controller][DEBUG] -> --(STATE, POSITION): (State.RUNNING, Position.CORRIDOR)

[11:11:23] [Controller][INFO] ->  >>>>>> NEW ALGORITHM CYCLE <<<<<< 
[11:11:23] [Controller][INFO] -> --MODE: Mode.EXPLORING
[11:11:23] [Controller][INFO] -> --ACTIONS: [<Command.RUN: 1>]
[11:11:23] [Controller][INFO] -> --CURRENT NODE: [ Name: M_n1, Type: Type.OBSERVED, Action: 90.0, Parent: root, Left: None, Mid: None, Right: None ]
[11:11:23] [Controller][DEBUG] -> --CURRENT TREE:
[11:11:23][NOHEADER] -> {'root': {'M_n1': ' (M , N , O )'}, 'M_n1': {}}

[11:11:23] [Controller][DEBUG] -> --CURRENT NODE: [ Name: M_n1, Type: Type.OBSERVED, Action: 90.0, Parent: root, Left: None, Mid: None, Right: None ]
[11:11:23] [Controller][INFO] -> --Available actions: [<Command.RUN: 1>]
[11:11:23] [Controller][DEBUG] -> --(STATE, POSITION): (State.RUNNING, Position.CORRIDOR)
[11:11:23] [Controller][DEBUG] -> --Performing action: Command.RUN

[11:11:23] [Controller][DEBUG] ->  ~~~ [ACTION TIME] ~~~ 
[11:11:23] [Controller][DEBUG] ->  ** COMMAND RUN ** 
[11:11:23] [Controller][DEBUG] -> --(STATE, POSITION): (State.RUNNING, Position.CORRIDOR)

[11:11:23] [Controller][INFO] ->  >>>>>> NEW ALGORITHM CYCLE <<<<<< 
[11:11:23] [Controller][INFO] -> --MODE: Mode.EXPLORING
[11:11:23] [Controller][INFO] -> --ACTIONS: [<Command.RUN: 1>]
[11:11:23] [Controller][INFO] -> --CURRENT NODE: [ Name: M_n1, Type: Type.OBSERVED, Action: 90.0, Parent: root, Left: None, Mid: None, Right: None ]
[11:11:23] [Controller][DEBUG] -> --CURRENT TREE:
[11:11:23][NOHEADER] -> {'root': {'M_n1': ' (M , N , O )'}, 'M_n1': {}}

[11:11:23] [Controller][DEBUG] -> --CURRENT NODE: [ Name: M_n1, Type: Type.OBSERVED, Action: 90.0, Parent: root, Left: None, Mid: None, Right: None ]
[11:11:23] [Controller][INFO] -> --Available actions: [<Command.RUN: 1>]
[11:11:23] [Controller][DEBUG] -> --(STATE, POSITION): (State.RUNNING, Position.CORRIDOR)
[11:11:23] [Controller][DEBUG] -> --Performing action: Command.RUN

[11:11:23] [Controller][DEBUG] ->  ~~~ [ACTION TIME] ~~~ 
[11:11:23] [Controller][DEBUG] ->  ** COMMAND RUN ** 
[11:11:23] [Controller][DEBUG] -> --(STATE, POSITION): (State.RUNNING, Position.CORRIDOR)

[11:11:23] [Controller][INFO] ->  >>>>>> NEW ALGORITHM CYCLE <<<<<< 
[11:11:23] [Controller][INFO] -> --MODE: Mode.EXPLORING
[11:11:23] [Controller][INFO] -> --ACTIONS: [<Command.RUN: 1>]
[11:11:23] [Controller][INFO] -> --CURRENT NODE: [ Name: M_n1, Type: Type.OBSERVED, Action: 90.0, Parent: root, Left: None, Mid: None, Right: None ]
[11:11:23] [Controller][DEBUG] -> --CURRENT TREE:
[11:11:23][NOHEADER] -> {'root': {'M_n1': ' (M , N , O )'}, 'M_n1': {}}

[11:11:23] [Controller][DEBUG] -> --CURRENT NODE: [ Name: M_n1, Type: Type.OBSERVED, Action: 90.0, Parent: root, Left: None, Mid: None, Right: None ]
[11:11:23] [Controller][INFO] -> --Available actions: [<Command.RUN: 1>]
[11:11:23] [Controller][DEBUG] -> --(STATE, POSITION): (State.RUNNING, Position.CORRIDOR)
[11:11:23] [Controller][DEBUG] -> --Performing action: Command.RUN

[11:11:23] [Controller][DEBUG] ->  ~~~ [ACTION TIME] ~~~ 
[11:11:23] [Controller][DEBUG] ->  ** COMMAND RUN ** 
[11:11:23] [Controller][DEBUG] -> --(STATE, POSITION): (State.RUNNING, Position.CORRIDOR)

[11:11:24] [Controller][INFO] ->  >>>>>> NEW ALGORITHM CYCLE <<<<<< 
[11:11:24] [Controller][INFO] -> --MODE: Mode.EXPLORING
[11:11:24] [Controller][INFO] -> --ACTIONS: [<Command.RUN: 1>]
[11:11:24] [Controller][INFO] -> --CURRENT NODE: [ Name: M_n1, Type: Type.OBSERVED, Action: 90.0, Parent: root, Left: None, Mid: None, Right: None ]
[11:11:24] [Controller][DEBUG] -> --CURRENT TREE:
[11:11:24][NOHEADER] -> {'root': {'M_n1': ' (M , N , O )'}, 'M_n1': {}}

[11:11:24] [Controller][DEBUG] -> --CURRENT NODE: [ Name: M_n1, Type: Type.OBSERVED, Action: 90.0, Parent: root, Left: None, Mid: None, Right: None ]
[11:11:24] [Controller][INFO] -> --Available actions: [<Command.RUN: 1>]
[11:11:24] [Controller][DEBUG] -> --(STATE, POSITION): (State.RUNNING, Position.CORRIDOR)
[11:11:24] [Controller][DEBUG] -> --Performing action: Command.RUN

[11:11:24] [Controller][DEBUG] ->  ~~~ [ACTION TIME] ~~~ 
[11:11:24] [Controller][DEBUG] ->  ** COMMAND RUN ** 
[11:11:24] [Controller][DEBUG] -> --(STATE, POSITION): (State.RUNNING, Position.CORRIDOR)

[11:11:24] [Controller][INFO] ->  >>>>>> NEW ALGORITHM CYCLE <<<<<< 
[11:11:24] [Controller][INFO] -> --MODE: Mode.EXPLORING
[11:11:24] [Controller][INFO] -> --ACTIONS: [<Command.RUN: 1>]
[11:11:24] [Controller][INFO] -> --CURRENT NODE: [ Name: M_n1, Type: Type.OBSERVED, Action: 90.0, Parent: root, Left: None, Mid: None, Right: None ]
[11:11:24] [Controller][DEBUG] -> --CURRENT TREE:
[11:11:24][NOHEADER] -> {'root': {'M_n1': ' (M , N , O )'}, 'M_n1': {}}

[11:11:24] [Controller][DEBUG] -> --CURRENT NODE: [ Name: M_n1, Type: Type.OBSERVED, Action: 90.0, Parent: root, Left: None, Mid: None, Right: None ]
[11:11:24] [Controller][INFO] -> --Available actions: [<Command.RUN: 1>]
[11:11:24] [Controller][DEBUG] -> --(STATE, POSITION): (State.RUNNING, Position.CORRIDOR)
[11:11:24] [Controller][DEBUG] -> --Performing action: Command.RUN

[11:11:24] [Controller][DEBUG] ->  ~~~ [ACTION TIME] ~~~ 
[11:11:24] [Controller][DEBUG] ->  ** COMMAND RUN ** 
[11:11:24] [Controller][DEBUG] -> --(STATE, POSITION): (State.RUNNING, Position.CORRIDOR)

[11:11:24] [Controller][INFO] ->  >>>>>> NEW ALGORITHM CYCLE <<<<<< 
[11:11:24] [Controller][INFO] -> --MODE: Mode.EXPLORING
[11:11:24] [Controller][INFO] -> --ACTIONS: [<Command.RUN: 1>]
[11:11:24] [Controller][INFO] -> --CURRENT NODE: [ Name: M_n1, Type: Type.OBSERVED, Action: 90.0, Parent: root, Left: None, Mid: None, Right: None ]
[11:11:24] [Controller][DEBUG] -> --CURRENT TREE:
[11:11:24][NOHEADER] -> {'root': {'M_n1': ' (M , N , O )'}, 'M_n1': {}}

[11:11:24] [Controller][DEBUG] -> --CURRENT NODE: [ Name: M_n1, Type: Type.OBSERVED, Action: 90.0, Parent: root, Left: None, Mid: None, Right: None ]
[11:11:24] [Controller][INFO] -> --Available actions: [<Command.RUN: 1>]
[11:11:24] [Controller][DEBUG] -> --(STATE, POSITION): (State.RUNNING, Position.CORRIDOR)
[11:11:24] [Controller][DEBUG] -> --Performing action: Command.RUN

[11:11:24] [Controller][DEBUG] ->  ~~~ [ACTION TIME] ~~~ 
[11:11:24] [Controller][DEBUG] ->  ** COMMAND RUN ** 
[11:11:24] [Controller][DEBUG] -> --(STATE, POSITION): (State.RUNNING, Position.CORRIDOR)

[11:11:24] [Controller][INFO] ->  >>>>>> NEW ALGORITHM CYCLE <<<<<< 
[11:11:24] [Controller][INFO] -> --MODE: Mode.EXPLORING
[11:11:24] [Controller][INFO] -> --ACTIONS: [<Command.GO_TO_JUNCTION: 3>]
[11:11:24] [Controller][INFO] -> --CURRENT NODE: [ Name: M_n1, Type: Type.OBSERVED, Action: 90.0, Parent: root, Left: None, Mid: None, Right: None ]
[11:11:24] [Controller][DEBUG] -> --CURRENT TREE:
[11:11:24][NOHEADER] -> {'root': {'M_n1': ' (M , N , O )'}, 'M_n1': {}}

[11:11:24] [Controller][DEBUG] -> --CURRENT NODE: [ Name: M_n1, Type: Type.OBSERVED, Action: 90.0, Parent: root, Left: None, Mid: None, Right: None ]
[11:11:24] [Controller][INFO] -> --Available actions: [<Command.GO_TO_JUNCTION: 3>]
[11:11:24] [Controller][DEBUG] -> --(STATE, POSITION): (State.RUNNING, Position.CORRIDOR)
[11:11:24] [Controller][DEBUG] -> --Performing action: Command.GO_TO_JUNCTION

[11:11:24] [Controller][DEBUG] ->  ~~~ [ACTION TIME] ~~~ 
[11:11:24] [Controller][DEBUG] ->  ** JOINING THE JUNCTION ** 
[11:11:24] [Controller][DEBUG] ->  ** STATE SENSING ARISE ** 
[11:11:25] [Controller][DEBUG] -> --(STATE, POSITION): (State.SENSING, Position.JUNCTION)

[11:11:25] [Controller][INFO] ->  >>>>>> NEW ALGORITHM CYCLE <<<<<< 
[11:11:25] [Controller][DEBUG] -> Control policy EXPLORING
[11:11:25] [Controller][INFO] -> --MODE: Mode.EXPLORING
[11:11:25] [Controller][INFO] -> --ACTIONS: [<Compass.OVEST: 180.0>]
[11:11:25] [Controller][INFO] -> --CURRENT NODE: [ Name: M_n1, Type: Type.OBSERVED, Action: 90.0, Parent: root, Left: None, Mid: None, Right: None ]

[11:11:25] [Controller][DEBUG] -> *** 1) UPDATING TREE (MODE EXPLORING) ***
[11:11:25] [Controller][INFO] -> ADDED LEFT

[11:11:25] [Controller][DEBUG] -> *** 2) UPDATING TREE (MODE EXPLORING) ***
[11:11:25] [Controller][DEBUG] -> --CURRENT TREE:
[11:11:25][NOHEADER] -> {'root': {'M_n1': ' (M , N , E )'}, 'M_n1': {'L_n2': ' (L , O , O)'}, 'L_n2': {}}

[11:11:25] [Controller][DEBUG] -> --CURRENT NODE: [ Name: L_n2, Type: Type.OBSERVED, Action: 180.0, Parent: M_n1, Left: None, Mid: None, Right: None ]
[11:11:25] [Controller][INFO] -> --Available actions: [<Compass.OVEST: 180.0>]
[11:11:25] [Controller][DEBUG] -> --(STATE, POSITION): (State.SENSING, Position.JUNCTION)
[11:11:25] [Controller][DEBUG] -> --Performing action: 180.0

[11:11:25] [Controller][DEBUG] ->  ~~~ [ACTION TIME] ~~~ 
[11:11:25] [Controller][DEBUG] ->  ** COMMAND ROTATE ** 

[11:11:25] [Controller][DEBUG] ->  ** BEST ANGLE COMPUTATION ** 
[11:11:25] [Controller][DEBUG] ->  >> Rotate anti-clockwise (LEFT) of 89.4738째

[11:11:27] [Controller][DEBUG] ->  ** ORIENTATION CHECKING ** 
[11:11:27] [Controller][INFO] ->  ~~ perfect ~~ 
[11:11:27] [Controller][DEBUG] ->  >> curr state of the sensors: [-178, 178], curr_g: -179.6716
[11:11:27] [Controller][DEBUG] -> --(STATE, POSITION): (State.ROTATING, Position.JUNCTION)

[11:11:27] [Controller][INFO] ->  >>>>>> NEW ALGORITHM CYCLE <<<<<< 
[11:11:27] [Controller][INFO] -> --MODE: Mode.EXPLORING
[11:11:27] [Controller][INFO] -> --ACTIONS: [<Compass.OVEST: 180.0>]
[11:11:27] [Controller][INFO] -> --CURRENT NODE: [ Name: L_n2, Type: Type.OBSERVED, Action: 180.0, Parent: M_n1, Left: None, Mid: None, Right: None ]
[11:11:27] [Controller][DEBUG] -> --CURRENT TREE:
[11:11:27][NOHEADER] -> {'root': {'M_n1': ' (M , N , E )'}, 'M_n1': {'L_n2': ' (L , O , O)'}, 'L_n2': {}}

[11:11:27] [Controller][DEBUG] -> --CURRENT NODE: [ Name: L_n2, Type: Type.OBSERVED, Action: 180.0, Parent: M_n1, Left: None, Mid: None, Right: None ]
[11:11:27] [Controller][INFO] -> --Available actions: [<Compass.OVEST: 180.0>]
[11:11:27] [Controller][DEBUG] -> --(STATE, POSITION): (State.ROTATING, Position.JUNCTION)
[11:11:27] [Controller][DEBUG] -> --Performing action: 180.0

[11:11:27] [Controller][DEBUG] ->  ~~~ [ACTION TIME] ~~~ 
[11:11:27] [Controller][DEBUG] ->  ** COMMAND RUN ** 
[11:11:27] [Controller][DEBUG] -> --(STATE, POSITION): (State.RUNNING, Position.JUNCTION)

[11:11:28] [Controller][INFO] ->  >>>>>> NEW ALGORITHM CYCLE <<<<<< 
[11:11:28] [Controller][INFO] -> --MODE: Mode.EXPLORING
[11:11:28] [Controller][INFO] -> --ACTIONS: [<Command.RUN: 1>]
[11:11:28] [Controller][INFO] -> --CURRENT NODE: [ Name: L_n2, Type: Type.OBSERVED, Action: 180.0, Parent: M_n1, Left: None, Mid: None, Right: None ]
[11:11:28] [Controller][DEBUG] -> --CURRENT TREE:
[11:11:28][NOHEADER] -> {'root': {'M_n1': ' (M , N , E )'}, 'M_n1': {'L_n2': ' (L , O , O)'}, 'L_n2': {}}

[11:11:28] [Controller][DEBUG] -> --CURRENT NODE: [ Name: L_n2, Type: Type.OBSERVED, Action: 180.0, Parent: M_n1, Left: None, Mid: None, Right: None ]
[11:11:28] [Controller][INFO] -> --Available actions: [<Command.RUN: 1>]
[11:11:28] [Controller][DEBUG] -> --(STATE, POSITION): (State.RUNNING, Position.JUNCTION)
[11:11:28] [Controller][DEBUG] -> --Performing action: Command.RUN

[11:11:28] [Controller][DEBUG] ->  ~~~ [ACTION TIME] ~~~ 
[11:11:28] [Controller][DEBUG] ->  ** COMMAND RUN ** 
[11:11:28] [Controller][DEBUG] -> --(STATE, POSITION): (State.RUNNING, Position.JUNCTION)

[11:11:28] [Controller][INFO] ->  >>>>>> NEW ALGORITHM CYCLE <<<<<< 
[11:11:28] [Controller][INFO] -> --MODE: Mode.EXPLORING
[11:11:28] [Controller][INFO] -> --ACTIONS: [<Command.RUN: 1>]
[11:11:28] [Controller][INFO] -> --CURRENT NODE: [ Name: L_n2, Type: Type.OBSERVED, Action: 180.0, Parent: M_n1, Left: None, Mid: None, Right: None ]
[11:11:28] [Controller][DEBUG] -> --CURRENT TREE:
[11:11:28][NOHEADER] -> {'root': {'M_n1': ' (M , N , E )'}, 'M_n1': {'L_n2': ' (L , O , O)'}, 'L_n2': {}}

[11:11:28] [Controller][DEBUG] -> --CURRENT NODE: [ Name: L_n2, Type: Type.OBSERVED, Action: 180.0, Parent: M_n1, Left: None, Mid: None, Right: None ]
[11:11:28] [Controller][INFO] -> --Available actions: [<Command.RUN: 1>]
[11:11:28] [Controller][DEBUG] -> --(STATE, POSITION): (State.RUNNING, Position.JUNCTION)
[11:11:28] [Controller][DEBUG] -> --Performing action: Command.RUN

[11:11:28] [Controller][DEBUG] ->  ~~~ [ACTION TIME] ~~~ 
[11:11:28] [Controller][DEBUG] ->  ** COMMAND RUN ** 
[11:11:28] [Controller][DEBUG] -> --(STATE, POSITION): (State.RUNNING, Position.JUNCTION)

[11:11:28] [Controller][INFO] ->  >>>>>> NEW ALGORITHM CYCLE <<<<<< 
[11:11:28] [Controller][INFO] -> --MODE: Mode.EXPLORING
[11:11:28] [Controller][INFO] -> --ACTIONS: [<Command.RUN: 1>]
[11:11:28] [Controller][INFO] -> --CURRENT NODE: [ Name: L_n2, Type: Type.OBSERVED, Action: 180.0, Parent: M_n1, Left: None, Mid: None, Right: None ]
[11:11:28] [Controller][DEBUG] -> --CURRENT TREE:
[11:11:28][NOHEADER] -> {'root': {'M_n1': ' (M , N , E )'}, 'M_n1': {'L_n2': ' (L , O , O)'}, 'L_n2': {}}

[11:11:28] [Controller][DEBUG] -> --CURRENT NODE: [ Name: L_n2, Type: Type.OBSERVED, Action: 180.0, Parent: M_n1, Left: None, Mid: None, Right: None ]
[11:11:28] [Controller][INFO] -> --Available actions: [<Command.RUN: 1>]
[11:11:28] [Controller][DEBUG] -> --(STATE, POSITION): (State.RUNNING, Position.JUNCTION)
[11:11:28] [Controller][DEBUG] -> --Performing action: Command.RUN

[11:11:28] [Controller][DEBUG] ->  ~~~ [ACTION TIME] ~~~ 
[11:11:28] [Controller][DEBUG] ->  ** COMMAND RUN ** 
[11:11:28] [Controller][DEBUG] -> --(STATE, POSITION): (State.RUNNING, Position.JUNCTION)

[11:11:28] [Controller][INFO] ->  >>>>>> NEW ALGORITHM CYCLE <<<<<< 
[11:11:28] [Controller][INFO] -> --MODE: Mode.EXPLORING
[11:11:28] [Controller][INFO] -> --ACTIONS: [<Command.RUN: 1>]
[11:11:28] [Controller][INFO] -> --CURRENT NODE: [ Name: L_n2, Type: Type.OBSERVED, Action: 180.0, Parent: M_n1, Left: None, Mid: None, Right: None ]
[11:11:28] [Controller][DEBUG] -> --CURRENT TREE:
[11:11:28][NOHEADER] -> {'root': {'M_n1': ' (M , N , E )'}, 'M_n1': {'L_n2': ' (L , O , O)'}, 'L_n2': {}}

[11:11:28] [Controller][DEBUG] -> --CURRENT NODE: [ Name: L_n2, Type: Type.OBSERVED, Action: 180.0, Parent: M_n1, Left: None, Mid: None, Right: None ]
[11:11:28] [Controller][INFO] -> --Available actions: [<Command.RUN: 1>]
[11:11:28] [Controller][DEBUG] -> --(STATE, POSITION): (State.RUNNING, Position.JUNCTION)
[11:11:28] [Controller][DEBUG] -> --Performing action: Command.RUN

[11:11:28] [Controller][DEBUG] ->  ~~~ [ACTION TIME] ~~~ 
[11:11:28] [Controller][DEBUG] ->  ** COMMAND RUN ** 
[11:11:28] [Controller][DEBUG] -> --(STATE, POSITION): (State.RUNNING, Position.JUNCTION)

[11:11:28] [Controller][INFO] ->  >>>>>> NEW ALGORITHM CYCLE <<<<<< 
[11:11:28] [Controller][INFO] -> --MODE: Mode.EXPLORING
[11:11:28] [Controller][INFO] -> --ACTIONS: [<Command.RUN: 1>]
[11:11:28] [Controller][INFO] -> --CURRENT NODE: [ Name: L_n2, Type: Type.OBSERVED, Action: 180.0, Parent: M_n1, Left: None, Mid: None, Right: None ]
[11:11:28] [Controller][DEBUG] -> --CURRENT TREE:
[11:11:28][NOHEADER] -> {'root': {'M_n1': ' (M , N , E )'}, 'M_n1': {'L_n2': ' (L , O , O)'}, 'L_n2': {}}

[11:11:28] [Controller][DEBUG] -> --CURRENT NODE: [ Name: L_n2, Type: Type.OBSERVED, Action: 180.0, Parent: M_n1, Left: None, Mid: None, Right: None ]
[11:11:28] [Controller][INFO] -> --Available actions: [<Command.RUN: 1>]
[11:11:28] [Controller][DEBUG] -> --(STATE, POSITION): (State.RUNNING, Position.JUNCTION)
[11:11:28] [Controller][DEBUG] -> --Performing action: Command.RUN

[11:11:28] [Controller][DEBUG] ->  ~~~ [ACTION TIME] ~~~ 
[11:11:28] [Controller][DEBUG] ->  ** COMMAND RUN ** 
[11:11:28] [Controller][DEBUG] -> --(STATE, POSITION): (State.RUNNING, Position.JUNCTION)

[11:11:28] [Controller][INFO] ->  >>>>>> NEW ALGORITHM CYCLE <<<<<< 
[11:11:28] [Controller][INFO] -> --MODE: Mode.EXPLORING
[11:11:28] [Controller][INFO] -> --ACTIONS: [<Command.RUN: 1>]
[11:11:28] [Controller][INFO] -> --CURRENT NODE: [ Name: L_n2, Type: Type.OBSERVED, Action: 180.0, Parent: M_n1, Left: None, Mid: None, Right: None ]
[11:11:28] [Controller][DEBUG] -> --CURRENT TREE:
[11:11:28][NOHEADER] -> {'root': {'M_n1': ' (M , N , E )'}, 'M_n1': {'L_n2': ' (L , O , O)'}, 'L_n2': {}}

[11:11:28] [Controller][DEBUG] -> --CURRENT NODE: [ Name: L_n2, Type: Type.OBSERVED, Action: 180.0, Parent: M_n1, Left: None, Mid: None, Right: None ]
[11:11:28] [Controller][INFO] -> --Available actions: [<Command.RUN: 1>]
[11:11:28] [Controller][DEBUG] -> --(STATE, POSITION): (State.RUNNING, Position.JUNCTION)
[11:11:28] [Controller][DEBUG] -> --Performing action: Command.RUN

[11:11:28] [Controller][DEBUG] ->  ~~~ [ACTION TIME] ~~~ 
[11:11:28] [Controller][DEBUG] ->  ** COMMAND RUN ** 
[11:11:28] [Controller][DEBUG] -> --(STATE, POSITION): (State.RUNNING, Position.JUNCTION)

[11:11:29] [Controller][INFO] ->  >>>>>> NEW ALGORITHM CYCLE <<<<<< 
[11:11:29] [Controller][INFO] -> --MODE: Mode.EXPLORING
[11:11:29] [Controller][INFO] -> --ACTIONS: [<Command.RUN: 1>]
[11:11:29] [Controller][INFO] -> --CURRENT NODE: [ Name: L_n2, Type: Type.OBSERVED, Action: 180.0, Parent: M_n1, Left: None, Mid: None, Right: None ]
[11:11:29] [Controller][DEBUG] -> --CURRENT TREE:
[11:11:29][NOHEADER] -> {'root': {'M_n1': ' (M , N , E )'}, 'M_n1': {'L_n2': ' (L , O , O)'}, 'L_n2': {}}

[11:11:29] [Controller][DEBUG] -> --CURRENT NODE: [ Name: L_n2, Type: Type.OBSERVED, Action: 180.0, Parent: M_n1, Left: None, Mid: None, Right: None ]
[11:11:29] [Controller][INFO] -> --Available actions: [<Command.RUN: 1>]
[11:11:29] [Controller][DEBUG] -> --(STATE, POSITION): (State.RUNNING, Position.JUNCTION)
[11:11:29] [Controller][DEBUG] -> --Performing action: Command.RUN

[11:11:29] [Controller][DEBUG] ->  ~~~ [ACTION TIME] ~~~ 
[11:11:29] [Controller][DEBUG] ->  ** COMMAND RUN ** 
[11:11:29] [Controller][DEBUG] -> --(STATE, POSITION): (State.RUNNING, Position.JUNCTION)

[11:11:29] [Controller][INFO] ->  >>>>>> NEW ALGORITHM CYCLE <<<<<< 
[11:11:29] [Controller][INFO] -> --MODE: Mode.EXPLORING
[11:11:29] [Controller][INFO] -> --ACTIONS: [<Command.RUN: 1>]
[11:11:29] [Controller][INFO] -> --CURRENT NODE: [ Name: L_n2, Type: Type.OBSERVED, Action: 180.0, Parent: M_n1, Left: None, Mid: None, Right: None ]
[11:11:29] [Controller][DEBUG] -> --CURRENT TREE:
[11:11:29][NOHEADER] -> {'root': {'M_n1': ' (M , N , E )'}, 'M_n1': {'L_n2': ' (L , O , O)'}, 'L_n2': {}}

[11:11:29] [Controller][DEBUG] -> --CURRENT NODE: [ Name: L_n2, Type: Type.OBSERVED, Action: 180.0, Parent: M_n1, Left: None, Mid: None, Right: None ]
[11:11:29] [Controller][INFO] -> --Available actions: [<Command.RUN: 1>]
[11:11:29] [Controller][DEBUG] -> --(STATE, POSITION): (State.RUNNING, Position.JUNCTION)
[11:11:29] [Controller][DEBUG] -> --Performing action: Command.RUN

[11:11:29] [Controller][DEBUG] ->  ~~~ [ACTION TIME] ~~~ 
[11:11:29] [Controller][DEBUG] ->  ** COMMAND RUN ** 
[11:11:29] [Controller][DEBUG] -> --(STATE, POSITION): (State.RUNNING, Position.JUNCTION)

[11:11:29] [Controller][INFO] ->  >>>>>> NEW ALGORITHM CYCLE <<<<<< 
[11:11:29] [Controller][INFO] -> --MODE: Mode.EXPLORING
[11:11:29] [Controller][INFO] -> --ACTIONS: [<Command.RUN: 1>]
[11:11:29] [Controller][INFO] -> --CURRENT NODE: [ Name: L_n2, Type: Type.OBSERVED, Action: 180.0, Parent: M_n1, Left: None, Mid: None, Right: None ]
[11:11:29] [Controller][DEBUG] -> --CURRENT TREE:
[11:11:29][NOHEADER] -> {'root': {'M_n1': ' (M , N , E )'}, 'M_n1': {'L_n2': ' (L , O , O)'}, 'L_n2': {}}

[11:11:29] [Controller][DEBUG] -> --CURRENT NODE: [ Name: L_n2, Type: Type.OBSERVED, Action: 180.0, Parent: M_n1, Left: None, Mid: None, Right: None ]
[11:11:29] [Controller][INFO] -> --Available actions: [<Command.RUN: 1>]
[11:11:29] [Controller][DEBUG] -> --(STATE, POSITION): (State.RUNNING, Position.JUNCTION)
[11:11:29] [Controller][DEBUG] -> --Performing action: Command.RUN

[11:11:29] [Controller][DEBUG] ->  ~~~ [ACTION TIME] ~~~ 
[11:11:29] [Controller][DEBUG] ->  ** COMMAND RUN ** 
[11:11:29] [Controller][DEBUG] -> --(STATE, POSITION): (State.RUNNING, Position.JUNCTION)

[11:11:29] [Controller][INFO] ->  >>>>>> NEW ALGORITHM CYCLE <<<<<< 
[11:11:29] [Controller][INFO] -> --MODE: Mode.EXPLORING
[11:11:29] [Controller][INFO] -> --ACTIONS: [<Command.RUN: 1>]
[11:11:29] [Controller][INFO] -> --CURRENT NODE: [ Name: L_n2, Type: Type.OBSERVED, Action: 180.0, Parent: M_n1, Left: None, Mid: None, Right: None ]
[11:11:29] [Controller][DEBUG] -> --CURRENT TREE:
[11:11:29][NOHEADER] -> {'root': {'M_n1': ' (M , N , E )'}, 'M_n1': {'L_n2': ' (L , O , O)'}, 'L_n2': {}}

[11:11:29] [Controller][DEBUG] -> --CURRENT NODE: [ Name: L_n2, Type: Type.OBSERVED, Action: 180.0, Parent: M_n1, Left: None, Mid: None, Right: None ]
[11:11:29] [Controller][INFO] -> --Available actions: [<Command.RUN: 1>]
[11:11:29] [Controller][DEBUG] -> --(STATE, POSITION): (State.RUNNING, Position.JUNCTION)
[11:11:29] [Controller][DEBUG] -> --Performing action: Command.RUN

[11:11:29] [Controller][DEBUG] ->  ~~~ [ACTION TIME] ~~~ 
[11:11:29] [Controller][DEBUG] ->  ** COMMAND RUN ** 
[11:11:29] [Controller][DEBUG] -> --(STATE, POSITION): (State.RUNNING, Position.JUNCTION)

[11:11:29] [Controller][INFO] ->  >>>>>> NEW ALGORITHM CYCLE <<<<<< 
[11:11:29] [Controller][INFO] -> --MODE: Mode.EXPLORING
[11:11:29] [Controller][INFO] -> --ACTIONS: [<Command.RUN: 1>]
[11:11:29] [Controller][INFO] -> --CURRENT NODE: [ Name: L_n2, Type: Type.OBSERVED, Action: 180.0, Parent: M_n1, Left: None, Mid: None, Right: None ]
[11:11:29] [Controller][DEBUG] -> --CURRENT TREE:
[11:11:29][NOHEADER] -> {'root': {'M_n1': ' (M , N , E )'}, 'M_n1': {'L_n2': ' (L , O , O)'}, 'L_n2': {}}

[11:11:29] [Controller][DEBUG] -> --CURRENT NODE: [ Name: L_n2, Type: Type.OBSERVED, Action: 180.0, Parent: M_n1, Left: None, Mid: None, Right: None ]
[11:11:29] [Controller][INFO] -> --Available actions: [<Command.RUN: 1>]
[11:11:29] [Controller][DEBUG] -> --(STATE, POSITION): (State.RUNNING, Position.JUNCTION)
[11:11:29] [Controller][DEBUG] -> --Performing action: Command.RUN

[11:11:29] [Controller][DEBUG] ->  ~~~ [ACTION TIME] ~~~ 
[11:11:29] [Controller][DEBUG] ->  ** COMMAND RUN ** 
[11:11:29] [Controller][DEBUG] -> --(STATE, POSITION): (State.RUNNING, Position.JUNCTION)

[11:11:29] [Controller][INFO] ->  >>>>>> NEW ALGORITHM CYCLE <<<<<< 
[11:11:29] [Controller][INFO] -> --MODE: Mode.EXPLORING
[11:11:29] [Controller][INFO] -> --ACTIONS: [<Command.RUN: 1>]
[11:11:29] [Controller][INFO] -> --CURRENT NODE: [ Name: L_n2, Type: Type.OBSERVED, Action: 180.0, Parent: M_n1, Left: None, Mid: None, Right: None ]
[11:11:29] [Controller][DEBUG] -> --CURRENT TREE:
[11:11:29][NOHEADER] -> {'root': {'M_n1': ' (M , N , E )'}, 'M_n1': {'L_n2': ' (L , O , O)'}, 'L_n2': {}}

[11:11:29] [Controller][DEBUG] -> --CURRENT NODE: [ Name: L_n2, Type: Type.OBSERVED, Action: 180.0, Parent: M_n1, Left: None, Mid: None, Right: None ]
[11:11:29] [Controller][INFO] -> --Available actions: [<Command.RUN: 1>]
[11:11:29] [Controller][DEBUG] -> --(STATE, POSITION): (State.RUNNING, Position.CORRIDOR)
[11:11:29] [Controller][DEBUG] -> --Performing action: Command.RUN

[11:11:29] [Controller][DEBUG] ->  ~~~ [ACTION TIME] ~~~ 
[11:11:29] [Controller][DEBUG] ->  ** COMMAND RUN ** 
[11:11:29] [Controller][DEBUG] -> --(STATE, POSITION): (State.RUNNING, Position.CORRIDOR)

[11:11:30] [Controller][INFO] ->  >>>>>> NEW ALGORITHM CYCLE <<<<<< 
[11:11:30] [Controller][INFO] -> --MODE: Mode.EXPLORING
[11:11:30] [Controller][INFO] -> --ACTIONS: [<Command.RUN: 1>]
[11:11:30] [Controller][INFO] -> --CURRENT NODE: [ Name: L_n2, Type: Type.OBSERVED, Action: 180.0, Parent: M_n1, Left: None, Mid: None, Right: None ]
[11:11:30] [Controller][DEBUG] -> --CURRENT TREE:
[11:11:30][NOHEADER] -> {'root': {'M_n1': ' (M , N , E )'}, 'M_n1': {'L_n2': ' (L , O , O)'}, 'L_n2': {}}

[11:11:30] [Controller][DEBUG] -> --CURRENT NODE: [ Name: L_n2, Type: Type.OBSERVED, Action: 180.0, Parent: M_n1, Left: None, Mid: None, Right: None ]
[11:11:30] [Controller][INFO] -> --Available actions: [<Command.RUN: 1>]
[11:11:30] [Controller][DEBUG] -> --(STATE, POSITION): (State.RUNNING, Position.CORRIDOR)
[11:11:30] [Controller][DEBUG] -> --Performing action: Command.RUN

[11:11:30] [Controller][DEBUG] ->  ~~~ [ACTION TIME] ~~~ 
[11:11:30] [Controller][DEBUG] ->  ** COMMAND RUN ** 
[11:11:30] [Controller][DEBUG] -> --(STATE, POSITION): (State.RUNNING, Position.CORRIDOR)

[11:11:30] [Controller][INFO] ->  >>>>>> NEW ALGORITHM CYCLE <<<<<< 
[11:11:30] [Controller][INFO] -> --MODE: Mode.EXPLORING
[11:11:30] [Controller][INFO] -> --ACTIONS: [<Command.RUN: 1>]
[11:11:30] [Controller][INFO] -> --CURRENT NODE: [ Name: L_n2, Type: Type.OBSERVED, Action: 180.0, Parent: M_n1, Left: None, Mid: None, Right: None ]
[11:11:30] [Controller][DEBUG] -> --CURRENT TREE:
[11:11:30][NOHEADER] -> {'root': {'M_n1': ' (M , N , E )'}, 'M_n1': {'L_n2': ' (L , O , O)'}, 'L_n2': {}}

[11:11:30] [Controller][DEBUG] -> --CURRENT NODE: [ Name: L_n2, Type: Type.OBSERVED, Action: 180.0, Parent: M_n1, Left: None, Mid: None, Right: None ]
[11:11:30] [Controller][INFO] -> --Available actions: [<Command.RUN: 1>]
[11:11:30] [Controller][DEBUG] -> --(STATE, POSITION): (State.RUNNING, Position.CORRIDOR)
[11:11:30] [Controller][DEBUG] -> --Performing action: Command.RUN

[11:11:30] [Controller][DEBUG] ->  ~~~ [ACTION TIME] ~~~ 
[11:11:30] [Controller][DEBUG] ->  ** COMMAND RUN ** 
[11:11:30] [Controller][DEBUG] -> --(STATE, POSITION): (State.RUNNING, Position.CORRIDOR)

[11:11:30] [Controller][INFO] ->  >>>>>> NEW ALGORITHM CYCLE <<<<<< 
[11:11:30] [Controller][INFO] -> --MODE: Mode.EXPLORING
[11:11:30] [Controller][INFO] -> --ACTIONS: [<Command.RUN: 1>]
[11:11:30] [Controller][INFO] -> --CURRENT NODE: [ Name: L_n2, Type: Type.OBSERVED, Action: 180.0, Parent: M_n1, Left: None, Mid: None, Right: None ]
[11:11:30] [Controller][DEBUG] -> --CURRENT TREE:
[11:11:30][NOHEADER] -> {'root': {'M_n1': ' (M , N , E )'}, 'M_n1': {'L_n2': ' (L , O , O)'}, 'L_n2': {}}

[11:11:30] [Controller][DEBUG] -> --CURRENT NODE: [ Name: L_n2, Type: Type.OBSERVED, Action: 180.0, Parent: M_n1, Left: None, Mid: None, Right: None ]
[11:11:30] [Controller][INFO] -> --Available actions: [<Command.RUN: 1>]
[11:11:30] [Controller][DEBUG] -> --(STATE, POSITION): (State.RUNNING, Position.CORRIDOR)
[11:11:30] [Controller][DEBUG] -> --Performing action: Command.RUN

[11:11:30] [Controller][DEBUG] ->  ~~~ [ACTION TIME] ~~~ 
[11:11:30] [Controller][DEBUG] ->  ** COMMAND RUN ** 
[11:11:30] [Controller][DEBUG] -> --(STATE, POSITION): (State.RUNNING, Position.CORRIDOR)

[11:11:30] [Controller][INFO] ->  >>>>>> NEW ALGORITHM CYCLE <<<<<< 
[11:11:30] [Controller][INFO] -> --MODE: Mode.EXPLORING
[11:11:30] [Controller][INFO] -> --ACTIONS: [<Command.RUN: 1>]
[11:11:30] [Controller][INFO] -> --CURRENT NODE: [ Name: L_n2, Type: Type.OBSERVED, Action: 180.0, Parent: M_n1, Left: None, Mid: None, Right: None ]
[11:11:30] [Controller][DEBUG] -> --CURRENT TREE:
[11:11:30][NOHEADER] -> {'root': {'M_n1': ' (M , N , E )'}, 'M_n1': {'L_n2': ' (L , O , O)'}, 'L_n2': {}}

[11:11:30] [Controller][DEBUG] -> --CURRENT NODE: [ Name: L_n2, Type: Type.OBSERVED, Action: 180.0, Parent: M_n1, Left: None, Mid: None, Right: None ]
[11:11:30] [Controller][INFO] -> --Available actions: [<Command.RUN: 1>]
[11:11:30] [Controller][DEBUG] -> --(STATE, POSITION): (State.RUNNING, Position.CORRIDOR)
[11:11:30] [Controller][DEBUG] -> --Performing action: Command.RUN

[11:11:30] [Controller][DEBUG] ->  ~~~ [ACTION TIME] ~~~ 
[11:11:30] [Controller][DEBUG] ->  ** COMMAND RUN ** 
[11:11:30] [Controller][DEBUG] -> --(STATE, POSITION): (State.RUNNING, Position.CORRIDOR)

[11:11:30] [Controller][INFO] ->  >>>>>> NEW ALGORITHM CYCLE <<<<<< 
[11:11:30] [Controller][INFO] -> --MODE: Mode.EXPLORING
[11:11:30] [Controller][INFO] -> --ACTIONS: [<Command.RUN: 1>]
[11:11:30] [Controller][INFO] -> --CURRENT NODE: [ Name: L_n2, Type: Type.OBSERVED, Action: 180.0, Parent: M_n1, Left: None, Mid: None, Right: None ]
[11:11:30] [Controller][DEBUG] -> --CURRENT TREE:
[11:11:30][NOHEADER] -> {'root': {'M_n1': ' (M , N , E )'}, 'M_n1': {'L_n2': ' (L , O , O)'}, 'L_n2': {}}

[11:11:30] [Controller][DEBUG] -> --CURRENT NODE: [ Name: L_n2, Type: Type.OBSERVED, Action: 180.0, Parent: M_n1, Left: None, Mid: None, Right: None ]
[11:11:30] [Controller][INFO] -> --Available actions: [<Command.RUN: 1>]
[11:11:30] [Controller][DEBUG] -> --(STATE, POSITION): (State.RUNNING, Position.CORRIDOR)
[11:11:30] [Controller][DEBUG] -> --Performing action: Command.RUN

[11:11:30] [Controller][DEBUG] ->  ~~~ [ACTION TIME] ~~~ 
[11:11:30] [Controller][DEBUG] ->  ** COMMAND RUN ** 
[11:11:30] [Controller][DEBUG] -> --(STATE, POSITION): (State.RUNNING, Position.CORRIDOR)

[11:11:30] [Controller][INFO] ->  >>>>>> NEW ALGORITHM CYCLE <<<<<< 
[11:11:30] [Controller][INFO] -> --MODE: Mode.EXPLORING
[11:11:30] [Controller][INFO] -> --ACTIONS: [<Command.RUN: 1>]
[11:11:30] [Controller][INFO] -> --CURRENT NODE: [ Name: L_n2, Type: Type.OBSERVED, Action: 180.0, Parent: M_n1, Left: None, Mid: None, Right: None ]
[11:11:30] [Controller][DEBUG] -> --CURRENT TREE:
[11:11:30][NOHEADER] -> {'root': {'M_n1': ' (M , N , E )'}, 'M_n1': {'L_n2': ' (L , O , O)'}, 'L_n2': {}}

[11:11:30] [Controller][DEBUG] -> --CURRENT NODE: [ Name: L_n2, Type: Type.OBSERVED, Action: 180.0, Parent: M_n1, Left: None, Mid: None, Right: None ]
[11:11:30] [Controller][INFO] -> --Available actions: [<Command.RUN: 1>]
[11:11:30] [Controller][DEBUG] -> --(STATE, POSITION): (State.RUNNING, Position.CORRIDOR)
[11:11:30] [Controller][DEBUG] -> --Performing action: Command.RUN

[11:11:30] [Controller][DEBUG] ->  ~~~ [ACTION TIME] ~~~ 
[11:11:30] [Controller][DEBUG] ->  ** COMMAND RUN ** 
[11:11:30] [Controller][DEBUG] -> --(STATE, POSITION): (State.RUNNING, Position.CORRIDOR)

[11:11:30] [Controller][INFO] ->  >>>>>> NEW ALGORITHM CYCLE <<<<<< 
[11:11:30] [Controller][INFO] -> --MODE: Mode.EXPLORING
[11:11:30] [Controller][INFO] -> --ACTIONS: [<Command.RUN: 1>]
[11:11:30] [Controller][INFO] -> --CURRENT NODE: [ Name: L_n2, Type: Type.OBSERVED, Action: 180.0, Parent: M_n1, Left: None, Mid: None, Right: None ]
[11:11:30] [Controller][DEBUG] -> --CURRENT TREE:
[11:11:30][NOHEADER] -> {'root': {'M_n1': ' (M , N , E )'}, 'M_n1': {'L_n2': ' (L , O , O)'}, 'L_n2': {}}

[11:11:30] [Controller][DEBUG] -> --CURRENT NODE: [ Name: L_n2, Type: Type.OBSERVED, Action: 180.0, Parent: M_n1, Left: None, Mid: None, Right: None ]
[11:11:30] [Controller][INFO] -> --Available actions: [<Command.RUN: 1>]
[11:11:30] [Controller][DEBUG] -> --(STATE, POSITION): (State.RUNNING, Position.CORRIDOR)
[11:11:30] [Controller][DEBUG] -> --Performing action: Command.RUN

[11:11:30] [Controller][DEBUG] ->  ~~~ [ACTION TIME] ~~~ 
[11:11:30] [Controller][DEBUG] ->  ** COMMAND RUN ** 
[11:11:30] [Controller][DEBUG] -> --(STATE, POSITION): (State.RUNNING, Position.CORRIDOR)

[11:11:31] [Controller][INFO] ->  >>>>>> NEW ALGORITHM CYCLE <<<<<< 
[11:11:31] [Controller][INFO] -> --MODE: Mode.EXPLORING
[11:11:31] [Controller][INFO] -> --ACTIONS: [<Command.GO_TO_JUNCTION: 3>]
[11:11:31] [Controller][INFO] -> --CURRENT NODE: [ Name: L_n2, Type: Type.OBSERVED, Action: 180.0, Parent: M_n1, Left: None, Mid: None, Right: None ]
[11:11:31] [Controller][DEBUG] -> --CURRENT TREE:
[11:11:31][NOHEADER] -> {'root': {'M_n1': ' (M , N , E )'}, 'M_n1': {'L_n2': ' (L , O , O)'}, 'L_n2': {}}

[11:11:31] [Controller][DEBUG] -> --CURRENT NODE: [ Name: L_n2, Type: Type.OBSERVED, Action: 180.0, Parent: M_n1, Left: None, Mid: None, Right: None ]
[11:11:31] [Controller][INFO] -> --Available actions: [<Command.GO_TO_JUNCTION: 3>]
[11:11:31] [Controller][DEBUG] -> --(STATE, POSITION): (State.RUNNING, Position.CORRIDOR)
[11:11:31] [Controller][DEBUG] -> --Performing action: Command.GO_TO_JUNCTION

[11:11:31] [Controller][DEBUG] ->  ~~~ [ACTION TIME] ~~~ 
[11:11:31] [Controller][DEBUG] ->  ** JOINING THE JUNCTION ** 
[11:11:31] [Controller][DEBUG] ->  ** STATE SENSING ARISE ** 
[11:11:31] [Controller][DEBUG] -> --(STATE, POSITION): (State.SENSING, Position.JUNCTION)

[11:11:31] [Controller][INFO] ->  >>>>>> NEW ALGORITHM CYCLE <<<<<< 
[11:11:31] [Controller][DEBUG] -> Control policy EXPLORING
[11:11:31] [Controller][INFO] -> --MODE: Mode.EXPLORING
[11:11:31] [Controller][INFO] -> --ACTIONS: [<Compass.SUD: -90.0>]
[11:11:31] [Controller][INFO] -> --CURRENT NODE: [ Name: L_n2, Type: Type.OBSERVED, Action: 180.0, Parent: M_n1, Left: None, Mid: None, Right: None ]

[11:11:31] [Controller][DEBUG] -> *** 1) UPDATING TREE (MODE EXPLORING) ***
[11:11:31] [Controller][INFO] -> ADDED LEFT

[11:11:31] [Controller][DEBUG] -> *** 2) UPDATING TREE (MODE EXPLORING) ***
[11:11:31] [Controller][DEBUG] -> --CURRENT TREE:
[11:11:31][NOHEADER] -> {'root': {'M_n1': ' (M , N , E )'}, 'M_n1': {'L_n2': ' (L , O , E)'}, 'L_n2': {'L_n3': ' (L , S , O)'}, 'L_n3': {}}

[11:11:31] [Controller][DEBUG] -> --CURRENT NODE: [ Name: L_n3, Type: Type.OBSERVED, Action: -90.0, Parent: L_n2, Left: None, Mid: None, Right: None ]
[11:11:31] [Controller][INFO] -> --Available actions: [<Compass.SUD: -90.0>]
[11:11:31] [Controller][DEBUG] -> --(STATE, POSITION): (State.SENSING, Position.JUNCTION)
[11:11:31] [Controller][DEBUG] -> --Performing action: -90.0

[11:11:31] [Controller][DEBUG] ->  ~~~ [ACTION TIME] ~~~ 
[11:11:31] [Controller][DEBUG] ->  ** COMMAND ROTATE ** 

[11:11:31] [Controller][DEBUG] ->  ** BEST ANGLE COMPUTATION ** 
[11:11:31] [Controller][DEBUG] ->  >> Rotate anti-clockwise (LEFT) of 78.0347째

[11:11:34] [Controller][DEBUG] ->  ** ORIENTATION CHECKING ** 
[11:11:34] [Controller][ERROR] ->  !! bad orientation !! 
[11:11:34] [Controller][DEBUG] ->  >> curr state of the sensors: [-88.0, -92.0], curr_g: -87.7996

[11:11:34] [Controller][DEBUG] ->  ** ADJUSTING ORIENTATION ** 

[11:11:34] [Controller][DEBUG] ->  ** BEST ANGLE COMPUTATION ** 
[11:11:34] [Controller][DEBUG] ->  >> Rotate clockwise (RIGHT) of 2.2004째
[11:11:34] [Controller][DEBUG] ->  --ATTEMPT: 1 / 20
[11:11:34] [Controller][DEBUG] -> [Degrees_to_do, curr_g, final_g] = [-2.2004, -87.7996, -90.0]

[11:11:35] [Controller][DEBUG] ->  ** ORIENTATION CHECKING ** 
[11:11:35] [Controller][ERROR] ->  !! bad orientation !! 
[11:11:35] [Controller][DEBUG] ->  >> curr state of the sensors: [-88.0, -92.0], curr_g: -79.9472

[11:11:35] [Controller][DEBUG] ->  ** BEST ANGLE COMPUTATION ** 
[11:11:35] [Controller][DEBUG] ->  >> Rotate clockwise (RIGHT) of 10.0528째
[11:11:35] [Controller][DEBUG] ->  --ATTEMPT: 2 / 20
[11:11:35] [Controller][DEBUG] -> [Degrees_to_do, curr_g, final_g] = [-10.0528, -79.9472, -90.0]

[11:11:36] [Controller][DEBUG] ->  ** ORIENTATION CHECKING ** 
[11:11:36] [Controller][INFO] ->  ~~ perfect ~~ 
[11:11:36] [Controller][DEBUG] ->  >> curr state of the sensors: [-88.0, -92.0], curr_g: -91.3971
[11:11:36] [Controller][DEBUG] -> --(STATE, POSITION): (State.ROTATING, Position.JUNCTION)

[11:11:36] [Controller][INFO] ->  >>>>>> NEW ALGORITHM CYCLE <<<<<< 
[11:11:36] [Controller][INFO] -> --MODE: Mode.EXPLORING
[11:11:36] [Controller][INFO] -> --ACTIONS: [<Compass.SUD: -90.0>]
[11:11:36] [Controller][INFO] -> --CURRENT NODE: [ Name: L_n3, Type: Type.OBSERVED, Action: -90.0, Parent: L_n2, Left: None, Mid: None, Right: None ]
[11:11:36] [Controller][DEBUG] -> --CURRENT TREE:
[11:11:36][NOHEADER] -> {'root': {'M_n1': ' (M , N , E )'}, 'M_n1': {'L_n2': ' (L , O , E)'}, 'L_n2': {'L_n3': ' (L , S , O)'}, 'L_n3': {}}

[11:11:36] [Controller][DEBUG] -> --CURRENT NODE: [ Name: L_n3, Type: Type.OBSERVED, Action: -90.0, Parent: L_n2, Left: None, Mid: None, Right: None ]
[11:11:36] [Controller][INFO] -> --Available actions: [<Compass.SUD: -90.0>]
[11:11:36] [Controller][DEBUG] -> --(STATE, POSITION): (State.ROTATING, Position.JUNCTION)
[11:11:36] [Controller][DEBUG] -> --Performing action: -90.0

[11:11:36] [Controller][DEBUG] ->  ~~~ [ACTION TIME] ~~~ 
[11:11:36] [Controller][DEBUG] ->  ** COMMAND RUN ** 
[11:11:36] [Controller][DEBUG] -> --(STATE, POSITION): (State.RUNNING, Position.JUNCTION)

[11:11:36] [Controller][INFO] ->  >>>>>> NEW ALGORITHM CYCLE <<<<<< 
[11:11:36] [Controller][INFO] -> --MODE: Mode.EXPLORING
[11:11:36] [Controller][INFO] -> --ACTIONS: [<Command.RUN: 1>]
[11:11:36] [Controller][INFO] -> --CURRENT NODE: [ Name: L_n3, Type: Type.OBSERVED, Action: -90.0, Parent: L_n2, Left: None, Mid: None, Right: None ]
[11:11:36] [Controller][DEBUG] -> --CURRENT TREE:
[11:11:36][NOHEADER] -> {'root': {'M_n1': ' (M , N , E )'}, 'M_n1': {'L_n2': ' (L , O , E)'}, 'L_n2': {'L_n3': ' (L , S , O)'}, 'L_n3': {}}

[11:11:36] [Controller][DEBUG] -> --CURRENT NODE: [ Name: L_n3, Type: Type.OBSERVED, Action: -90.0, Parent: L_n2, Left: None, Mid: None, Right: None ]
[11:11:36] [Controller][INFO] -> --Available actions: [<Command.RUN: 1>]
[11:11:36] [Controller][DEBUG] -> --(STATE, POSITION): (State.RUNNING, Position.CORRIDOR)
[11:11:36] [Controller][DEBUG] -> --Performing action: Command.RUN

[11:11:36] [Controller][DEBUG] ->  ~~~ [ACTION TIME] ~~~ 
[11:11:36] [Controller][DEBUG] ->  ** COMMAND RUN ** 
[11:11:36] [Controller][DEBUG] -> --(STATE, POSITION): (State.RUNNING, Position.CORRIDOR)

[11:11:37] [Controller][INFO] ->  >>>>>> NEW ALGORITHM CYCLE <<<<<< 
[11:11:37] [Controller][INFO] -> --MODE: Mode.EXPLORING
[11:11:37] [Controller][INFO] -> --ACTIONS: [<Command.RUN: 1>]
[11:11:37] [Controller][INFO] -> --CURRENT NODE: [ Name: L_n3, Type: Type.OBSERVED, Action: -90.0, Parent: L_n2, Left: None, Mid: None, Right: None ]
[11:11:37] [Controller][DEBUG] -> --CURRENT TREE:
[11:11:37][NOHEADER] -> {'root': {'M_n1': ' (M , N , E )'}, 'M_n1': {'L_n2': ' (L , O , E)'}, 'L_n2': {'L_n3': ' (L , S , O)'}, 'L_n3': {}}

[11:11:37] [Controller][DEBUG] -> --CURRENT NODE: [ Name: L_n3, Type: Type.OBSERVED, Action: -90.0, Parent: L_n2, Left: None, Mid: None, Right: None ]
[11:11:37] [Controller][INFO] -> --Available actions: [<Command.RUN: 1>]
[11:11:37] [Controller][DEBUG] -> --(STATE, POSITION): (State.RUNNING, Position.CORRIDOR)
[11:11:37] [Controller][DEBUG] -> --Performing action: Command.RUN

[11:11:37] [Controller][DEBUG] ->  ~~~ [ACTION TIME] ~~~ 
[11:11:37] [Controller][DEBUG] ->  ** COMMAND RUN ** 
[11:11:37] [Controller][DEBUG] -> --(STATE, POSITION): (State.RUNNING, Position.CORRIDOR)

[11:11:37] [Controller][INFO] ->  >>>>>> NEW ALGORITHM CYCLE <<<<<< 
[11:11:37] [Controller][INFO] -> --MODE: Mode.EXPLORING
[11:11:37] [Controller][INFO] -> --ACTIONS: [<Command.RUN: 1>]
[11:11:37] [Controller][INFO] -> --CURRENT NODE: [ Name: L_n3, Type: Type.OBSERVED, Action: -90.0, Parent: L_n2, Left: None, Mid: None, Right: None ]
[11:11:37] [Controller][DEBUG] -> --CURRENT TREE:
[11:11:37][NOHEADER] -> {'root': {'M_n1': ' (M , N , E )'}, 'M_n1': {'L_n2': ' (L , O , E)'}, 'L_n2': {'L_n3': ' (L , S , O)'}, 'L_n3': {}}

[11:11:37] [Controller][DEBUG] -> --CURRENT NODE: [ Name: L_n3, Type: Type.OBSERVED, Action: -90.0, Parent: L_n2, Left: None, Mid: None, Right: None ]
[11:11:37] [Controller][INFO] -> --Available actions: [<Command.RUN: 1>]
[11:11:37] [Controller][DEBUG] -> --(STATE, POSITION): (State.RUNNING, Position.CORRIDOR)
[11:11:37] [Controller][DEBUG] -> --Performing action: Command.RUN

[11:11:37] [Controller][DEBUG] ->  ~~~ [ACTION TIME] ~~~ 
[11:11:37] [Controller][DEBUG] ->  ** COMMAND RUN ** 
[11:11:37] [Controller][DEBUG] -> --(STATE, POSITION): (State.RUNNING, Position.CORRIDOR)

[11:11:37] [Controller][INFO] ->  >>>>>> NEW ALGORITHM CYCLE <<<<<< 
[11:11:37] [Controller][INFO] -> --MODE: Mode.EXPLORING
[11:11:37] [Controller][INFO] -> --ACTIONS: [<Command.RUN: 1>]
[11:11:37] [Controller][INFO] -> --CURRENT NODE: [ Name: L_n3, Type: Type.OBSERVED, Action: -90.0, Parent: L_n2, Left: None, Mid: None, Right: None ]
[11:11:37] [Controller][DEBUG] -> --CURRENT TREE:
[11:11:37][NOHEADER] -> {'root': {'M_n1': ' (M , N , E )'}, 'M_n1': {'L_n2': ' (L , O , E)'}, 'L_n2': {'L_n3': ' (L , S , O)'}, 'L_n3': {}}

[11:11:37] [Controller][DEBUG] -> --CURRENT NODE: [ Name: L_n3, Type: Type.OBSERVED, Action: -90.0, Parent: L_n2, Left: None, Mid: None, Right: None ]
[11:11:37] [Controller][INFO] -> --Available actions: [<Command.RUN: 1>]
[11:11:37] [Controller][DEBUG] -> --(STATE, POSITION): (State.RUNNING, Position.CORRIDOR)
[11:11:37] [Controller][DEBUG] -> --Performing action: Command.RUN

[11:11:37] [Controller][DEBUG] ->  ~~~ [ACTION TIME] ~~~ 
[11:11:37] [Controller][DEBUG] ->  ** COMMAND RUN ** 
[11:11:37] [Controller][DEBUG] -> --(STATE, POSITION): (State.RUNNING, Position.CORRIDOR)

[11:11:37] [Controller][INFO] ->  >>>>>> NEW ALGORITHM CYCLE <<<<<< 
[11:11:37] [Controller][INFO] -> --MODE: Mode.EXPLORING
[11:11:37] [Controller][INFO] -> --ACTIONS: [<Command.RUN: 1>]
[11:11:37] [Controller][INFO] -> --CURRENT NODE: [ Name: L_n3, Type: Type.OBSERVED, Action: -90.0, Parent: L_n2, Left: None, Mid: None, Right: None ]
[11:11:37] [Controller][DEBUG] -> --CURRENT TREE:
[11:11:37][NOHEADER] -> {'root': {'M_n1': ' (M , N , E )'}, 'M_n1': {'L_n2': ' (L , O , E)'}, 'L_n2': {'L_n3': ' (L , S , O)'}, 'L_n3': {}}

[11:11:37] [Controller][DEBUG] -> --CURRENT NODE: [ Name: L_n3, Type: Type.OBSERVED, Action: -90.0, Parent: L_n2, Left: None, Mid: None, Right: None ]
[11:11:37] [Controller][INFO] -> --Available actions: [<Command.RUN: 1>]
[11:11:37] [Controller][DEBUG] -> --(STATE, POSITION): (State.RUNNING, Position.CORRIDOR)
[11:11:37] [Controller][DEBUG] -> --Performing action: Command.RUN

[11:11:37] [Controller][DEBUG] ->  ~~~ [ACTION TIME] ~~~ 
[11:11:37] [Controller][DEBUG] ->  ** COMMAND RUN ** 
[11:11:37] [Controller][DEBUG] -> --(STATE, POSITION): (State.RUNNING, Position.CORRIDOR)

[11:11:37] [Controller][INFO] ->  >>>>>> NEW ALGORITHM CYCLE <<<<<< 
[11:11:37] [Controller][INFO] -> --MODE: Mode.EXPLORING
[11:11:37] [Controller][INFO] -> --ACTIONS: [<Command.RUN: 1>]
[11:11:37] [Controller][INFO] -> --CURRENT NODE: [ Name: L_n3, Type: Type.OBSERVED, Action: -90.0, Parent: L_n2, Left: None, Mid: None, Right: None ]
[11:11:37] [Controller][DEBUG] -> --CURRENT TREE:
[11:11:37][NOHEADER] -> {'root': {'M_n1': ' (M , N , E )'}, 'M_n1': {'L_n2': ' (L , O , E)'}, 'L_n2': {'L_n3': ' (L , S , O)'}, 'L_n3': {}}

[11:11:37] [Controller][DEBUG] -> --CURRENT NODE: [ Name: L_n3, Type: Type.OBSERVED, Action: -90.0, Parent: L_n2, Left: None, Mid: None, Right: None ]
[11:11:37] [Controller][INFO] -> --Available actions: [<Command.RUN: 1>]
[11:11:37] [Controller][DEBUG] -> --(STATE, POSITION): (State.RUNNING, Position.CORRIDOR)
[11:11:37] [Controller][DEBUG] -> --Performing action: Command.RUN

[11:11:37] [Controller][DEBUG] ->  ~~~ [ACTION TIME] ~~~ 
[11:11:37] [Controller][DEBUG] ->  ** COMMAND RUN ** 
[11:11:37] [Controller][DEBUG] -> --(STATE, POSITION): (State.RUNNING, Position.CORRIDOR)

[11:11:37] [Controller][INFO] ->  >>>>>> NEW ALGORITHM CYCLE <<<<<< 
[11:11:37] [Controller][INFO] -> --MODE: Mode.EXPLORING
[11:11:37] [Controller][INFO] -> --ACTIONS: [<Command.RUN: 1>]
[11:11:37] [Controller][INFO] -> --CURRENT NODE: [ Name: L_n3, Type: Type.OBSERVED, Action: -90.0, Parent: L_n2, Left: None, Mid: None, Right: None ]
[11:11:37] [Controller][DEBUG] -> --CURRENT TREE:
[11:11:37][NOHEADER] -> {'root': {'M_n1': ' (M , N , E )'}, 'M_n1': {'L_n2': ' (L , O , E)'}, 'L_n2': {'L_n3': ' (L , S , O)'}, 'L_n3': {}}

[11:11:37] [Controller][DEBUG] -> --CURRENT NODE: [ Name: L_n3, Type: Type.OBSERVED, Action: -90.0, Parent: L_n2, Left: None, Mid: None, Right: None ]
[11:11:37] [Controller][INFO] -> --Available actions: [<Command.RUN: 1>]
[11:11:37] [Controller][DEBUG] -> --(STATE, POSITION): (State.RUNNING, Position.CORRIDOR)
[11:11:37] [Controller][DEBUG] -> --Performing action: Command.RUN

[11:11:37] [Controller][DEBUG] ->  ~~~ [ACTION TIME] ~~~ 
[11:11:37] [Controller][DEBUG] ->  ** COMMAND RUN ** 
[11:11:37] [Controller][DEBUG] -> --(STATE, POSITION): (State.RUNNING, Position.CORRIDOR)

[11:11:37] [Controller][INFO] ->  >>>>>> NEW ALGORITHM CYCLE <<<<<< 
[11:11:37] [Controller][INFO] -> --MODE: Mode.EXPLORING
[11:11:37] [Controller][INFO] -> --ACTIONS: [<Command.RUN: 1>]
[11:11:37] [Controller][INFO] -> --CURRENT NODE: [ Name: L_n3, Type: Type.OBSERVED, Action: -90.0, Parent: L_n2, Left: None, Mid: None, Right: None ]
[11:11:37] [Controller][DEBUG] -> --CURRENT TREE:
[11:11:37][NOHEADER] -> {'root': {'M_n1': ' (M , N , E )'}, 'M_n1': {'L_n2': ' (L , O , E)'}, 'L_n2': {'L_n3': ' (L , S , O)'}, 'L_n3': {}}

[11:11:37] [Controller][DEBUG] -> --CURRENT NODE: [ Name: L_n3, Type: Type.OBSERVED, Action: -90.0, Parent: L_n2, Left: None, Mid: None, Right: None ]
[11:11:37] [Controller][INFO] -> --Available actions: [<Command.RUN: 1>]
[11:11:37] [Controller][DEBUG] -> --(STATE, POSITION): (State.RUNNING, Position.CORRIDOR)
[11:11:37] [Controller][DEBUG] -> --Performing action: Command.RUN

[11:11:37] [Controller][DEBUG] ->  ~~~ [ACTION TIME] ~~~ 
[11:11:37] [Controller][DEBUG] ->  ** COMMAND RUN ** 
[11:11:37] [Controller][DEBUG] -> --(STATE, POSITION): (State.RUNNING, Position.CORRIDOR)

[11:11:38] [Controller][INFO] ->  >>>>>> NEW ALGORITHM CYCLE <<<<<< 
[11:11:38] [Controller][INFO] -> --MODE: Mode.EXPLORING
[11:11:38] [Controller][INFO] -> --ACTIONS: [<Command.GO_TO_JUNCTION: 3>]
[11:11:38] [Controller][INFO] -> --CURRENT NODE: [ Name: L_n3, Type: Type.OBSERVED, Action: -90.0, Parent: L_n2, Left: None, Mid: None, Right: None ]
[11:11:38] [Controller][DEBUG] -> --CURRENT TREE:
[11:11:38][NOHEADER] -> {'root': {'M_n1': ' (M , N , E )'}, 'M_n1': {'L_n2': ' (L , O , E)'}, 'L_n2': {'L_n3': ' (L , S , O)'}, 'L_n3': {}}

[11:11:38] [Controller][DEBUG] -> --CURRENT NODE: [ Name: L_n3, Type: Type.OBSERVED, Action: -90.0, Parent: L_n2, Left: None, Mid: None, Right: None ]
[11:11:38] [Controller][INFO] -> --Available actions: [<Command.GO_TO_JUNCTION: 3>]
[11:11:38] [Controller][DEBUG] -> --(STATE, POSITION): (State.RUNNING, Position.CORRIDOR)
[11:11:38] [Controller][DEBUG] -> --Performing action: Command.GO_TO_JUNCTION

[11:11:38] [Controller][DEBUG] ->  ~~~ [ACTION TIME] ~~~ 
[11:11:38] [Controller][DEBUG] ->  ** JOINING THE JUNCTION ** 
[11:11:38] [Controller][DEBUG] ->  ** STATE SENSING ARISE ** 
[11:11:38] [Controller][DEBUG] -> --(STATE, POSITION): (State.SENSING, Position.JUNCTION)

[11:11:38] [Controller][INFO] ->  >>>>>> NEW ALGORITHM CYCLE <<<<<< 
[11:11:38] [Controller][DEBUG] -> Control policy EXPLORING
[11:11:38] [Controller][INFO] -> --MODE: Mode.EXPLORING
[11:11:38] [Controller][INFO] -> --ACTIONS: [<Compass.OVEST: 180.0>]
[11:11:38] [Controller][INFO] -> --CURRENT NODE: [ Name: L_n3, Type: Type.OBSERVED, Action: -90.0, Parent: L_n2, Left: None, Mid: None, Right: None ]

[11:11:38] [Controller][DEBUG] -> *** 1) UPDATING TREE (MODE EXPLORING) ***
[11:11:38] [Controller][INFO] -> ADDED RIGHT

[11:11:38] [Controller][DEBUG] -> *** 2) UPDATING TREE (MODE EXPLORING) ***
[11:11:38] [Controller][DEBUG] -> --CURRENT TREE:
[11:11:38][NOHEADER] -> {'root': {'M_n1': ' (M , N , E )'}, 'M_n1': {'L_n2': ' (L , O , E)'}, 'L_n2': {'L_n3': ' (L , S , E)'}, 'L_n3': {'R_n4': ' (R , O , O)'}, 'R_n4': {}}

[11:11:38] [Controller][DEBUG] -> --CURRENT NODE: [ Name: R_n4, Type: Type.OBSERVED, Action: 180.0, Parent: L_n3, Left: None, Mid: None, Right: None ]
[11:11:38] [Controller][INFO] -> --Available actions: [<Compass.OVEST: 180.0>]
[11:11:38] [Controller][DEBUG] -> --(STATE, POSITION): (State.SENSING, Position.JUNCTION)
[11:11:38] [Controller][DEBUG] -> --Performing action: 180.0

[11:11:38] [Controller][DEBUG] ->  ~~~ [ACTION TIME] ~~~ 
[11:11:38] [Controller][DEBUG] ->  ** COMMAND ROTATE ** 

[11:11:38] [Controller][DEBUG] ->  ** BEST ANGLE COMPUTATION ** 
[11:11:38] [Controller][DEBUG] ->  >> Rotate clockwise (RIGHT) of 83.7262째

[11:11:41] [Controller][DEBUG] ->  ** ORIENTATION CHECKING ** 
[11:11:41] [Controller][INFO] ->  ~~ perfect ~~ 
[11:11:41] [Controller][DEBUG] ->  >> curr state of the sensors: [-178, 178], curr_g: 178.4819
[11:11:41] [Controller][DEBUG] -> --(STATE, POSITION): (State.ROTATING, Position.JUNCTION)

[11:11:41] [Controller][INFO] ->  >>>>>> NEW ALGORITHM CYCLE <<<<<< 
[11:11:41] [Controller][INFO] -> --MODE: Mode.EXPLORING
[11:11:41] [Controller][INFO] -> --ACTIONS: [<Compass.OVEST: 180.0>]
[11:11:41] [Controller][INFO] -> --CURRENT NODE: [ Name: R_n4, Type: Type.OBSERVED, Action: 180.0, Parent: L_n3, Left: None, Mid: None, Right: None ]
[11:11:41] [Controller][DEBUG] -> --CURRENT TREE:
[11:11:41][NOHEADER] -> {'root': {'M_n1': ' (M , N , E )'}, 'M_n1': {'L_n2': ' (L , O , E)'}, 'L_n2': {'L_n3': ' (L , S , E)'}, 'L_n3': {'R_n4': ' (R , O , O)'}, 'R_n4': {}}

[11:11:41] [Controller][DEBUG] -> --CURRENT NODE: [ Name: R_n4, Type: Type.OBSERVED, Action: 180.0, Parent: L_n3, Left: None, Mid: None, Right: None ]
[11:11:41] [Controller][INFO] -> --Available actions: [<Compass.OVEST: 180.0>]
[11:11:41] [Controller][DEBUG] -> --(STATE, POSITION): (State.ROTATING, Position.JUNCTION)
[11:11:41] [Controller][DEBUG] -> --Performing action: 180.0

[11:11:41] [Controller][DEBUG] ->  ~~~ [ACTION TIME] ~~~ 
[11:11:41] [Controller][DEBUG] ->  ** COMMAND RUN ** 
[11:11:41] [Controller][DEBUG] -> --(STATE, POSITION): (State.RUNNING, Position.JUNCTION)

[11:11:41] [Controller][INFO] ->  >>>>>> NEW ALGORITHM CYCLE <<<<<< 
[11:11:41] [Controller][INFO] -> --MODE: Mode.EXPLORING
[11:11:41] [Controller][INFO] -> --ACTIONS: [<Command.RUN: 1>]
[11:11:41] [Controller][INFO] -> --CURRENT NODE: [ Name: R_n4, Type: Type.OBSERVED, Action: 180.0, Parent: L_n3, Left: None, Mid: None, Right: None ]
[11:11:41] [Controller][DEBUG] -> --CURRENT TREE:
[11:11:41][NOHEADER] -> {'root': {'M_n1': ' (M , N , E )'}, 'M_n1': {'L_n2': ' (L , O , E)'}, 'L_n2': {'L_n3': ' (L , S , E)'}, 'L_n3': {'R_n4': ' (R , O , O)'}, 'R_n4': {}}

[11:11:41] [Controller][DEBUG] -> --CURRENT NODE: [ Name: R_n4, Type: Type.OBSERVED, Action: 180.0, Parent: L_n3, Left: None, Mid: None, Right: None ]
[11:11:41] [Controller][INFO] -> --Available actions: [<Command.RUN: 1>]
[11:11:41] [Controller][DEBUG] -> --(STATE, POSITION): (State.RUNNING, Position.JUNCTION)
[11:11:41] [Controller][DEBUG] -> --Performing action: Command.RUN

[11:11:41] [Controller][DEBUG] ->  ~~~ [ACTION TIME] ~~~ 
[11:11:41] [Controller][DEBUG] ->  ** COMMAND RUN ** 
[11:11:41] [Controller][DEBUG] -> --(STATE, POSITION): (State.RUNNING, Position.JUNCTION)

[11:11:41] [Controller][INFO] ->  >>>>>> NEW ALGORITHM CYCLE <<<<<< 
[11:11:41] [Controller][INFO] -> --MODE: Mode.EXPLORING
[11:11:41] [Controller][INFO] -> --ACTIONS: [<Command.RUN: 1>]
[11:11:41] [Controller][INFO] -> --CURRENT NODE: [ Name: R_n4, Type: Type.OBSERVED, Action: 180.0, Parent: L_n3, Left: None, Mid: None, Right: None ]
[11:11:41] [Controller][DEBUG] -> --CURRENT TREE:
[11:11:41][NOHEADER] -> {'root': {'M_n1': ' (M , N , E )'}, 'M_n1': {'L_n2': ' (L , O , E)'}, 'L_n2': {'L_n3': ' (L , S , E)'}, 'L_n3': {'R_n4': ' (R , O , O)'}, 'R_n4': {}}

[11:11:41] [Controller][DEBUG] -> --CURRENT NODE: [ Name: R_n4, Type: Type.OBSERVED, Action: 180.0, Parent: L_n3, Left: None, Mid: None, Right: None ]
[11:11:41] [Controller][INFO] -> --Available actions: [<Command.RUN: 1>]
[11:11:41] [Controller][DEBUG] -> --(STATE, POSITION): (State.RUNNING, Position.JUNCTION)
[11:11:41] [Controller][DEBUG] -> --Performing action: Command.RUN

[11:11:41] [Controller][DEBUG] ->  ~~~ [ACTION TIME] ~~~ 
[11:11:41] [Controller][DEBUG] ->  ** COMMAND RUN ** 
[11:11:41] [Controller][DEBUG] -> --(STATE, POSITION): (State.RUNNING, Position.JUNCTION)

[11:11:42] [Controller][INFO] ->  >>>>>> NEW ALGORITHM CYCLE <<<<<< 
[11:11:42] [Controller][INFO] -> --MODE: Mode.EXPLORING
[11:11:42] [Controller][INFO] -> --ACTIONS: [<Command.RUN: 1>]
[11:11:42] [Controller][INFO] -> --CURRENT NODE: [ Name: R_n4, Type: Type.OBSERVED, Action: 180.0, Parent: L_n3, Left: None, Mid: None, Right: None ]
[11:11:42] [Controller][DEBUG] -> --CURRENT TREE:
[11:11:42][NOHEADER] -> {'root': {'M_n1': ' (M , N , E )'}, 'M_n1': {'L_n2': ' (L , O , E)'}, 'L_n2': {'L_n3': ' (L , S , E)'}, 'L_n3': {'R_n4': ' (R , O , O)'}, 'R_n4': {}}

[11:11:42] [Controller][DEBUG] -> --CURRENT NODE: [ Name: R_n4, Type: Type.OBSERVED, Action: 180.0, Parent: L_n3, Left: None, Mid: None, Right: None ]
[11:11:42] [Controller][INFO] -> --Available actions: [<Command.RUN: 1>]
[11:11:42] [Controller][DEBUG] -> --(STATE, POSITION): (State.RUNNING, Position.JUNCTION)
[11:11:42] [Controller][DEBUG] -> --Performing action: Command.RUN

[11:11:42] [Controller][DEBUG] ->  ~~~ [ACTION TIME] ~~~ 
[11:11:42] [Controller][DEBUG] ->  ** COMMAND RUN ** 
[11:11:42] [Controller][DEBUG] -> --(STATE, POSITION): (State.RUNNING, Position.JUNCTION)

[11:11:42] [Controller][INFO] ->  >>>>>> NEW ALGORITHM CYCLE <<<<<< 
[11:11:42] [Controller][INFO] -> --MODE: Mode.EXPLORING
[11:11:42] [Controller][INFO] -> --ACTIONS: [<Command.RUN: 1>]
[11:11:42] [Controller][INFO] -> --CURRENT NODE: [ Name: R_n4, Type: Type.OBSERVED, Action: 180.0, Parent: L_n3, Left: None, Mid: None, Right: None ]
[11:11:42] [Controller][DEBUG] -> --CURRENT TREE:
[11:11:42][NOHEADER] -> {'root': {'M_n1': ' (M , N , E )'}, 'M_n1': {'L_n2': ' (L , O , E)'}, 'L_n2': {'L_n3': ' (L , S , E)'}, 'L_n3': {'R_n4': ' (R , O , O)'}, 'R_n4': {}}

[11:11:42] [Controller][DEBUG] -> --CURRENT NODE: [ Name: R_n4, Type: Type.OBSERVED, Action: 180.0, Parent: L_n3, Left: None, Mid: None, Right: None ]
[11:11:42] [Controller][INFO] -> --Available actions: [<Command.RUN: 1>]
[11:11:42] [Controller][DEBUG] -> --(STATE, POSITION): (State.RUNNING, Position.JUNCTION)
[11:11:42] [Controller][DEBUG] -> --Performing action: Command.RUN

[11:11:42] [Controller][DEBUG] ->  ~~~ [ACTION TIME] ~~~ 
[11:11:42] [Controller][DEBUG] ->  ** COMMAND RUN ** 
[11:11:42] [Controller][DEBUG] -> --(STATE, POSITION): (State.RUNNING, Position.JUNCTION)

[11:11:42] [Controller][INFO] ->  >>>>>> NEW ALGORITHM CYCLE <<<<<< 
[11:11:42] [Controller][INFO] -> --MODE: Mode.EXPLORING
[11:11:42] [Controller][INFO] -> --ACTIONS: [<Command.RUN: 1>]
[11:11:42] [Controller][INFO] -> --CURRENT NODE: [ Name: R_n4, Type: Type.OBSERVED, Action: 180.0, Parent: L_n3, Left: None, Mid: None, Right: None ]
[11:11:42] [Controller][DEBUG] -> --CURRENT TREE:
[11:11:42][NOHEADER] -> {'root': {'M_n1': ' (M , N , E )'}, 'M_n1': {'L_n2': ' (L , O , E)'}, 'L_n2': {'L_n3': ' (L , S , E)'}, 'L_n3': {'R_n4': ' (R , O , O)'}, 'R_n4': {}}

[11:11:42] [Controller][DEBUG] -> --CURRENT NODE: [ Name: R_n4, Type: Type.OBSERVED, Action: 180.0, Parent: L_n3, Left: None, Mid: None, Right: None ]
[11:11:42] [Controller][INFO] -> --Available actions: [<Command.RUN: 1>]
[11:11:42] [Controller][DEBUG] -> --(STATE, POSITION): (State.RUNNING, Position.JUNCTION)
[11:11:42] [Controller][DEBUG] -> --Performing action: Command.RUN

[11:11:42] [Controller][DEBUG] ->  ~~~ [ACTION TIME] ~~~ 
[11:11:42] [Controller][DEBUG] ->  ** COMMAND RUN ** 
[11:11:42] [Controller][DEBUG] -> --(STATE, POSITION): (State.RUNNING, Position.JUNCTION)

[11:11:42] [Controller][INFO] ->  >>>>>> NEW ALGORITHM CYCLE <<<<<< 
[11:11:42] [Controller][INFO] -> --MODE: Mode.EXPLORING
[11:11:42] [Controller][INFO] -> --ACTIONS: [<Command.RUN: 1>]
[11:11:42] [Controller][INFO] -> --CURRENT NODE: [ Name: R_n4, Type: Type.OBSERVED, Action: 180.0, Parent: L_n3, Left: None, Mid: None, Right: None ]
[11:11:42] [Controller][DEBUG] -> --CURRENT TREE:
[11:11:42][NOHEADER] -> {'root': {'M_n1': ' (M , N , E )'}, 'M_n1': {'L_n2': ' (L , O , E)'}, 'L_n2': {'L_n3': ' (L , S , E)'}, 'L_n3': {'R_n4': ' (R , O , O)'}, 'R_n4': {}}

[11:11:42] [Controller][DEBUG] -> --CURRENT NODE: [ Name: R_n4, Type: Type.OBSERVED, Action: 180.0, Parent: L_n3, Left: None, Mid: None, Right: None ]
[11:11:42] [Controller][INFO] -> --Available actions: [<Command.RUN: 1>]
[11:11:42] [Controller][DEBUG] -> --(STATE, POSITION): (State.RUNNING, Position.JUNCTION)
[11:11:42] [Controller][DEBUG] -> --Performing action: Command.RUN

[11:11:42] [Controller][DEBUG] ->  ~~~ [ACTION TIME] ~~~ 
[11:11:42] [Controller][DEBUG] ->  ** COMMAND RUN ** 
[11:11:42] [Controller][DEBUG] -> --(STATE, POSITION): (State.RUNNING, Position.JUNCTION)

[11:11:42] [Controller][INFO] ->  >>>>>> NEW ALGORITHM CYCLE <<<<<< 
[11:11:42] [Controller][INFO] -> --MODE: Mode.EXPLORING
[11:11:42] [Controller][INFO] -> --ACTIONS: [<Command.RUN: 1>]
[11:11:42] [Controller][INFO] -> --CURRENT NODE: [ Name: R_n4, Type: Type.OBSERVED, Action: 180.0, Parent: L_n3, Left: None, Mid: None, Right: None ]
[11:11:42] [Controller][DEBUG] -> --CURRENT TREE:
[11:11:42][NOHEADER] -> {'root': {'M_n1': ' (M , N , E )'}, 'M_n1': {'L_n2': ' (L , O , E)'}, 'L_n2': {'L_n3': ' (L , S , E)'}, 'L_n3': {'R_n4': ' (R , O , O)'}, 'R_n4': {}}

[11:11:42] [Controller][DEBUG] -> --CURRENT NODE: [ Name: R_n4, Type: Type.OBSERVED, Action: 180.0, Parent: L_n3, Left: None, Mid: None, Right: None ]
[11:11:42] [Controller][INFO] -> --Available actions: [<Command.RUN: 1>]
[11:11:42] [Controller][DEBUG] -> --(STATE, POSITION): (State.RUNNING, Position.JUNCTION)
[11:11:42] [Controller][DEBUG] -> --Performing action: Command.RUN

[11:11:42] [Controller][DEBUG] ->  ~~~ [ACTION TIME] ~~~ 
[11:11:42] [Controller][DEBUG] ->  ** COMMAND RUN ** 
[11:11:42] [Controller][DEBUG] -> --(STATE, POSITION): (State.RUNNING, Position.JUNCTION)

[11:11:42] [Controller][INFO] ->  >>>>>> NEW ALGORITHM CYCLE <<<<<< 
[11:11:42] [Controller][INFO] -> --MODE: Mode.EXPLORING
[11:11:42] [Controller][INFO] -> --ACTIONS: [<Command.RUN: 1>]
[11:11:42] [Controller][INFO] -> --CURRENT NODE: [ Name: R_n4, Type: Type.OBSERVED, Action: 180.0, Parent: L_n3, Left: None, Mid: None, Right: None ]
[11:11:42] [Controller][DEBUG] -> --CURRENT TREE:
[11:11:42][NOHEADER] -> {'root': {'M_n1': ' (M , N , E )'}, 'M_n1': {'L_n2': ' (L , O , E)'}, 'L_n2': {'L_n3': ' (L , S , E)'}, 'L_n3': {'R_n4': ' (R , O , O)'}, 'R_n4': {}}

[11:11:42] [Controller][DEBUG] -> --CURRENT NODE: [ Name: R_n4, Type: Type.OBSERVED, Action: 180.0, Parent: L_n3, Left: None, Mid: None, Right: None ]
[11:11:42] [Controller][INFO] -> --Available actions: [<Command.RUN: 1>]
[11:11:42] [Controller][DEBUG] -> --(STATE, POSITION): (State.RUNNING, Position.JUNCTION)
[11:11:42] [Controller][DEBUG] -> --Performing action: Command.RUN

[11:11:42] [Controller][DEBUG] ->  ~~~ [ACTION TIME] ~~~ 
[11:11:42] [Controller][DEBUG] ->  ** COMMAND RUN ** 
[11:11:42] [Controller][DEBUG] -> --(STATE, POSITION): (State.RUNNING, Position.JUNCTION)

[11:11:43] [Controller][INFO] ->  >>>>>> NEW ALGORITHM CYCLE <<<<<< 
[11:11:43] [Controller][INFO] -> --MODE: Mode.EXPLORING
[11:11:43] [Controller][INFO] -> --ACTIONS: [<Command.RUN: 1>]
[11:11:43] [Controller][INFO] -> --CURRENT NODE: [ Name: R_n4, Type: Type.OBSERVED, Action: 180.0, Parent: L_n3, Left: None, Mid: None, Right: None ]
[11:11:43] [Controller][DEBUG] -> --CURRENT TREE:
[11:11:43][NOHEADER] -> {'root': {'M_n1': ' (M , N , E )'}, 'M_n1': {'L_n2': ' (L , O , E)'}, 'L_n2': {'L_n3': ' (L , S , E)'}, 'L_n3': {'R_n4': ' (R , O , O)'}, 'R_n4': {}}

[11:11:43] [Controller][DEBUG] -> --CURRENT NODE: [ Name: R_n4, Type: Type.OBSERVED, Action: 180.0, Parent: L_n3, Left: None, Mid: None, Right: None ]
[11:11:43] [Controller][INFO] -> --Available actions: [<Command.RUN: 1>]
[11:11:43] [Controller][DEBUG] -> --(STATE, POSITION): (State.RUNNING, Position.CORRIDOR)
[11:11:43] [Controller][DEBUG] -> --Performing action: Command.RUN

[11:11:43] [Controller][DEBUG] ->  ~~~ [ACTION TIME] ~~~ 
[11:11:43] [Controller][DEBUG] ->  ** COMMAND RUN ** 
[11:11:43] [Controller][DEBUG] -> --(STATE, POSITION): (State.RUNNING, Position.CORRIDOR)

[11:11:43] [Controller][INFO] ->  >>>>>> NEW ALGORITHM CYCLE <<<<<< 
[11:11:43] [Controller][INFO] -> --MODE: Mode.EXPLORING
[11:11:43] [Controller][INFO] -> --ACTIONS: [<Command.RUN: 1>]
[11:11:43] [Controller][INFO] -> --CURRENT NODE: [ Name: R_n4, Type: Type.OBSERVED, Action: 180.0, Parent: L_n3, Left: None, Mid: None, Right: None ]
[11:11:43] [Controller][DEBUG] -> --CURRENT TREE:
[11:11:43][NOHEADER] -> {'root': {'M_n1': ' (M , N , E )'}, 'M_n1': {'L_n2': ' (L , O , E)'}, 'L_n2': {'L_n3': ' (L , S , E)'}, 'L_n3': {'R_n4': ' (R , O , O)'}, 'R_n4': {}}

[11:11:43] [Controller][DEBUG] -> --CURRENT NODE: [ Name: R_n4, Type: Type.OBSERVED, Action: 180.0, Parent: L_n3, Left: None, Mid: None, Right: None ]
[11:11:43] [Controller][INFO] -> --Available actions: [<Command.RUN: 1>]
[11:11:43] [Controller][DEBUG] -> --(STATE, POSITION): (State.RUNNING, Position.CORRIDOR)
[11:11:43] [Controller][DEBUG] -> --Performing action: Command.RUN

[11:11:43] [Controller][DEBUG] ->  ~~~ [ACTION TIME] ~~~ 
[11:11:43] [Controller][DEBUG] ->  ** COMMAND RUN ** 
[11:11:43] [Controller][DEBUG] -> --(STATE, POSITION): (State.RUNNING, Position.CORRIDOR)

[11:11:43] [Controller][INFO] ->  >>>>>> NEW ALGORITHM CYCLE <<<<<< 
[11:11:43] [Controller][INFO] -> --MODE: Mode.EXPLORING
[11:11:43] [Controller][INFO] -> --ACTIONS: [<Command.RUN: 1>]
[11:11:43] [Controller][INFO] -> --CURRENT NODE: [ Name: R_n4, Type: Type.OBSERVED, Action: 180.0, Parent: L_n3, Left: None, Mid: None, Right: None ]
[11:11:43] [Controller][DEBUG] -> --CURRENT TREE:
[11:11:43][NOHEADER] -> {'root': {'M_n1': ' (M , N , E )'}, 'M_n1': {'L_n2': ' (L , O , E)'}, 'L_n2': {'L_n3': ' (L , S , E)'}, 'L_n3': {'R_n4': ' (R , O , O)'}, 'R_n4': {}}

[11:11:43] [Controller][DEBUG] -> --CURRENT NODE: [ Name: R_n4, Type: Type.OBSERVED, Action: 180.0, Parent: L_n3, Left: None, Mid: None, Right: None ]
[11:11:43] [Controller][INFO] -> --Available actions: [<Command.RUN: 1>]
[11:11:43] [Controller][DEBUG] -> --(STATE, POSITION): (State.RUNNING, Position.CORRIDOR)
[11:11:43] [Controller][DEBUG] -> --Performing action: Command.RUN

[11:11:43] [Controller][DEBUG] ->  ~~~ [ACTION TIME] ~~~ 
[11:11:43] [Controller][DEBUG] ->  ** COMMAND RUN ** 
[11:11:43] [Controller][DEBUG] -> --(STATE, POSITION): (State.RUNNING, Position.CORRIDOR)

[11:11:43] [Controller][INFO] ->  >>>>>> NEW ALGORITHM CYCLE <<<<<< 
[11:11:43] [Controller][INFO] -> --MODE: Mode.EXPLORING
[11:11:43] [Controller][INFO] -> --ACTIONS: [<Command.RUN: 1>]
[11:11:43] [Controller][INFO] -> --CURRENT NODE: [ Name: R_n4, Type: Type.OBSERVED, Action: 180.0, Parent: L_n3, Left: None, Mid: None, Right: None ]
[11:11:43] [Controller][DEBUG] -> --CURRENT TREE:
[11:11:43][NOHEADER] -> {'root': {'M_n1': ' (M , N , E )'}, 'M_n1': {'L_n2': ' (L , O , E)'}, 'L_n2': {'L_n3': ' (L , S , E)'}, 'L_n3': {'R_n4': ' (R , O , O)'}, 'R_n4': {}}

[11:11:43] [Controller][DEBUG] -> --CURRENT NODE: [ Name: R_n4, Type: Type.OBSERVED, Action: 180.0, Parent: L_n3, Left: None, Mid: None, Right: None ]
[11:11:43] [Controller][INFO] -> --Available actions: [<Command.RUN: 1>]
[11:11:43] [Controller][DEBUG] -> --(STATE, POSITION): (State.RUNNING, Position.CORRIDOR)
[11:11:43] [Controller][DEBUG] -> --Performing action: Command.RUN

[11:11:43] [Controller][DEBUG] ->  ~~~ [ACTION TIME] ~~~ 
[11:11:43] [Controller][DEBUG] ->  ** COMMAND RUN ** 
[11:11:43] [Controller][DEBUG] -> --(STATE, POSITION): (State.RUNNING, Position.CORRIDOR)

[11:11:43] [Controller][INFO] ->  >>>>>> NEW ALGORITHM CYCLE <<<<<< 
[11:11:43] [Controller][INFO] -> --MODE: Mode.EXPLORING
[11:11:43] [Controller][INFO] -> --ACTIONS: [<Command.RUN: 1>]
[11:11:43] [Controller][INFO] -> --CURRENT NODE: [ Name: R_n4, Type: Type.OBSERVED, Action: 180.0, Parent: L_n3, Left: None, Mid: None, Right: None ]
[11:11:43] [Controller][DEBUG] -> --CURRENT TREE:
[11:11:43][NOHEADER] -> {'root': {'M_n1': ' (M , N , E )'}, 'M_n1': {'L_n2': ' (L , O , E)'}, 'L_n2': {'L_n3': ' (L , S , E)'}, 'L_n3': {'R_n4': ' (R , O , O)'}, 'R_n4': {}}

[11:11:43] [Controller][DEBUG] -> --CURRENT NODE: [ Name: R_n4, Type: Type.OBSERVED, Action: 180.0, Parent: L_n3, Left: None, Mid: None, Right: None ]
[11:11:43] [Controller][INFO] -> --Available actions: [<Command.RUN: 1>]
[11:11:43] [Controller][DEBUG] -> --(STATE, POSITION): (State.RUNNING, Position.CORRIDOR)
[11:11:43] [Controller][DEBUG] -> --Performing action: Command.RUN

[11:11:43] [Controller][DEBUG] ->  ~~~ [ACTION TIME] ~~~ 
[11:11:43] [Controller][DEBUG] ->  ** COMMAND RUN ** 
[11:11:43] [Controller][DEBUG] -> --(STATE, POSITION): (State.RUNNING, Position.CORRIDOR)

[11:11:43] [Controller][INFO] ->  >>>>>> NEW ALGORITHM CYCLE <<<<<< 
[11:11:43] [Controller][INFO] -> --MODE: Mode.EXPLORING
[11:11:43] [Controller][INFO] -> --ACTIONS: [<Command.RUN: 1>]
[11:11:43] [Controller][INFO] -> --CURRENT NODE: [ Name: R_n4, Type: Type.OBSERVED, Action: 180.0, Parent: L_n3, Left: None, Mid: None, Right: None ]
[11:11:43] [Controller][DEBUG] -> --CURRENT TREE:
[11:11:43][NOHEADER] -> {'root': {'M_n1': ' (M , N , E )'}, 'M_n1': {'L_n2': ' (L , O , E)'}, 'L_n2': {'L_n3': ' (L , S , E)'}, 'L_n3': {'R_n4': ' (R , O , O)'}, 'R_n4': {}}

[11:11:43] [Controller][DEBUG] -> --CURRENT NODE: [ Name: R_n4, Type: Type.OBSERVED, Action: 180.0, Parent: L_n3, Left: None, Mid: None, Right: None ]
[11:11:43] [Controller][INFO] -> --Available actions: [<Command.RUN: 1>]
[11:11:43] [Controller][DEBUG] -> --(STATE, POSITION): (State.RUNNING, Position.CORRIDOR)
[11:11:43] [Controller][DEBUG] -> --Performing action: Command.RUN

[11:11:43] [Controller][DEBUG] ->  ~~~ [ACTION TIME] ~~~ 
[11:11:43] [Controller][DEBUG] ->  ** COMMAND RUN ** 
[11:11:43] [Controller][DEBUG] -> --(STATE, POSITION): (State.RUNNING, Position.CORRIDOR)

[11:11:44] [Controller][INFO] ->  >>>>>> NEW ALGORITHM CYCLE <<<<<< 
[11:11:44] [Controller][INFO] -> --MODE: Mode.EXPLORING
[11:11:44] [Controller][INFO] -> --ACTIONS: [<Command.RUN: 1>]
[11:11:44] [Controller][INFO] -> --CURRENT NODE: [ Name: R_n4, Type: Type.OBSERVED, Action: 180.0, Parent: L_n3, Left: None, Mid: None, Right: None ]
[11:11:44] [Controller][DEBUG] -> --CURRENT TREE:
[11:11:44][NOHEADER] -> {'root': {'M_n1': ' (M , N , E )'}, 'M_n1': {'L_n2': ' (L , O , E)'}, 'L_n2': {'L_n3': ' (L , S , E)'}, 'L_n3': {'R_n4': ' (R , O , O)'}, 'R_n4': {}}

[11:11:44] [Controller][DEBUG] -> --CURRENT NODE: [ Name: R_n4, Type: Type.OBSERVED, Action: 180.0, Parent: L_n3, Left: None, Mid: None, Right: None ]
[11:11:44] [Controller][INFO] -> --Available actions: [<Command.RUN: 1>]
[11:11:44] [Controller][DEBUG] -> --(STATE, POSITION): (State.RUNNING, Position.CORRIDOR)
[11:11:44] [Controller][DEBUG] -> --Performing action: Command.RUN

[11:11:44] [Controller][DEBUG] ->  ~~~ [ACTION TIME] ~~~ 
[11:11:44] [Controller][DEBUG] ->  ** COMMAND RUN ** 
[11:11:44] [Controller][DEBUG] -> --(STATE, POSITION): (State.RUNNING, Position.CORRIDOR)

[11:11:44] [Controller][INFO] ->  >>>>>> NEW ALGORITHM CYCLE <<<<<< 
[11:11:44] [Controller][INFO] -> --MODE: Mode.EXPLORING
[11:11:44] [Controller][INFO] -> --ACTIONS: [<Command.RUN: 1>]
[11:11:44] [Controller][INFO] -> --CURRENT NODE: [ Name: R_n4, Type: Type.OBSERVED, Action: 180.0, Parent: L_n3, Left: None, Mid: None, Right: None ]
[11:11:44] [Controller][DEBUG] -> --CURRENT TREE:
[11:11:44][NOHEADER] -> {'root': {'M_n1': ' (M , N , E )'}, 'M_n1': {'L_n2': ' (L , O , E)'}, 'L_n2': {'L_n3': ' (L , S , E)'}, 'L_n3': {'R_n4': ' (R , O , O)'}, 'R_n4': {}}

[11:11:44] [Controller][DEBUG] -> --CURRENT NODE: [ Name: R_n4, Type: Type.OBSERVED, Action: 180.0, Parent: L_n3, Left: None, Mid: None, Right: None ]
[11:11:44] [Controller][INFO] -> --Available actions: [<Command.RUN: 1>]
[11:11:44] [Controller][DEBUG] -> --(STATE, POSITION): (State.RUNNING, Position.CORRIDOR)
[11:11:44] [Controller][DEBUG] -> --Performing action: Command.RUN

[11:11:44] [Controller][DEBUG] ->  ~~~ [ACTION TIME] ~~~ 
[11:11:44] [Controller][DEBUG] ->  ** COMMAND RUN ** 
[11:11:44] [Controller][DEBUG] -> --(STATE, POSITION): (State.RUNNING, Position.CORRIDOR)

[11:11:44] [Controller][INFO] ->  >>>>>> NEW ALGORITHM CYCLE <<<<<< 
[11:11:44] [Controller][INFO] -> --MODE: Mode.EXPLORING
[11:11:44] [Controller][INFO] -> --ACTIONS: [<Command.RUN: 1>]
[11:11:44] [Controller][INFO] -> --CURRENT NODE: [ Name: R_n4, Type: Type.OBSERVED, Action: 180.0, Parent: L_n3, Left: None, Mid: None, Right: None ]
[11:11:44] [Controller][DEBUG] -> --CURRENT TREE:
[11:11:44][NOHEADER] -> {'root': {'M_n1': ' (M , N , E )'}, 'M_n1': {'L_n2': ' (L , O , E)'}, 'L_n2': {'L_n3': ' (L , S , E)'}, 'L_n3': {'R_n4': ' (R , O , O)'}, 'R_n4': {}}

[11:11:44] [Controller][DEBUG] -> --CURRENT NODE: [ Name: R_n4, Type: Type.OBSERVED, Action: 180.0, Parent: L_n3, Left: None, Mid: None, Right: None ]
[11:11:44] [Controller][INFO] -> --Available actions: [<Command.RUN: 1>]
[11:11:44] [Controller][DEBUG] -> --(STATE, POSITION): (State.RUNNING, Position.CORRIDOR)
[11:11:44] [Controller][DEBUG] -> --Performing action: Command.RUN

[11:11:44] [Controller][DEBUG] ->  ~~~ [ACTION TIME] ~~~ 
[11:11:44] [Controller][DEBUG] ->  ** COMMAND RUN ** 
[11:11:44] [Controller][DEBUG] -> --(STATE, POSITION): (State.RUNNING, Position.CORRIDOR)

[11:11:44] [Controller][INFO] ->  >>>>>> NEW ALGORITHM CYCLE <<<<<< 
[11:11:44] [Controller][INFO] -> --MODE: Mode.EXPLORING
[11:11:44] [Controller][INFO] -> --ACTIONS: [<Command.RUN: 1>]
[11:11:44] [Controller][INFO] -> --CURRENT NODE: [ Name: R_n4, Type: Type.OBSERVED, Action: 180.0, Parent: L_n3, Left: None, Mid: None, Right: None ]
[11:11:44] [Controller][DEBUG] -> --CURRENT TREE:
[11:11:44][NOHEADER] -> {'root': {'M_n1': ' (M , N , E )'}, 'M_n1': {'L_n2': ' (L , O , E)'}, 'L_n2': {'L_n3': ' (L , S , E)'}, 'L_n3': {'R_n4': ' (R , O , O)'}, 'R_n4': {}}

[11:11:44] [Controller][DEBUG] -> --CURRENT NODE: [ Name: R_n4, Type: Type.OBSERVED, Action: 180.0, Parent: L_n3, Left: None, Mid: None, Right: None ]
[11:11:44] [Controller][INFO] -> --Available actions: [<Command.RUN: 1>]
[11:11:44] [Controller][DEBUG] -> --(STATE, POSITION): (State.RUNNING, Position.CORRIDOR)
[11:11:44] [Controller][DEBUG] -> --Performing action: Command.RUN

[11:11:44] [Controller][DEBUG] ->  ~~~ [ACTION TIME] ~~~ 
[11:11:44] [Controller][DEBUG] ->  ** COMMAND RUN ** 
[11:11:44] [Controller][DEBUG] -> --(STATE, POSITION): (State.RUNNING, Position.CORRIDOR)

[11:11:44] [Controller][INFO] ->  >>>>>> NEW ALGORITHM CYCLE <<<<<< 
[11:11:44] [Controller][INFO] -> --MODE: Mode.EXPLORING
[11:11:44] [Controller][INFO] -> --ACTIONS: [<Command.RUN: 1>]
[11:11:44] [Controller][INFO] -> --CURRENT NODE: [ Name: R_n4, Type: Type.OBSERVED, Action: 180.0, Parent: L_n3, Left: None, Mid: None, Right: None ]
[11:11:44] [Controller][DEBUG] -> --CURRENT TREE:
[11:11:44][NOHEADER] -> {'root': {'M_n1': ' (M , N , E )'}, 'M_n1': {'L_n2': ' (L , O , E)'}, 'L_n2': {'L_n3': ' (L , S , E)'}, 'L_n3': {'R_n4': ' (R , O , O)'}, 'R_n4': {}}

[11:11:44] [Controller][DEBUG] -> --CURRENT NODE: [ Name: R_n4, Type: Type.OBSERVED, Action: 180.0, Parent: L_n3, Left: None, Mid: None, Right: None ]
[11:11:44] [Controller][INFO] -> --Available actions: [<Command.RUN: 1>]
[11:11:44] [Controller][DEBUG] -> --(STATE, POSITION): (State.RUNNING, Position.CORRIDOR)
[11:11:44] [Controller][DEBUG] -> --Performing action: Command.RUN

[11:11:44] [Controller][DEBUG] ->  ~~~ [ACTION TIME] ~~~ 
[11:11:44] [Controller][DEBUG] ->  ** COMMAND RUN ** 
[11:11:44] [Controller][DEBUG] -> --(STATE, POSITION): (State.RUNNING, Position.CORRIDOR)

[11:11:44] [Controller][INFO] ->  >>>>>> NEW ALGORITHM CYCLE <<<<<< 
[11:11:44] [Controller][INFO] -> --MODE: Mode.EXPLORING
[11:11:44] [Controller][INFO] -> --ACTIONS: [<Command.RUN: 1>]
[11:11:44] [Controller][INFO] -> --CURRENT NODE: [ Name: R_n4, Type: Type.OBSERVED, Action: 180.0, Parent: L_n3, Left: None, Mid: None, Right: None ]
[11:11:44] [Controller][DEBUG] -> --CURRENT TREE:
[11:11:44][NOHEADER] -> {'root': {'M_n1': ' (M , N , E )'}, 'M_n1': {'L_n2': ' (L , O , E)'}, 'L_n2': {'L_n3': ' (L , S , E)'}, 'L_n3': {'R_n4': ' (R , O , O)'}, 'R_n4': {}}

[11:11:44] [Controller][DEBUG] -> --CURRENT NODE: [ Name: R_n4, Type: Type.OBSERVED, Action: 180.0, Parent: L_n3, Left: None, Mid: None, Right: None ]
[11:11:44] [Controller][INFO] -> --Available actions: [<Command.RUN: 1>]
[11:11:44] [Controller][DEBUG] -> --(STATE, POSITION): (State.RUNNING, Position.CORRIDOR)
[11:11:44] [Controller][DEBUG] -> --Performing action: Command.RUN

[11:11:44] [Controller][DEBUG] ->  ~~~ [ACTION TIME] ~~~ 
[11:11:44] [Controller][DEBUG] ->  ** COMMAND RUN ** 
[11:11:44] [Controller][DEBUG] -> --(STATE, POSITION): (State.RUNNING, Position.CORRIDOR)
[11:11:44] [Controller][INFO] -> CONTROLLER STOPPED
