[10:45:3] [PhysicalBody] -> Coppelia connection started!


[10:45:5] [Controller] -> !!! NEW ALGORTHM CYCLE !!!
[10:45:5] [Controller] -> --MODE: Mode.EXPLORING
[10:45:5] [Controller] -> --CURRENT NODE: [ Name: root, Type: Type.OBSERVED, Action: None, Parent: None, Left: None, Mid: None, Right: None ]
[10:45:5] [Controller] -> --ACTIONS: [<Command.START: -1>]
[10:45:5] [Controller] -> --CURRENT TREE:
[10:45:5] -> {'root': {}}
[10:45:5] [Controller] -> --CURRENT NODE: [ Name: root, Type: Type.OBSERVED, Action: None, Parent: None, Left: None, Mid: None, Right: None ]
[10:45:5] [Controller] -> --(STATE, POSITION): (State.STARTING, Position.CORRIDOR)
[10:45:5] [Controller] -> --Available actions: [<Command.START: -1>]
[10:45:5] [Controller] -> --Performing action: Command.START

[10:45:5] [Controller] ->  ~~~ [ACTION TIME] ~~~ 
[10:45:5] [Controller] ->  ** COMMAND START ** 
[10:45:5] [Controller] -> --(STATE, POSITION): (State.STARTING, Position.CORRIDOR)

[10:45:5] [Controller] -> !!! NEW ALGORTHM CYCLE !!!
[10:45:5] [Controller] -> --MODE: Mode.EXPLORING
[10:45:5] [Controller] -> --CURRENT NODE: [ Name: root, Type: Type.OBSERVED, Action: None, Parent: None, Left: None, Mid: None, Right: None ]
[10:45:5] [Controller] -> --ACTIONS: [<Compass.NORD: 90.0>]

[10:45:5] [Controller] -> *** 1) UPDATING TREE (MODE EXPLORING) ***
[10:45:5] [Controller] -> ADDED MID

[10:45:5] [Controller] -> *** 2) UPDATING TREE (MODE EXPLORING) ***
[10:45:5] [Controller] -> --CURRENT TREE:
[10:45:5] -> {'root': {'M_n1': ' (M , N , O )'}, 'M_n1': {}}
[10:45:5] [Controller] -> --CURRENT NODE: [ Name: M_n1, Type: Type.OBSERVED, Action: 90.0, Parent: root, Left: None, Mid: None, Right: None ]
[10:45:5] [Controller] -> --(STATE, POSITION): (State.SENSING, Position.CORRIDOR)
[10:45:5] [Controller] -> --Available actions: [<Compass.NORD: 90.0>]
[10:45:5] [Controller] -> --Performing action: 90.0

[10:45:5] [Controller] ->  ~~~ [ACTION TIME] ~~~ 
[10:45:5] [Controller] ->  ** COMMAND RUN ** 
[10:45:5] [Controller] -> --(STATE, POSITION): (State.RUNNING, Position.CORRIDOR)

[10:45:6] [Controller] -> !!! NEW ALGORTHM CYCLE !!!
[10:45:6] [Controller] -> --MODE: Mode.EXPLORING
[10:45:6] [Controller] -> --CURRENT NODE: [ Name: M_n1, Type: Type.OBSERVED, Action: 90.0, Parent: root, Left: None, Mid: None, Right: None ]
[10:45:6] [Controller] -> --ACTIONS: [<Command.RUN: 1>]
[10:45:6] [Controller] -> --CURRENT TREE:
[10:45:6] -> {'root': {'M_n1': ' (M , N , O )'}, 'M_n1': {}}
[10:45:6] [Controller] -> --CURRENT NODE: [ Name: M_n1, Type: Type.OBSERVED, Action: 90.0, Parent: root, Left: None, Mid: None, Right: None ]
[10:45:6] [Controller] -> --(STATE, POSITION): (State.RUNNING, Position.CORRIDOR)
[10:45:6] [Controller] -> --Available actions: [<Command.RUN: 1>]
[10:45:6] [Controller] -> --Performing action: Command.RUN

[10:45:6] [Controller] ->  ~~~ [ACTION TIME] ~~~ 
[10:45:6] [Controller] ->  ** COMMAND RUN ** 
[10:45:6] [Controller] -> --(STATE, POSITION): (State.RUNNING, Position.CORRIDOR)

[10:45:6] [Controller] -> !!! NEW ALGORTHM CYCLE !!!
[10:45:6] [Controller] -> --MODE: Mode.EXPLORING
[10:45:6] [Controller] -> --CURRENT NODE: [ Name: M_n1, Type: Type.OBSERVED, Action: 90.0, Parent: root, Left: None, Mid: None, Right: None ]
[10:45:6] [Controller] -> --ACTIONS: [<Command.RUN: 1>]
[10:45:6] [Controller] -> --CURRENT TREE:
[10:45:6] -> {'root': {'M_n1': ' (M , N , O )'}, 'M_n1': {}}
[10:45:6] [Controller] -> --CURRENT NODE: [ Name: M_n1, Type: Type.OBSERVED, Action: 90.0, Parent: root, Left: None, Mid: None, Right: None ]
[10:45:6] [Controller] -> --(STATE, POSITION): (State.RUNNING, Position.CORRIDOR)
[10:45:6] [Controller] -> --Available actions: [<Command.RUN: 1>]
[10:45:6] [Controller] -> --Performing action: Command.RUN

[10:45:6] [Controller] ->  ~~~ [ACTION TIME] ~~~ 
[10:45:6] [Controller] ->  ** COMMAND RUN ** 
[10:45:6] [Controller] -> --(STATE, POSITION): (State.RUNNING, Position.CORRIDOR)

[10:45:6] [Controller] -> !!! NEW ALGORTHM CYCLE !!!
[10:45:6] [Controller] -> --MODE: Mode.EXPLORING
[10:45:6] [Controller] -> --CURRENT NODE: [ Name: M_n1, Type: Type.OBSERVED, Action: 90.0, Parent: root, Left: None, Mid: None, Right: None ]
[10:45:6] [Controller] -> --ACTIONS: [<Command.RUN: 1>]
[10:45:6] [Controller] -> --CURRENT TREE:
[10:45:6] -> {'root': {'M_n1': ' (M , N , O )'}, 'M_n1': {}}
[10:45:6] [Controller] -> --CURRENT NODE: [ Name: M_n1, Type: Type.OBSERVED, Action: 90.0, Parent: root, Left: None, Mid: None, Right: None ]
[10:45:6] [Controller] -> --(STATE, POSITION): (State.RUNNING, Position.CORRIDOR)
[10:45:6] [Controller] -> --Available actions: [<Command.RUN: 1>]
[10:45:6] [Controller] -> --Performing action: Command.RUN

[10:45:6] [Controller] ->  ~~~ [ACTION TIME] ~~~ 
[10:45:6] [Controller] ->  ** COMMAND RUN ** 
[10:45:6] [Controller] -> --(STATE, POSITION): (State.RUNNING, Position.CORRIDOR)

[10:45:7] [Controller] -> !!! NEW ALGORTHM CYCLE !!!
[10:45:7] [Controller] -> --MODE: Mode.EXPLORING
[10:45:7] [Controller] -> --CURRENT NODE: [ Name: M_n1, Type: Type.OBSERVED, Action: 90.0, Parent: root, Left: None, Mid: None, Right: None ]
[10:45:7] [Controller] -> --ACTIONS: [<Command.RUN: 1>]
[10:45:7] [Controller] -> --CURRENT TREE:
[10:45:7] -> {'root': {'M_n1': ' (M , N , O )'}, 'M_n1': {}}
[10:45:7] [Controller] -> --CURRENT NODE: [ Name: M_n1, Type: Type.OBSERVED, Action: 90.0, Parent: root, Left: None, Mid: None, Right: None ]
[10:45:7] [Controller] -> --(STATE, POSITION): (State.RUNNING, Position.CORRIDOR)
[10:45:7] [Controller] -> --Available actions: [<Command.RUN: 1>]
[10:45:7] [Controller] -> --Performing action: Command.RUN

[10:45:7] [Controller] ->  ~~~ [ACTION TIME] ~~~ 
[10:45:7] [Controller] ->  ** COMMAND RUN ** 
[10:45:7] [Controller] -> --(STATE, POSITION): (State.RUNNING, Position.CORRIDOR)

[10:45:7] [Controller] -> !!! NEW ALGORTHM CYCLE !!!
[10:45:7] [Controller] -> --MODE: Mode.EXPLORING
[10:45:7] [Controller] -> --CURRENT NODE: [ Name: M_n1, Type: Type.OBSERVED, Action: 90.0, Parent: root, Left: None, Mid: None, Right: None ]
[10:45:7] [Controller] -> --ACTIONS: [<Command.GO_TO_JUNCTION: 3>]
[10:45:7] [Controller] -> --CURRENT TREE:
[10:45:7] -> {'root': {'M_n1': ' (M , N , O )'}, 'M_n1': {}}
[10:45:7] [Controller] -> --CURRENT NODE: [ Name: M_n1, Type: Type.OBSERVED, Action: 90.0, Parent: root, Left: None, Mid: None, Right: None ]
[10:45:7] [Controller] -> --(STATE, POSITION): (State.RUNNING, Position.CORRIDOR)
[10:45:7] [Controller] -> --Available actions: [<Command.GO_TO_JUNCTION: 3>]
[10:45:7] [Controller] -> --Performing action: Command.GO_TO_JUNCTION

[10:45:7] [Controller] ->  ~~~ [ACTION TIME] ~~~ 
[10:45:7] [Controller] ->  ** JOINING THE JUNCTION ** 
[10:45:7] [Controller] ->  ** STATE SENSING ARISE ** 
[10:45:8] [Controller] -> --(STATE, POSITION): (State.SENSING, Position.JUNCTION)

[10:45:8] [Controller] -> !!! NEW ALGORTHM CYCLE !!!
[10:45:8] [Controller] -> --MODE: Mode.EXPLORING
[10:45:8] [Controller] -> --CURRENT NODE: [ Name: M_n1, Type: Type.OBSERVED, Action: 90.0, Parent: root, Left: None, Mid: None, Right: None ]
[10:45:8] [Controller] -> --ACTIONS: [<Compass.OVEST: 180.0>]

[10:45:8] [Controller] -> *** 1) UPDATING TREE (MODE EXPLORING) ***
[10:45:8] [Controller] -> ADDED LEFT

[10:45:8] [Controller] -> *** 2) UPDATING TREE (MODE EXPLORING) ***
[10:45:8] [Controller] -> --CURRENT TREE:
[10:45:8] -> {'root': {'M_n1': ' (M , N , E )'}, 'M_n1': {'L_n2': ' (L , O , O)'}, 'L_n2': {}}
[10:45:8] [Controller] -> --CURRENT NODE: [ Name: L_n2, Type: Type.OBSERVED, Action: 180.0, Parent: M_n1, Left: None, Mid: None, Right: None ]
[10:45:8] [Controller] -> --(STATE, POSITION): (State.SENSING, Position.JUNCTION)
[10:45:8] [Controller] -> --Available actions: [<Compass.OVEST: 180.0>]
[10:45:8] [Controller] -> --Performing action: 180.0

[10:45:8] [Controller] ->  ~~~ [ACTION TIME] ~~~ 
[10:45:8] [Controller] ->  ** COMMAND ROTATE ** 

[10:45:8] [Controller] ->  ** BEST ANGLE COMPUTATION ** 
[10:45:8] [Controller] ->  >> Rotate anti-clockwise (LEFT) of 91.0007°

[10:45:10] [Controller] ->  ** ORIENTATION CHECKING ** 
[10:45:10] [Controller] ->  ~~ perfect ~~ 
[10:45:10] [Controller] ->  >> curr state of the sensors: [-178, 178], curr_g: -178.4259
[10:45:10] [Controller] -> --(STATE, POSITION): (State.ROTATING, Position.JUNCTION)

[10:45:11] [Controller] -> !!! NEW ALGORTHM CYCLE !!!
[10:45:11] [Controller] -> --MODE: Mode.EXPLORING
[10:45:11] [Controller] -> --CURRENT NODE: [ Name: L_n2, Type: Type.OBSERVED, Action: 180.0, Parent: M_n1, Left: None, Mid: None, Right: None ]
[10:45:11] [Controller] -> --ACTIONS: [<Compass.OVEST: 180.0>]
[10:45:11] [Controller] -> --CURRENT TREE:
[10:45:11] -> {'root': {'M_n1': ' (M , N , E )'}, 'M_n1': {'L_n2': ' (L , O , O)'}, 'L_n2': {}}
[10:45:11] [Controller] -> --CURRENT NODE: [ Name: L_n2, Type: Type.OBSERVED, Action: 180.0, Parent: M_n1, Left: None, Mid: None, Right: None ]
[10:45:11] [Controller] -> --(STATE, POSITION): (State.ROTATING, Position.JUNCTION)
[10:45:11] [Controller] -> --Available actions: [<Compass.OVEST: 180.0>]
[10:45:11] [Controller] -> --Performing action: 180.0

[10:45:11] [Controller] ->  ~~~ [ACTION TIME] ~~~ 
[10:45:11] [Controller] ->  ** COMMAND RUN ** 
[10:45:11] [Controller] -> --(STATE, POSITION): (State.RUNNING, Position.JUNCTION)

[10:45:11] [Controller] -> !!! NEW ALGORTHM CYCLE !!!
[10:45:11] [Controller] -> --MODE: Mode.EXPLORING
[10:45:11] [Controller] -> --CURRENT NODE: [ Name: L_n2, Type: Type.OBSERVED, Action: 180.0, Parent: M_n1, Left: None, Mid: None, Right: None ]
[10:45:11] [Controller] -> --ACTIONS: [<Command.RUN: 1>]
[10:45:11] [Controller] -> --CURRENT TREE:
[10:45:11] -> {'root': {'M_n1': ' (M , N , E )'}, 'M_n1': {'L_n2': ' (L , O , O)'}, 'L_n2': {}}
[10:45:11] [Controller] -> --CURRENT NODE: [ Name: L_n2, Type: Type.OBSERVED, Action: 180.0, Parent: M_n1, Left: None, Mid: None, Right: None ]
[10:45:11] [Controller] -> --(STATE, POSITION): (State.RUNNING, Position.JUNCTION)
[10:45:11] [Controller] -> --Available actions: [<Command.RUN: 1>]
[10:45:11] [Controller] -> --Performing action: Command.RUN

[10:45:11] [Controller] ->  ~~~ [ACTION TIME] ~~~ 
[10:45:11] [Controller] ->  ** COMMAND RUN ** 
[10:45:11] [Controller] -> --(STATE, POSITION): (State.RUNNING, Position.JUNCTION)

[10:45:11] [Controller] -> !!! NEW ALGORTHM CYCLE !!!
[10:45:11] [Controller] -> --MODE: Mode.EXPLORING
[10:45:11] [Controller] -> --CURRENT NODE: [ Name: L_n2, Type: Type.OBSERVED, Action: 180.0, Parent: M_n1, Left: None, Mid: None, Right: None ]
[10:45:11] [Controller] -> --ACTIONS: [<Command.RUN: 1>]
[10:45:11] [Controller] -> --CURRENT TREE:
[10:45:11] -> {'root': {'M_n1': ' (M , N , E )'}, 'M_n1': {'L_n2': ' (L , O , O)'}, 'L_n2': {}}
[10:45:11] [Controller] -> --CURRENT NODE: [ Name: L_n2, Type: Type.OBSERVED, Action: 180.0, Parent: M_n1, Left: None, Mid: None, Right: None ]
[10:45:11] [Controller] -> --(STATE, POSITION): (State.RUNNING, Position.JUNCTION)
[10:45:11] [Controller] -> --Available actions: [<Command.RUN: 1>]
[10:45:11] [Controller] -> --Performing action: Command.RUN

[10:45:11] [Controller] ->  ~~~ [ACTION TIME] ~~~ 
[10:45:11] [Controller] ->  ** COMMAND RUN ** 
[10:45:11] [Controller] -> --(STATE, POSITION): (State.RUNNING, Position.JUNCTION)

[10:45:12] [Controller] -> !!! NEW ALGORTHM CYCLE !!!
[10:45:12] [Controller] -> --MODE: Mode.EXPLORING
[10:45:12] [Controller] -> --CURRENT NODE: [ Name: L_n2, Type: Type.OBSERVED, Action: 180.0, Parent: M_n1, Left: None, Mid: None, Right: None ]
[10:45:12] [Controller] -> --ACTIONS: [<Command.RUN: 1>]
[10:45:12] [Controller] -> --CURRENT TREE:
[10:45:12] -> {'root': {'M_n1': ' (M , N , E )'}, 'M_n1': {'L_n2': ' (L , O , O)'}, 'L_n2': {}}
[10:45:12] [Controller] -> --CURRENT NODE: [ Name: L_n2, Type: Type.OBSERVED, Action: 180.0, Parent: M_n1, Left: None, Mid: None, Right: None ]
[10:45:12] [Controller] -> --(STATE, POSITION): (State.RUNNING, Position.CORRIDOR)
[10:45:12] [Controller] -> --Available actions: [<Command.RUN: 1>]
[10:45:12] [Controller] -> --Performing action: Command.RUN

[10:45:12] [Controller] ->  ~~~ [ACTION TIME] ~~~ 
[10:45:12] [Controller] ->  ** COMMAND RUN ** 
[10:45:12] [Controller] -> --(STATE, POSITION): (State.RUNNING, Position.CORRIDOR)

[10:45:12] [Controller] -> !!! NEW ALGORTHM CYCLE !!!
[10:45:12] [Controller] -> --MODE: Mode.EXPLORING
[10:45:12] [Controller] -> --CURRENT NODE: [ Name: L_n2, Type: Type.OBSERVED, Action: 180.0, Parent: M_n1, Left: None, Mid: None, Right: None ]
[10:45:12] [Controller] -> --ACTIONS: [<Command.RUN: 1>]
[10:45:12] [Controller] -> --CURRENT TREE:
[10:45:12] -> {'root': {'M_n1': ' (M , N , E )'}, 'M_n1': {'L_n2': ' (L , O , O)'}, 'L_n2': {}}
[10:45:12] [Controller] -> --CURRENT NODE: [ Name: L_n2, Type: Type.OBSERVED, Action: 180.0, Parent: M_n1, Left: None, Mid: None, Right: None ]
[10:45:12] [Controller] -> --(STATE, POSITION): (State.RUNNING, Position.CORRIDOR)
[10:45:12] [Controller] -> --Available actions: [<Command.RUN: 1>]
[10:45:12] [Controller] -> --Performing action: Command.RUN

[10:45:12] [Controller] ->  ~~~ [ACTION TIME] ~~~ 
[10:45:12] [Controller] ->  ** COMMAND RUN ** 
[10:45:12] [Controller] -> --(STATE, POSITION): (State.RUNNING, Position.CORRIDOR)

[10:45:12] [Controller] -> !!! NEW ALGORTHM CYCLE !!!
[10:45:12] [Controller] -> --MODE: Mode.EXPLORING
[10:45:12] [Controller] -> --CURRENT NODE: [ Name: L_n2, Type: Type.OBSERVED, Action: 180.0, Parent: M_n1, Left: None, Mid: None, Right: None ]
[10:45:12] [Controller] -> --ACTIONS: [<Command.GO_TO_JUNCTION: 3>]
[10:45:12] [Controller] -> --CURRENT TREE:
[10:45:12] -> {'root': {'M_n1': ' (M , N , E )'}, 'M_n1': {'L_n2': ' (L , O , O)'}, 'L_n2': {}}
[10:45:12] [Controller] -> --CURRENT NODE: [ Name: L_n2, Type: Type.OBSERVED, Action: 180.0, Parent: M_n1, Left: None, Mid: None, Right: None ]
[10:45:12] [Controller] -> --(STATE, POSITION): (State.RUNNING, Position.CORRIDOR)
[10:45:12] [Controller] -> --Available actions: [<Command.GO_TO_JUNCTION: 3>]
[10:45:12] [Controller] -> --Performing action: Command.GO_TO_JUNCTION

[10:45:12] [Controller] ->  ~~~ [ACTION TIME] ~~~ 
[10:45:12] [Controller] ->  ** JOINING THE JUNCTION ** 
[10:45:13] [Controller] ->  ** STATE SENSING ARISE ** 
[10:45:13] [Controller] -> --(STATE, POSITION): (State.SENSING, Position.JUNCTION)

[10:45:13] [Controller] -> !!! NEW ALGORTHM CYCLE !!!
[10:45:13] [Controller] -> --MODE: Mode.EXPLORING
[10:45:13] [Controller] -> --CURRENT NODE: [ Name: L_n2, Type: Type.OBSERVED, Action: 180.0, Parent: M_n1, Left: None, Mid: None, Right: None ]
[10:45:13] [Controller] -> --ACTIONS: [<Compass.SUD: -90.0>, <Compass.OVEST: 180.0>]

[10:45:13] [Controller] -> *** 1) UPDATING TREE (MODE EXPLORING) ***
[10:45:13] [Controller] -> ADDED LEFT
[10:45:13] [Controller] -> ADDED MID

[10:45:13] [Controller] -> *** 2) UPDATING TREE (MODE EXPLORING) ***
[10:45:13] [Controller] -> --CURRENT TREE:
[10:45:13] -> {'root': {'M_n1': ' (M , N , E )'}, 'M_n1': {'L_n2': ' (L , O , E)'}, 'L_n2': {'L_n3': ' (L , S , O)', 'M_n4': ' (M , O , O )'}, 'L_n3': {}, 'M_n4': {}}
[10:45:13] [Controller] -> --CURRENT NODE: [ Name: M_n4, Type: Type.OBSERVED, Action: 180.0, Parent: L_n2, Left: None, Mid: None, Right: None ]
[10:45:13] [Controller] -> --(STATE, POSITION): (State.SENSING, Position.JUNCTION)
[10:45:13] [Controller] -> --Available actions: [<Compass.SUD: -90.0>, <Compass.OVEST: 180.0>]
[10:45:13] [Controller] -> --Performing action: 180.0

[10:45:13] [Controller] ->  ~~~ [ACTION TIME] ~~~ 
[10:45:13] [Controller] ->  ** COMMAND RUN ** 
[10:45:13] [Controller] -> --(STATE, POSITION): (State.RUNNING, Position.JUNCTION)

[10:45:14] [Controller] -> !!! NEW ALGORTHM CYCLE !!!
[10:45:14] [Controller] -> --MODE: Mode.EXPLORING
[10:45:14] [Controller] -> --CURRENT NODE: [ Name: M_n4, Type: Type.OBSERVED, Action: 180.0, Parent: L_n2, Left: None, Mid: None, Right: None ]
[10:45:14] [Controller] -> --ACTIONS: [<Command.RUN: 1>]
[10:45:14] [Controller] -> --CURRENT TREE:
[10:45:14] -> {'root': {'M_n1': ' (M , N , E )'}, 'M_n1': {'L_n2': ' (L , O , E)'}, 'L_n2': {'L_n3': ' (L , S , O)', 'M_n4': ' (M , O , O )'}, 'L_n3': {}, 'M_n4': {}}
[10:45:14] [Controller] -> --CURRENT NODE: [ Name: M_n4, Type: Type.OBSERVED, Action: 180.0, Parent: L_n2, Left: None, Mid: None, Right: None ]
[10:45:14] [Controller] -> --(STATE, POSITION): (State.RUNNING, Position.JUNCTION)
[10:45:14] [Controller] -> --Available actions: [<Command.RUN: 1>]
[10:45:14] [Controller] -> --Performing action: Command.RUN

[10:45:14] [Controller] ->  ~~~ [ACTION TIME] ~~~ 
[10:45:14] [Controller] ->  ** COMMAND RUN ** 
[10:45:14] [Controller] -> --(STATE, POSITION): (State.RUNNING, Position.JUNCTION)

[10:45:14] [Controller] -> !!! NEW ALGORTHM CYCLE !!!
[10:45:14] [Controller] -> --MODE: Mode.EXPLORING
[10:45:14] [Controller] -> --CURRENT NODE: [ Name: M_n4, Type: Type.OBSERVED, Action: 180.0, Parent: L_n2, Left: None, Mid: None, Right: None ]
[10:45:14] [Controller] -> --ACTIONS: [<Command.RUN: 1>]
[10:45:14] [Controller] -> --CURRENT TREE:
[10:45:14] -> {'root': {'M_n1': ' (M , N , E )'}, 'M_n1': {'L_n2': ' (L , O , E)'}, 'L_n2': {'L_n3': ' (L , S , O)', 'M_n4': ' (M , O , O )'}, 'L_n3': {}, 'M_n4': {}}
[10:45:14] [Controller] -> --CURRENT NODE: [ Name: M_n4, Type: Type.OBSERVED, Action: 180.0, Parent: L_n2, Left: None, Mid: None, Right: None ]
[10:45:14] [Controller] -> --(STATE, POSITION): (State.RUNNING, Position.JUNCTION)
[10:45:14] [Controller] -> --Available actions: [<Command.RUN: 1>]
[10:45:14] [Controller] -> --Performing action: Command.RUN

[10:45:14] [Controller] ->  ~~~ [ACTION TIME] ~~~ 
[10:45:14] [Controller] ->  ** COMMAND RUN ** 
[10:45:14] [Controller] -> --(STATE, POSITION): (State.RUNNING, Position.JUNCTION)

[10:45:14] [Controller] -> !!! NEW ALGORTHM CYCLE !!!
[10:45:14] [Controller] -> --MODE: Mode.EXPLORING
[10:45:14] [Controller] -> --CURRENT NODE: [ Name: M_n4, Type: Type.OBSERVED, Action: 180.0, Parent: L_n2, Left: None, Mid: None, Right: None ]
[10:45:14] [Controller] -> --ACTIONS: [<Command.RUN: 1>]
[10:45:14] [Controller] -> --CURRENT TREE:
[10:45:14] -> {'root': {'M_n1': ' (M , N , E )'}, 'M_n1': {'L_n2': ' (L , O , E)'}, 'L_n2': {'L_n3': ' (L , S , O)', 'M_n4': ' (M , O , O )'}, 'L_n3': {}, 'M_n4': {}}
[10:45:14] [Controller] -> --CURRENT NODE: [ Name: M_n4, Type: Type.OBSERVED, Action: 180.0, Parent: L_n2, Left: None, Mid: None, Right: None ]
[10:45:14] [Controller] -> --(STATE, POSITION): (State.RUNNING, Position.CORRIDOR)
[10:45:14] [Controller] -> --Available actions: [<Command.RUN: 1>]
[10:45:14] [Controller] -> --Performing action: Command.RUN

[10:45:14] [Controller] ->  ~~~ [ACTION TIME] ~~~ 
[10:45:14] [Controller] ->  ** COMMAND RUN ** 
[10:45:14] [Controller] -> --(STATE, POSITION): (State.RUNNING, Position.CORRIDOR)

[10:45:15] [Controller] -> !!! NEW ALGORTHM CYCLE !!!
[10:45:15] [Controller] -> --MODE: Mode.EXPLORING
[10:45:15] [Controller] -> --CURRENT NODE: [ Name: M_n4, Type: Type.OBSERVED, Action: 180.0, Parent: L_n2, Left: None, Mid: None, Right: None ]
[10:45:15] [Controller] -> --ACTIONS: [<Command.GO_TO_JUNCTION: 3>]
[10:45:15] [Controller] -> --CURRENT TREE:
[10:45:15] -> {'root': {'M_n1': ' (M , N , E )'}, 'M_n1': {'L_n2': ' (L , O , E)'}, 'L_n2': {'L_n3': ' (L , S , O)', 'M_n4': ' (M , O , O )'}, 'L_n3': {}, 'M_n4': {}}
[10:45:15] [Controller] -> --CURRENT NODE: [ Name: M_n4, Type: Type.OBSERVED, Action: 180.0, Parent: L_n2, Left: None, Mid: None, Right: None ]
[10:45:15] [Controller] -> --(STATE, POSITION): (State.RUNNING, Position.CORRIDOR)
[10:45:15] [Controller] -> --Available actions: [<Command.GO_TO_JUNCTION: 3>]
[10:45:15] [Controller] -> --Performing action: Command.GO_TO_JUNCTION

[10:45:15] [Controller] ->  ~~~ [ACTION TIME] ~~~ 
[10:45:15] [Controller] ->  ** JOINING THE JUNCTION ** 
[10:45:15] [Controller] ->  ** STATE SENSING ARISE ** 
[10:45:16] [Controller] -> --(STATE, POSITION): (State.SENSING, Position.JUNCTION)

[10:45:16] [Controller] -> !!! NEW ALGORTHM CYCLE !!!
[10:45:16] [Controller] -> --MODE: Mode.EXPLORING
[10:45:16] [Controller] -> --CURRENT NODE: [ Name: M_n4, Type: Type.OBSERVED, Action: 180.0, Parent: L_n2, Left: None, Mid: None, Right: None ]
[10:45:16] [Controller] -> --ACTIONS: [<Compass.NORD: 90.0>, <Compass.OVEST: 180.0>]

[10:45:16] [Controller] -> *** 1) UPDATING TREE (MODE EXPLORING) ***
[10:45:16] [Controller] -> ADDED RIGHT
[10:45:16] [Controller] -> ADDED MID

[10:45:16] [Controller] -> *** 2) UPDATING TREE (MODE EXPLORING) ***
[10:45:16] [Controller] -> --CURRENT TREE:
[10:45:16] -> {'root': {'M_n1': ' (M , N , E )'}, 'M_n1': {'L_n2': ' (L , O , E)'}, 'L_n2': {'L_n3': ' (L , S , O)', 'M_n4': ' (M , O , E )'}, 'L_n3': {}, 'M_n4': {'M_n6': ' (M , O , O )', 'R_n5': ' (R , N , O)'}, 'M_n6': {}, 'R_n5': {}}
[10:45:16] [Controller] -> --CURRENT NODE: [ Name: R_n5, Type: Type.OBSERVED, Action: 90.0, Parent: M_n4, Left: None, Mid: None, Right: None ]
[10:45:16] [Controller] -> --(STATE, POSITION): (State.SENSING, Position.JUNCTION)
[10:45:16] [Controller] -> --Available actions: [<Compass.NORD: 90.0>, <Compass.OVEST: 180.0>]
[10:45:16] [Controller] -> --Performing action: 90.0

[10:45:16] [Controller] ->  ~~~ [ACTION TIME] ~~~ 
[10:45:16] [Controller] ->  ** COMMAND ROTATE ** 

[10:45:16] [Controller] ->  ** BEST ANGLE COMPUTATION ** 
[10:45:16] [Controller] ->  >> Rotate clockwise (RIGHT) of 88.8127°

[10:45:18] [Controller] ->  ** ORIENTATION CHECKING ** 
[10:45:18] [Controller] ->  !! bad orientation !! 
[10:45:18] [Controller] ->  >> curr state of the sensors: [92.0, 88.0], curr_g: 86.6424

[10:45:18] [Controller] ->  ** ADJUSTING ORIENTATION ** 

[10:45:18] [Controller] ->  ** BEST ANGLE COMPUTATION ** 
[10:45:18] [Controller] ->  >> Rotate anti-clockwise (LEFT) of 3.4892°
[10:45:18] [Controller] ->  --ATTEMPT: 1 / 10
[10:45:18] [Controller] -> [Degrees_to_do, curr_g, final_g] = [3.4892, 86.5108, 90.0]

[10:45:19] [Controller] ->  ** ORIENTATION CHECKING ** 
[10:45:19] [Controller] ->  ~~ perfect ~~ 
[10:45:19] [Controller] ->  >> curr state of the sensors: [92.0, 88.0], curr_g: 89.4626
[10:45:19] [Controller] -> --(STATE, POSITION): (State.ROTATING, Position.JUNCTION)

[10:45:20] [Controller] -> !!! NEW ALGORTHM CYCLE !!!
[10:45:20] [Controller] -> --MODE: Mode.EXPLORING
[10:45:20] [Controller] -> --CURRENT NODE: [ Name: R_n5, Type: Type.OBSERVED, Action: 90.0, Parent: M_n4, Left: None, Mid: None, Right: None ]
[10:45:20] [Controller] -> --ACTIONS: [<Compass.NORD: 90.0>]
[10:45:20] [Controller] -> --CURRENT TREE:
[10:45:20] -> {'root': {'M_n1': ' (M , N , E )'}, 'M_n1': {'L_n2': ' (L , O , E)'}, 'L_n2': {'L_n3': ' (L , S , O)', 'M_n4': ' (M , O , E )'}, 'L_n3': {}, 'M_n4': {'M_n6': ' (M , O , O )', 'R_n5': ' (R , N , O)'}, 'M_n6': {}, 'R_n5': {}}
[10:45:20] [Controller] -> --CURRENT NODE: [ Name: R_n5, Type: Type.OBSERVED, Action: 90.0, Parent: M_n4, Left: None, Mid: None, Right: None ]
[10:45:20] [Controller] -> --(STATE, POSITION): (State.ROTATING, Position.JUNCTION)
[10:45:20] [Controller] -> --Available actions: [<Compass.NORD: 90.0>]
[10:45:20] [Controller] -> --Performing action: 90.0

[10:45:20] [Controller] ->  ~~~ [ACTION TIME] ~~~ 
[10:45:20] [Controller] ->  ** COMMAND RUN ** 
[10:45:20] [Controller] -> --(STATE, POSITION): (State.RUNNING, Position.JUNCTION)

[10:45:20] [Controller] -> !!! NEW ALGORTHM CYCLE !!!
[10:45:20] [Controller] -> --MODE: Mode.EXPLORING
[10:45:20] [Controller] -> --CURRENT NODE: [ Name: R_n5, Type: Type.OBSERVED, Action: 90.0, Parent: M_n4, Left: None, Mid: None, Right: None ]
[10:45:20] [Controller] -> --ACTIONS: [<Command.RUN: 1>]
[10:45:20] [Controller] -> --CURRENT TREE:
[10:45:20] -> {'root': {'M_n1': ' (M , N , E )'}, 'M_n1': {'L_n2': ' (L , O , E)'}, 'L_n2': {'L_n3': ' (L , S , O)', 'M_n4': ' (M , O , E )'}, 'L_n3': {}, 'M_n4': {'M_n6': ' (M , O , O )', 'R_n5': ' (R , N , O)'}, 'M_n6': {}, 'R_n5': {}}
[10:45:20] [Controller] -> --CURRENT NODE: [ Name: R_n5, Type: Type.OBSERVED, Action: 90.0, Parent: M_n4, Left: None, Mid: None, Right: None ]
[10:45:20] [Controller] -> --(STATE, POSITION): (State.RUNNING, Position.JUNCTION)
[10:45:20] [Controller] -> --Available actions: [<Command.RUN: 1>]
[10:45:20] [Controller] -> --Performing action: Command.RUN

[10:45:20] [Controller] ->  ~~~ [ACTION TIME] ~~~ 
[10:45:20] [Controller] ->  ** COMMAND RUN ** 
[10:45:20] [Controller] -> --(STATE, POSITION): (State.RUNNING, Position.JUNCTION)

[10:45:20] [Controller] -> !!! NEW ALGORTHM CYCLE !!!
[10:45:20] [Controller] -> --MODE: Mode.EXPLORING
[10:45:20] [Controller] -> --CURRENT NODE: [ Name: R_n5, Type: Type.OBSERVED, Action: 90.0, Parent: M_n4, Left: None, Mid: None, Right: None ]
[10:45:20] [Controller] -> --ACTIONS: [<Command.RUN: 1>]
[10:45:20] [Controller] -> --CURRENT TREE:
[10:45:20] -> {'root': {'M_n1': ' (M , N , E )'}, 'M_n1': {'L_n2': ' (L , O , E)'}, 'L_n2': {'L_n3': ' (L , S , O)', 'M_n4': ' (M , O , E )'}, 'L_n3': {}, 'M_n4': {'M_n6': ' (M , O , O )', 'R_n5': ' (R , N , O)'}, 'M_n6': {}, 'R_n5': {}}
[10:45:20] [Controller] -> --CURRENT NODE: [ Name: R_n5, Type: Type.OBSERVED, Action: 90.0, Parent: M_n4, Left: None, Mid: None, Right: None ]
[10:45:20] [Controller] -> --(STATE, POSITION): (State.RUNNING, Position.JUNCTION)
[10:45:20] [Controller] -> --Available actions: [<Command.RUN: 1>]
[10:45:20] [Controller] -> --Performing action: Command.RUN

[10:45:20] [Controller] ->  ~~~ [ACTION TIME] ~~~ 
[10:45:20] [Controller] ->  ** COMMAND RUN ** 
[10:45:20] [Controller] -> --(STATE, POSITION): (State.RUNNING, Position.JUNCTION)

[10:45:21] [Controller] -> !!! NEW ALGORTHM CYCLE !!!
[10:45:21] [Controller] -> --MODE: Mode.EXPLORING
[10:45:21] [Controller] -> --CURRENT NODE: [ Name: R_n5, Type: Type.OBSERVED, Action: 90.0, Parent: M_n4, Left: None, Mid: None, Right: None ]
[10:45:21] [Controller] -> --ACTIONS: [<Command.RUN: 1>]
[10:45:21] [Controller] -> --CURRENT TREE:
[10:45:21] -> {'root': {'M_n1': ' (M , N , E )'}, 'M_n1': {'L_n2': ' (L , O , E)'}, 'L_n2': {'L_n3': ' (L , S , O)', 'M_n4': ' (M , O , E )'}, 'L_n3': {}, 'M_n4': {'M_n6': ' (M , O , O )', 'R_n5': ' (R , N , O)'}, 'M_n6': {}, 'R_n5': {}}
[10:45:21] [Controller] -> --CURRENT NODE: [ Name: R_n5, Type: Type.OBSERVED, Action: 90.0, Parent: M_n4, Left: None, Mid: None, Right: None ]
[10:45:21] [Controller] -> --(STATE, POSITION): (State.RUNNING, Position.JUNCTION)
[10:45:21] [Controller] -> --Available actions: [<Command.RUN: 1>]
[10:45:21] [Controller] -> --Performing action: Command.RUN

[10:45:21] [Controller] ->  ~~~ [ACTION TIME] ~~~ 
[10:45:21] [Controller] ->  ** COMMAND RUN ** 
[10:45:21] [Controller] -> --(STATE, POSITION): (State.RUNNING, Position.JUNCTION)

[10:45:21] [Controller] -> !!! NEW ALGORTHM CYCLE !!!
[10:45:21] [Controller] -> --MODE: Mode.EXPLORING
[10:45:21] [Controller] -> --CURRENT NODE: [ Name: R_n5, Type: Type.OBSERVED, Action: 90.0, Parent: M_n4, Left: None, Mid: None, Right: None ]
[10:45:21] [Controller] -> --ACTIONS: [<Command.RUN: 1>]
[10:45:21] [Controller] -> --CURRENT TREE:
[10:45:21] -> {'root': {'M_n1': ' (M , N , E )'}, 'M_n1': {'L_n2': ' (L , O , E)'}, 'L_n2': {'L_n3': ' (L , S , O)', 'M_n4': ' (M , O , E )'}, 'L_n3': {}, 'M_n4': {'M_n6': ' (M , O , O )', 'R_n5': ' (R , N , O)'}, 'M_n6': {}, 'R_n5': {}}
[10:45:21] [Controller] -> --CURRENT NODE: [ Name: R_n5, Type: Type.OBSERVED, Action: 90.0, Parent: M_n4, Left: None, Mid: None, Right: None ]
[10:45:21] [Controller] -> --(STATE, POSITION): (State.RUNNING, Position.CORRIDOR)
[10:45:21] [Controller] -> --Available actions: [<Command.RUN: 1>]
[10:45:21] [Controller] -> --Performing action: Command.RUN

[10:45:21] [Controller] ->  ~~~ [ACTION TIME] ~~~ 
[10:45:21] [Controller] ->  ** COMMAND RUN ** 
[10:45:21] [Controller] -> --(STATE, POSITION): (State.RUNNING, Position.CORRIDOR)

[10:45:21] [Controller] -> !!! NEW ALGORTHM CYCLE !!!
[10:45:21] [Controller] -> --MODE: Mode.EXPLORING
[10:45:21] [Controller] -> --CURRENT NODE: [ Name: R_n5, Type: Type.OBSERVED, Action: 90.0, Parent: M_n4, Left: None, Mid: None, Right: None ]
[10:45:21] [Controller] -> --ACTIONS: [<Command.RUN: 1>]
[10:45:21] [Controller] -> --CURRENT TREE:
[10:45:21] -> {'root': {'M_n1': ' (M , N , E )'}, 'M_n1': {'L_n2': ' (L , O , E)'}, 'L_n2': {'L_n3': ' (L , S , O)', 'M_n4': ' (M , O , E )'}, 'L_n3': {}, 'M_n4': {'M_n6': ' (M , O , O )', 'R_n5': ' (R , N , O)'}, 'M_n6': {}, 'R_n5': {}}
[10:45:21] [Controller] -> --CURRENT NODE: [ Name: R_n5, Type: Type.OBSERVED, Action: 90.0, Parent: M_n4, Left: None, Mid: None, Right: None ]
[10:45:21] [Controller] -> --(STATE, POSITION): (State.RUNNING, Position.CORRIDOR)
[10:45:21] [Controller] -> --Available actions: [<Command.RUN: 1>]
[10:45:21] [Controller] -> --Performing action: Command.RUN

[10:45:21] [Controller] ->  ~~~ [ACTION TIME] ~~~ 
[10:45:21] [Controller] ->  ** COMMAND RUN ** 
[10:45:21] [Controller] -> --(STATE, POSITION): (State.RUNNING, Position.CORRIDOR)

[10:45:22] [Controller] -> !!! NEW ALGORTHM CYCLE !!!
[10:45:22] [Controller] -> --MODE: Mode.EXPLORING
[10:45:22] [Controller] -> --CURRENT NODE: [ Name: R_n5, Type: Type.OBSERVED, Action: 90.0, Parent: M_n4, Left: None, Mid: None, Right: None ]
[10:45:22] [Controller] -> --ACTIONS: [<Command.RUN: 1>]
[10:45:22] [Controller] -> --CURRENT TREE:
[10:45:22] -> {'root': {'M_n1': ' (M , N , E )'}, 'M_n1': {'L_n2': ' (L , O , E)'}, 'L_n2': {'L_n3': ' (L , S , O)', 'M_n4': ' (M , O , E )'}, 'L_n3': {}, 'M_n4': {'M_n6': ' (M , O , O )', 'R_n5': ' (R , N , O)'}, 'M_n6': {}, 'R_n5': {}}
[10:45:22] [Controller] -> --CURRENT NODE: [ Name: R_n5, Type: Type.OBSERVED, Action: 90.0, Parent: M_n4, Left: None, Mid: None, Right: None ]
[10:45:22] [Controller] -> --(STATE, POSITION): (State.RUNNING, Position.CORRIDOR)
[10:45:22] [Controller] -> --Available actions: [<Command.RUN: 1>]
[10:45:22] [Controller] -> --Performing action: Command.RUN

[10:45:22] [Controller] ->  ~~~ [ACTION TIME] ~~~ 
[10:45:22] [Controller] ->  ** COMMAND RUN ** 
[10:45:22] [Controller] -> --(STATE, POSITION): (State.RUNNING, Position.CORRIDOR)

[10:45:22] [Controller] -> !!! NEW ALGORTHM CYCLE !!!
[10:45:22] [Controller] -> --MODE: Mode.EXPLORING
[10:45:22] [Controller] -> --CURRENT NODE: [ Name: R_n5, Type: Type.OBSERVED, Action: 90.0, Parent: M_n4, Left: None, Mid: None, Right: None ]
[10:45:22] [Controller] -> --ACTIONS: [<Command.RUN: 1>]
[10:45:22] [Controller] -> --CURRENT TREE:
[10:45:22] -> {'root': {'M_n1': ' (M , N , E )'}, 'M_n1': {'L_n2': ' (L , O , E)'}, 'L_n2': {'L_n3': ' (L , S , O)', 'M_n4': ' (M , O , E )'}, 'L_n3': {}, 'M_n4': {'M_n6': ' (M , O , O )', 'R_n5': ' (R , N , O)'}, 'M_n6': {}, 'R_n5': {}}
[10:45:22] [Controller] -> --CURRENT NODE: [ Name: R_n5, Type: Type.OBSERVED, Action: 90.0, Parent: M_n4, Left: None, Mid: None, Right: None ]
[10:45:22] [Controller] -> --(STATE, POSITION): (State.RUNNING, Position.CORRIDOR)
[10:45:22] [Controller] -> --Available actions: [<Command.RUN: 1>]
[10:45:22] [Controller] -> --Performing action: Command.RUN

[10:45:22] [Controller] ->  ~~~ [ACTION TIME] ~~~ 
[10:45:22] [Controller] ->  ** COMMAND RUN ** 
[10:45:22] [Controller] -> --(STATE, POSITION): (State.RUNNING, Position.CORRIDOR)

[10:45:22] [Controller] -> !!! NEW ALGORTHM CYCLE !!!
[10:45:22] [Controller] -> --MODE: Mode.EXPLORING
[10:45:22] [Controller] -> --CURRENT NODE: [ Name: R_n5, Type: Type.OBSERVED, Action: 90.0, Parent: M_n4, Left: None, Mid: None, Right: None ]
[10:45:22] [Controller] -> --ACTIONS: [<Command.RUN: 1>]
[10:45:22] [Controller] -> --CURRENT TREE:
[10:45:22] -> {'root': {'M_n1': ' (M , N , E )'}, 'M_n1': {'L_n2': ' (L , O , E)'}, 'L_n2': {'L_n3': ' (L , S , O)', 'M_n4': ' (M , O , E )'}, 'L_n3': {}, 'M_n4': {'M_n6': ' (M , O , O )', 'R_n5': ' (R , N , O)'}, 'M_n6': {}, 'R_n5': {}}
[10:45:22] [Controller] -> --CURRENT NODE: [ Name: R_n5, Type: Type.OBSERVED, Action: 90.0, Parent: M_n4, Left: None, Mid: None, Right: None ]
[10:45:22] [Controller] -> --(STATE, POSITION): (State.RUNNING, Position.CORRIDOR)
[10:45:22] [Controller] -> --Available actions: [<Command.RUN: 1>]
[10:45:22] [Controller] -> --Performing action: Command.RUN

[10:45:22] [Controller] ->  ~~~ [ACTION TIME] ~~~ 
[10:45:22] [Controller] ->  ** COMMAND RUN ** 
[10:45:22] [Controller] -> --(STATE, POSITION): (State.RUNNING, Position.CORRIDOR)

[10:45:23] [Controller] -> !!! NEW ALGORTHM CYCLE !!!
[10:45:23] [Controller] -> --MODE: Mode.EXPLORING
[10:45:23] [Controller] -> --CURRENT NODE: [ Name: R_n5, Type: Type.OBSERVED, Action: 90.0, Parent: M_n4, Left: None, Mid: None, Right: None ]
[10:45:23] [Controller] -> --ACTIONS: [<Command.RUN: 1>]
[10:45:23] [Controller] -> --CURRENT TREE:
[10:45:23] -> {'root': {'M_n1': ' (M , N , E )'}, 'M_n1': {'L_n2': ' (L , O , E)'}, 'L_n2': {'L_n3': ' (L , S , O)', 'M_n4': ' (M , O , E )'}, 'L_n3': {}, 'M_n4': {'M_n6': ' (M , O , O )', 'R_n5': ' (R , N , O)'}, 'M_n6': {}, 'R_n5': {}}
[10:45:23] [Controller] -> --CURRENT NODE: [ Name: R_n5, Type: Type.OBSERVED, Action: 90.0, Parent: M_n4, Left: None, Mid: None, Right: None ]
[10:45:23] [Controller] -> --(STATE, POSITION): (State.RUNNING, Position.CORRIDOR)
[10:45:23] [Controller] -> --Available actions: [<Command.RUN: 1>]
[10:45:23] [Controller] -> --Performing action: Command.RUN

[10:45:23] [Controller] ->  ~~~ [ACTION TIME] ~~~ 
[10:45:23] [Controller] ->  ** COMMAND RUN ** 
[10:45:23] [Controller] -> --(STATE, POSITION): (State.RUNNING, Position.CORRIDOR)

[10:45:23] [Controller] -> !!! NEW ALGORTHM CYCLE !!!
[10:45:23] [Controller] -> --MODE: Mode.EXPLORING
[10:45:23] [Controller] -> --CURRENT NODE: [ Name: R_n5, Type: Type.OBSERVED, Action: 90.0, Parent: M_n4, Left: None, Mid: None, Right: None ]
[10:45:23] [Controller] -> --ACTIONS: [<Command.RUN: 1>]
[10:45:23] [Controller] -> --CURRENT TREE:
[10:45:23] -> {'root': {'M_n1': ' (M , N , E )'}, 'M_n1': {'L_n2': ' (L , O , E)'}, 'L_n2': {'L_n3': ' (L , S , O)', 'M_n4': ' (M , O , E )'}, 'L_n3': {}, 'M_n4': {'M_n6': ' (M , O , O )', 'R_n5': ' (R , N , O)'}, 'M_n6': {}, 'R_n5': {}}
[10:45:23] [Controller] -> --CURRENT NODE: [ Name: R_n5, Type: Type.OBSERVED, Action: 90.0, Parent: M_n4, Left: None, Mid: None, Right: None ]
[10:45:23] [Controller] -> --(STATE, POSITION): (State.RUNNING, Position.CORRIDOR)
[10:45:23] [Controller] -> --Available actions: [<Command.RUN: 1>]
[10:45:23] [Controller] -> --Performing action: Command.RUN

[10:45:23] [Controller] ->  ~~~ [ACTION TIME] ~~~ 
[10:45:23] [Controller] ->  ** COMMAND RUN ** 
[10:45:23] [Controller] -> --(STATE, POSITION): (State.RUNNING, Position.CORRIDOR)

[10:45:23] [Controller] -> !!! NEW ALGORTHM CYCLE !!!
[10:45:23] [Controller] -> --MODE: Mode.EXPLORING
[10:45:23] [Controller] -> --CURRENT NODE: [ Name: R_n5, Type: Type.OBSERVED, Action: 90.0, Parent: M_n4, Left: None, Mid: None, Right: None ]
[10:45:23] [Controller] -> --ACTIONS: [<Command.GO_TO_JUNCTION: 3>]
[10:45:23] [Controller] -> --CURRENT TREE:
[10:45:23] -> {'root': {'M_n1': ' (M , N , E )'}, 'M_n1': {'L_n2': ' (L , O , E)'}, 'L_n2': {'L_n3': ' (L , S , O)', 'M_n4': ' (M , O , E )'}, 'L_n3': {}, 'M_n4': {'M_n6': ' (M , O , O )', 'R_n5': ' (R , N , O)'}, 'M_n6': {}, 'R_n5': {}}
[10:45:23] [Controller] -> --CURRENT NODE: [ Name: R_n5, Type: Type.OBSERVED, Action: 90.0, Parent: M_n4, Left: None, Mid: None, Right: None ]
[10:45:23] [Controller] -> --(STATE, POSITION): (State.RUNNING, Position.CORRIDOR)
[10:45:23] [Controller] -> --Available actions: [<Command.GO_TO_JUNCTION: 3>]
[10:45:23] [Controller] -> --Performing action: Command.GO_TO_JUNCTION

[10:45:23] [Controller] ->  ~~~ [ACTION TIME] ~~~ 
[10:45:23] [Controller] ->  ** JOINING THE JUNCTION ** 
[10:45:24] [Controller] ->  ** STATE SENSING ARISE ** 
[10:45:24] [Controller] -> --(STATE, POSITION): (State.SENSING, Position.JUNCTION)

[10:45:24] [Controller] -> !!! NEW ALGORTHM CYCLE !!!
[10:45:24] [Controller] -> --MODE: Mode.EXPLORING
[10:45:24] [Controller] -> --CURRENT NODE: [ Name: R_n5, Type: Type.OBSERVED, Action: 90.0, Parent: M_n4, Left: None, Mid: None, Right: None ]
[10:45:24] [Controller] -> --ACTIONS: [<Compass.OVEST: 180.0>]

[10:45:24] [Controller] -> *** 1) UPDATING TREE (MODE EXPLORING) ***
[10:45:24] [Controller] -> ADDED LEFT

[10:45:24] [Controller] -> *** 2) UPDATING TREE (MODE EXPLORING) ***
[10:45:24] [Controller] -> --CURRENT TREE:
[10:45:24] -> {'root': {'M_n1': ' (M , N , E )'}, 'M_n1': {'L_n2': ' (L , O , E)'}, 'L_n2': {'L_n3': ' (L , S , O)', 'M_n4': ' (M , O , E )'}, 'L_n3': {}, 'M_n4': {'M_n6': ' (M , O , O )', 'R_n5': ' (R , N , E)'}, 'M_n6': {}, 'R_n5': {'L_n7': ' (L , O , O)'}, 'L_n7': {}}
[10:45:24] [Controller] -> --CURRENT NODE: [ Name: L_n7, Type: Type.OBSERVED, Action: 180.0, Parent: R_n5, Left: None, Mid: None, Right: None ]
[10:45:24] [Controller] -> --(STATE, POSITION): (State.SENSING, Position.JUNCTION)
[10:45:24] [Controller] -> --Available actions: [<Compass.OVEST: 180.0>]
[10:45:24] [Controller] -> --Performing action: 180.0

[10:45:24] [Controller] ->  ~~~ [ACTION TIME] ~~~ 
[10:45:24] [Controller] ->  ** COMMAND ROTATE ** 

[10:45:24] [Controller] ->  ** BEST ANGLE COMPUTATION ** 
[10:45:24] [Controller] ->  >> Rotate anti-clockwise (LEFT) of 93.6696°

[10:45:27] [Controller] ->  ** ORIENTATION CHECKING ** 
[10:45:27] [Controller] ->  !! bad orientation !! 
[10:45:27] [Controller] ->  >> curr state of the sensors: [-178, 178], curr_g: -175.3549

[10:45:27] [Controller] ->  ** ADJUSTING ORIENTATION ** 

[10:45:27] [Controller] ->  ** BEST ANGLE COMPUTATION ** 
[10:45:27] [Controller] ->  >> Rotate clockwise (RIGHT) of 4.8508°
[10:45:27] [Controller] ->  --ATTEMPT: 1 / 10
[10:45:27] [Controller] -> [Degrees_to_do, curr_g, final_g] = [-4.8508, -175.1492, 180.0]

[10:45:28] [Controller] ->  ** ORIENTATION CHECKING ** 
[10:45:29] [Controller] ->  ~~ perfect ~~ 
[10:45:29] [Controller] ->  >> curr state of the sensors: [-178, 178], curr_g: -179.4265
[10:45:29] [Controller] -> --(STATE, POSITION): (State.ROTATING, Position.JUNCTION)

[10:45:29] [Controller] -> !!! NEW ALGORTHM CYCLE !!!
[10:45:29] [Controller] -> --MODE: Mode.EXPLORING
[10:45:29] [Controller] -> --CURRENT NODE: [ Name: L_n7, Type: Type.OBSERVED, Action: 180.0, Parent: R_n5, Left: None, Mid: None, Right: None ]
[10:45:29] [Controller] -> --ACTIONS: [<Compass.OVEST: 180.0>]
[10:45:29] [Controller] -> --CURRENT TREE:
[10:45:29] -> {'root': {'M_n1': ' (M , N , E )'}, 'M_n1': {'L_n2': ' (L , O , E)'}, 'L_n2': {'L_n3': ' (L , S , O)', 'M_n4': ' (M , O , E )'}, 'L_n3': {}, 'M_n4': {'M_n6': ' (M , O , O )', 'R_n5': ' (R , N , E)'}, 'M_n6': {}, 'R_n5': {'L_n7': ' (L , O , O)'}, 'L_n7': {}}
[10:45:29] [Controller] -> --CURRENT NODE: [ Name: L_n7, Type: Type.OBSERVED, Action: 180.0, Parent: R_n5, Left: None, Mid: None, Right: None ]
[10:45:29] [Controller] -> --(STATE, POSITION): (State.ROTATING, Position.JUNCTION)
[10:45:29] [Controller] -> --Available actions: [<Compass.OVEST: 180.0>]
[10:45:29] [Controller] -> --Performing action: 180.0

[10:45:29] [Controller] ->  ~~~ [ACTION TIME] ~~~ 
[10:45:29] [Controller] ->  ** COMMAND RUN ** 
[10:45:29] [Controller] -> --(STATE, POSITION): (State.RUNNING, Position.JUNCTION)

[10:45:29] [Controller] -> !!! NEW ALGORTHM CYCLE !!!
[10:45:29] [Controller] -> --MODE: Mode.EXPLORING
[10:45:29] [Controller] -> --CURRENT NODE: [ Name: L_n7, Type: Type.OBSERVED, Action: 180.0, Parent: R_n5, Left: None, Mid: None, Right: None ]
[10:45:29] [Controller] -> --ACTIONS: [<Command.RUN: 1>]
[10:45:29] [Controller] -> --CURRENT TREE:
[10:45:29] -> {'root': {'M_n1': ' (M , N , E )'}, 'M_n1': {'L_n2': ' (L , O , E)'}, 'L_n2': {'L_n3': ' (L , S , O)', 'M_n4': ' (M , O , E )'}, 'L_n3': {}, 'M_n4': {'M_n6': ' (M , O , O )', 'R_n5': ' (R , N , E)'}, 'M_n6': {}, 'R_n5': {'L_n7': ' (L , O , O)'}, 'L_n7': {}}
[10:45:29] [Controller] -> --CURRENT NODE: [ Name: L_n7, Type: Type.OBSERVED, Action: 180.0, Parent: R_n5, Left: None, Mid: None, Right: None ]
[10:45:29] [Controller] -> --(STATE, POSITION): (State.RUNNING, Position.JUNCTION)
[10:45:29] [Controller] -> --Available actions: [<Command.RUN: 1>]
[10:45:29] [Controller] -> --Performing action: Command.RUN

[10:45:29] [Controller] ->  ~~~ [ACTION TIME] ~~~ 
[10:45:29] [Controller] ->  ** COMMAND RUN ** 
[10:45:29] [Controller] -> --(STATE, POSITION): (State.RUNNING, Position.JUNCTION)

[10:45:30] [Controller] -> !!! NEW ALGORTHM CYCLE !!!
[10:45:30] [Controller] -> --MODE: Mode.EXPLORING
[10:45:30] [Controller] -> --CURRENT NODE: [ Name: L_n7, Type: Type.OBSERVED, Action: 180.0, Parent: R_n5, Left: None, Mid: None, Right: None ]
[10:45:30] [Controller] -> --ACTIONS: [<Command.RUN: 1>]
[10:45:30] [Controller] -> --CURRENT TREE:
[10:45:30] -> {'root': {'M_n1': ' (M , N , E )'}, 'M_n1': {'L_n2': ' (L , O , E)'}, 'L_n2': {'L_n3': ' (L , S , O)', 'M_n4': ' (M , O , E )'}, 'L_n3': {}, 'M_n4': {'M_n6': ' (M , O , O )', 'R_n5': ' (R , N , E)'}, 'M_n6': {}, 'R_n5': {'L_n7': ' (L , O , O)'}, 'L_n7': {}}
[10:45:30] [Controller] -> --CURRENT NODE: [ Name: L_n7, Type: Type.OBSERVED, Action: 180.0, Parent: R_n5, Left: None, Mid: None, Right: None ]
[10:45:30] [Controller] -> --(STATE, POSITION): (State.RUNNING, Position.JUNCTION)
[10:45:30] [Controller] -> --Available actions: [<Command.RUN: 1>]
[10:45:30] [Controller] -> --Performing action: Command.RUN

[10:45:30] [Controller] ->  ~~~ [ACTION TIME] ~~~ 
[10:45:30] [Controller] ->  ** COMMAND RUN ** 
[10:45:30] [Controller] -> --(STATE, POSITION): (State.RUNNING, Position.JUNCTION)

[10:45:30] [Controller] -> !!! NEW ALGORTHM CYCLE !!!
[10:45:30] [Controller] -> --MODE: Mode.EXPLORING
[10:45:30] [Controller] -> --CURRENT NODE: [ Name: L_n7, Type: Type.OBSERVED, Action: 180.0, Parent: R_n5, Left: None, Mid: None, Right: None ]
[10:45:30] [Controller] -> --ACTIONS: [<Command.RUN: 1>]
[10:45:30] [Controller] -> --CURRENT TREE:
[10:45:30] -> {'root': {'M_n1': ' (M , N , E )'}, 'M_n1': {'L_n2': ' (L , O , E)'}, 'L_n2': {'L_n3': ' (L , S , O)', 'M_n4': ' (M , O , E )'}, 'L_n3': {}, 'M_n4': {'M_n6': ' (M , O , O )', 'R_n5': ' (R , N , E)'}, 'M_n6': {}, 'R_n5': {'L_n7': ' (L , O , O)'}, 'L_n7': {}}
[10:45:30] [Controller] -> --CURRENT NODE: [ Name: L_n7, Type: Type.OBSERVED, Action: 180.0, Parent: R_n5, Left: None, Mid: None, Right: None ]
[10:45:30] [Controller] -> --(STATE, POSITION): (State.RUNNING, Position.JUNCTION)
[10:45:30] [Controller] -> --Available actions: [<Command.RUN: 1>]
[10:45:30] [Controller] -> --Performing action: Command.RUN

[10:45:30] [Controller] ->  ~~~ [ACTION TIME] ~~~ 
[10:45:30] [Controller] ->  ** COMMAND RUN ** 
[10:45:30] [Controller] -> --(STATE, POSITION): (State.RUNNING, Position.JUNCTION)

[10:45:30] [Controller] -> !!! NEW ALGORTHM CYCLE !!!
[10:45:30] [Controller] -> --MODE: Mode.EXPLORING
[10:45:30] [Controller] -> --CURRENT NODE: [ Name: L_n7, Type: Type.OBSERVED, Action: 180.0, Parent: R_n5, Left: None, Mid: None, Right: None ]
[10:45:30] [Controller] -> --ACTIONS: [<Command.RUN: 1>]
[10:45:30] [Controller] -> --CURRENT TREE:
[10:45:30] -> {'root': {'M_n1': ' (M , N , E )'}, 'M_n1': {'L_n2': ' (L , O , E)'}, 'L_n2': {'L_n3': ' (L , S , O)', 'M_n4': ' (M , O , E )'}, 'L_n3': {}, 'M_n4': {'M_n6': ' (M , O , O )', 'R_n5': ' (R , N , E)'}, 'M_n6': {}, 'R_n5': {'L_n7': ' (L , O , O)'}, 'L_n7': {}}
[10:45:30] [Controller] -> --CURRENT NODE: [ Name: L_n7, Type: Type.OBSERVED, Action: 180.0, Parent: R_n5, Left: None, Mid: None, Right: None ]
[10:45:30] [Controller] -> --(STATE, POSITION): (State.RUNNING, Position.CORRIDOR)
[10:45:30] [Controller] -> --Available actions: [<Command.RUN: 1>]
[10:45:30] [Controller] -> --Performing action: Command.RUN

[10:45:30] [Controller] ->  ~~~ [ACTION TIME] ~~~ 
[10:45:30] [Controller] ->  ** COMMAND RUN ** 
[10:45:30] [Controller] -> --(STATE, POSITION): (State.RUNNING, Position.CORRIDOR)

[10:45:31] [Controller] -> !!! NEW ALGORTHM CYCLE !!!
[10:45:31] [Controller] -> --MODE: Mode.EXPLORING
[10:45:31] [Controller] -> --CURRENT NODE: [ Name: L_n7, Type: Type.OBSERVED, Action: 180.0, Parent: R_n5, Left: None, Mid: None, Right: None ]
[10:45:31] [Controller] -> --ACTIONS: [<Command.RUN: 1>]
[10:45:31] [Controller] -> --CURRENT TREE:
[10:45:31] -> {'root': {'M_n1': ' (M , N , E )'}, 'M_n1': {'L_n2': ' (L , O , E)'}, 'L_n2': {'L_n3': ' (L , S , O)', 'M_n4': ' (M , O , E )'}, 'L_n3': {}, 'M_n4': {'M_n6': ' (M , O , O )', 'R_n5': ' (R , N , E)'}, 'M_n6': {}, 'R_n5': {'L_n7': ' (L , O , O)'}, 'L_n7': {}}
[10:45:31] [Controller] -> --CURRENT NODE: [ Name: L_n7, Type: Type.OBSERVED, Action: 180.0, Parent: R_n5, Left: None, Mid: None, Right: None ]
[10:45:31] [Controller] -> --(STATE, POSITION): (State.RUNNING, Position.CORRIDOR)
[10:45:31] [Controller] -> --Available actions: [<Command.RUN: 1>]
[10:45:31] [Controller] -> --Performing action: Command.RUN

[10:45:31] [Controller] ->  ~~~ [ACTION TIME] ~~~ 
[10:45:31] [Controller] ->  ** COMMAND RUN ** 
[10:45:31] [Controller] -> --(STATE, POSITION): (State.RUNNING, Position.CORRIDOR)

[10:45:31] [Controller] -> !!! NEW ALGORTHM CYCLE !!!
[10:45:31] [Controller] -> --MODE: Mode.EXPLORING
[10:45:31] [Controller] -> --CURRENT NODE: [ Name: L_n7, Type: Type.OBSERVED, Action: 180.0, Parent: R_n5, Left: None, Mid: None, Right: None ]
[10:45:31] [Controller] -> --ACTIONS: [<Command.RUN: 1>]
[10:45:31] [Controller] -> --CURRENT TREE:
[10:45:31] -> {'root': {'M_n1': ' (M , N , E )'}, 'M_n1': {'L_n2': ' (L , O , E)'}, 'L_n2': {'L_n3': ' (L , S , O)', 'M_n4': ' (M , O , E )'}, 'L_n3': {}, 'M_n4': {'M_n6': ' (M , O , O )', 'R_n5': ' (R , N , E)'}, 'M_n6': {}, 'R_n5': {'L_n7': ' (L , O , O)'}, 'L_n7': {}}
[10:45:31] [Controller] -> --CURRENT NODE: [ Name: L_n7, Type: Type.OBSERVED, Action: 180.0, Parent: R_n5, Left: None, Mid: None, Right: None ]
[10:45:31] [Controller] -> --(STATE, POSITION): (State.RUNNING, Position.CORRIDOR)
[10:45:31] [Controller] -> --Available actions: [<Command.RUN: 1>]
[10:45:31] [Controller] -> --Performing action: Command.RUN

[10:45:31] [Controller] ->  ~~~ [ACTION TIME] ~~~ 
[10:45:31] [Controller] ->  ** COMMAND RUN ** 
[10:45:31] [Controller] -> --(STATE, POSITION): (State.RUNNING, Position.CORRIDOR)

[10:45:31] [Controller] -> !!! NEW ALGORTHM CYCLE !!!
[10:45:31] [Controller] -> --MODE: Mode.EXPLORING
[10:45:31] [Controller] -> --CURRENT NODE: [ Name: L_n7, Type: Type.OBSERVED, Action: 180.0, Parent: R_n5, Left: None, Mid: None, Right: None ]
[10:45:31] [Controller] -> --ACTIONS: [<Command.RUN: 1>]
[10:45:31] [Controller] -> --CURRENT TREE:
[10:45:31] -> {'root': {'M_n1': ' (M , N , E )'}, 'M_n1': {'L_n2': ' (L , O , E)'}, 'L_n2': {'L_n3': ' (L , S , O)', 'M_n4': ' (M , O , E )'}, 'L_n3': {}, 'M_n4': {'M_n6': ' (M , O , O )', 'R_n5': ' (R , N , E)'}, 'M_n6': {}, 'R_n5': {'L_n7': ' (L , O , O)'}, 'L_n7': {}}
[10:45:31] [Controller] -> --CURRENT NODE: [ Name: L_n7, Type: Type.OBSERVED, Action: 180.0, Parent: R_n5, Left: None, Mid: None, Right: None ]
[10:45:31] [Controller] -> --(STATE, POSITION): (State.RUNNING, Position.CORRIDOR)
[10:45:31] [Controller] -> --Available actions: [<Command.RUN: 1>]
[10:45:31] [Controller] -> --Performing action: Command.RUN

[10:45:31] [Controller] ->  ~~~ [ACTION TIME] ~~~ 
[10:45:31] [Controller] ->  ** COMMAND RUN ** 
[10:45:31] [Controller] -> --(STATE, POSITION): (State.RUNNING, Position.CORRIDOR)

[10:45:32] [Controller] -> !!! NEW ALGORTHM CYCLE !!!
[10:45:32] [Controller] -> --MODE: Mode.EXPLORING
[10:45:32] [Controller] -> --CURRENT NODE: [ Name: L_n7, Type: Type.OBSERVED, Action: 180.0, Parent: R_n5, Left: None, Mid: None, Right: None ]
[10:45:32] [Controller] -> --ACTIONS: [<Command.RUN: 1>]
[10:45:32] [Controller] -> --CURRENT TREE:
[10:45:32] -> {'root': {'M_n1': ' (M , N , E )'}, 'M_n1': {'L_n2': ' (L , O , E)'}, 'L_n2': {'L_n3': ' (L , S , O)', 'M_n4': ' (M , O , E )'}, 'L_n3': {}, 'M_n4': {'M_n6': ' (M , O , O )', 'R_n5': ' (R , N , E)'}, 'M_n6': {}, 'R_n5': {'L_n7': ' (L , O , O)'}, 'L_n7': {}}
[10:45:32] [Controller] -> --CURRENT NODE: [ Name: L_n7, Type: Type.OBSERVED, Action: 180.0, Parent: R_n5, Left: None, Mid: None, Right: None ]
[10:45:32] [Controller] -> --(STATE, POSITION): (State.RUNNING, Position.CORRIDOR)
[10:45:32] [Controller] -> --Available actions: [<Command.RUN: 1>]
[10:45:32] [Controller] -> --Performing action: Command.RUN

[10:45:32] [Controller] ->  ~~~ [ACTION TIME] ~~~ 
[10:45:32] [Controller] ->  ** COMMAND RUN ** 
[10:45:32] [Controller] -> --(STATE, POSITION): (State.RUNNING, Position.CORRIDOR)

[10:45:32] [Controller] -> !!! NEW ALGORTHM CYCLE !!!
[10:45:32] [Controller] -> --MODE: Mode.EXPLORING
[10:45:32] [Controller] -> --CURRENT NODE: [ Name: L_n7, Type: Type.OBSERVED, Action: 180.0, Parent: R_n5, Left: None, Mid: None, Right: None ]
[10:45:32] [Controller] -> --ACTIONS: [<Command.RUN: 1>]
[10:45:32] [Controller] -> --CURRENT TREE:
[10:45:32] -> {'root': {'M_n1': ' (M , N , E )'}, 'M_n1': {'L_n2': ' (L , O , E)'}, 'L_n2': {'L_n3': ' (L , S , O)', 'M_n4': ' (M , O , E )'}, 'L_n3': {}, 'M_n4': {'M_n6': ' (M , O , O )', 'R_n5': ' (R , N , E)'}, 'M_n6': {}, 'R_n5': {'L_n7': ' (L , O , O)'}, 'L_n7': {}}
[10:45:32] [Controller] -> --CURRENT NODE: [ Name: L_n7, Type: Type.OBSERVED, Action: 180.0, Parent: R_n5, Left: None, Mid: None, Right: None ]
[10:45:32] [Controller] -> --(STATE, POSITION): (State.RUNNING, Position.CORRIDOR)
[10:45:32] [Controller] -> --Available actions: [<Command.RUN: 1>]
[10:45:32] [Controller] -> --Performing action: Command.RUN

[10:45:32] [Controller] ->  ~~~ [ACTION TIME] ~~~ 
[10:45:32] [Controller] ->  ** COMMAND RUN ** 
[10:45:32] [Controller] -> --(STATE, POSITION): (State.RUNNING, Position.CORRIDOR)

[10:45:32] [Controller] -> !!! NEW ALGORTHM CYCLE !!!
[10:45:32] [Controller] -> --MODE: Mode.EXPLORING
[10:45:32] [Controller] -> --CURRENT NODE: [ Name: L_n7, Type: Type.OBSERVED, Action: 180.0, Parent: R_n5, Left: None, Mid: None, Right: None ]
[10:45:32] [Controller] -> --ACTIONS: [<Command.GO_TO_JUNCTION: 3>]
[10:45:32] [Controller] -> --CURRENT TREE:
[10:45:32] -> {'root': {'M_n1': ' (M , N , E )'}, 'M_n1': {'L_n2': ' (L , O , E)'}, 'L_n2': {'L_n3': ' (L , S , O)', 'M_n4': ' (M , O , E )'}, 'L_n3': {}, 'M_n4': {'M_n6': ' (M , O , O )', 'R_n5': ' (R , N , E)'}, 'M_n6': {}, 'R_n5': {'L_n7': ' (L , O , O)'}, 'L_n7': {}}
[10:45:32] [Controller] -> --CURRENT NODE: [ Name: L_n7, Type: Type.OBSERVED, Action: 180.0, Parent: R_n5, Left: None, Mid: None, Right: None ]
[10:45:32] [Controller] -> --(STATE, POSITION): (State.RUNNING, Position.CORRIDOR)
[10:45:32] [Controller] -> --Available actions: [<Command.GO_TO_JUNCTION: 3>]
[10:45:32] [Controller] -> --Performing action: Command.GO_TO_JUNCTION

[10:45:32] [Controller] ->  ~~~ [ACTION TIME] ~~~ 
[10:45:32] [Controller] ->  ** JOINING THE JUNCTION ** 
[10:45:33] [Controller] ->  ** STATE SENSING ARISE ** 
[10:45:33] [PhysicalBody] -> Coppelia connection stopped!

